[2022-06-11 22:45:38.739] [exthost] [info] Extension host with pid 9374 started
[2022-06-11 22:45:39.090] [exthost] [info] ExtensionService#_doActivateExtension vscode.microsoft-authentication, startup: false, activationEvent: 'onAuthenticationRequest:microsoft'
[2022-06-11 22:45:39.330] [exthost] [info] ExtensionService#_doActivateExtension vscode.debug-auto-launch, startup: true, activationEvent: '*'
[2022-06-11 22:45:39.361] [exthost] [info] ExtensionService#_doActivateExtension vscode.git-base, startup: true, activationEvent: '*', root cause: vscode.git
[2022-06-11 22:45:39.377] [exthost] [info] ExtensionService#_doActivateExtension vscode.ipynb, startup: true, activationEvent: '*'
[2022-06-11 22:45:39.586] [exthost] [info] ExtensionService#_doActivateExtension vscode.git, startup: true, activationEvent: '*'
[2022-06-11 22:45:39.715] [exthost] [info] ExtensionService#_doActivateExtension vscode.github, startup: true, activationEvent: '*'
[2022-06-11 22:45:39.868] [exthost] [info] Eager extensions activated
[2022-06-11 22:45:39.932] [exthost] [info] ExtensionService#_doActivateExtension vscode.github-authentication, startup: false, activationEvent: 'onAuthenticationRequest:github'
[2022-06-11 22:45:40.021] [exthost] [info] ExtensionService#_doActivateExtension vscode.emmet, startup: false, activationEvent: 'onStartupFinished'
[2022-06-11 22:45:40.046] [exthost] [info] ExtensionService#_doActivateExtension vscode.merge-conflict, startup: false, activationEvent: 'onStartupFinished'
[2022-06-11 22:46:57.281] [exthost] [info] Extension host terminating: received terminate message from renderer
[2022-06-11 22:46:57.291] [exthost] [info] Extension host with pid 9374 exiting with code 0
[2022-06-11 22:47:00.141] [exthost] [info] Extension host with pid 9501 started
[2022-06-11 22:47:00.141] [exthost] [info] Skipping acquiring lock for /home/virtuoso/Programming/UWT/DB/Language_Website/~/.vscoderoot/User/workspaceStorage/fa55084ec78497350487bf6930c26d8d.
[2022-06-11 22:47:00.329] [exthost] [info] ExtensionService#_doActivateExtension vscode.microsoft-authentication, startup: false, activationEvent: 'onAuthenticationRequest:microsoft'
[2022-06-11 22:47:00.352] [exthost] [info] ExtensionService#_doActivateExtension vscode.debug-auto-launch, startup: true, activationEvent: '*'
[2022-06-11 22:47:00.354] [exthost] [info] ExtensionService#_doActivateExtension vscode.git-base, startup: true, activationEvent: '*'
[2022-06-11 22:47:00.357] [exthost] [info] ExtensionService#_doActivateExtension vscode.ipynb, startup: true, activationEvent: '*'
[2022-06-11 22:47:00.363] [exthost] [info] ExtensionService#_doActivateExtension vscode.npm, startup: true, activationEvent: 'workspaceContains:package.json'
[2022-06-11 22:47:00.485] [exthost] [info] ExtensionService#_doActivateExtension vscode.github, startup: true, activationEvent: '*'
[2022-06-11 22:47:00.582] [exthost] [info] ExtensionService#_doActivateExtension vscode.github-authentication, startup: false, activationEvent: 'onAuthenticationRequest:github'
[2022-06-11 22:47:00.670] [exthost] [info] Eager extensions activated
[2022-06-11 22:47:00.683] [exthost] [info] ExtensionService#_doActivateExtension vscode.emmet, startup: false, activationEvent: 'onStartupFinished'
[2022-06-11 22:47:00.690] [exthost] [info] ExtensionService#_doActivateExtension vscode.merge-conflict, startup: false, activationEvent: 'onStartupFinished'
[2022-06-11 22:47:16.964] [exthost] [info] ExtensionService#_doActivateExtension vscode.git, startup: false, activationEvent: 'api', root cause: vscode.github
[2022-06-11 22:47:17.177] [exthost] [warning] [Decorations] CAPPING events from decorations provider vscode.git 434
[2022-06-11 22:47:19.446] [exthost] [warning] [Decorations] CAPPING events from decorations provider vscode.git 434
[2022-06-11 22:47:24.528] [exthost] [warning] [Decorations] CAPPING events from decorations provider vscode.git 434
[2022-06-11 22:47:29.592] [exthost] [warning] [Decorations] CAPPING events from decorations provider vscode.git 434
[2022-06-11 22:47:34.672] [exthost] [warning] [Decorations] CAPPING events from decorations provider vscode.git 434
[2022-06-11 22:47:39.753] [exthost] [warning] [Decorations] CAPPING events from decorations provider vscode.git 434
[2022-06-11 22:47:44.834] [exthost] [warning] [Decorations] CAPPING events from decorations provider vscode.git 434
[2022-06-11 22:47:49.922] [exthost] [warning] [Decorations] CAPPING events from decorations provider vscode.git 434
[2022-06-11 22:47:55.011] [exthost] [warning] [Decorations] CAPPING events from decorations provider vscode.git 434
[2022-06-11 22:48:00.131] [exthost] [warning] [Decorations] CAPPING events from decorations provider vscode.git 434
[2022-06-11 22:48:05.221] [exthost] [warning] [Decorations] CAPPING events from decorations provider vscode.git 434
[2022-06-11 22:48:10.292] [exthost] [warning] [Decorations] CAPPING events from decorations provider vscode.git 434
[2022-06-11 22:56:48.363] [exthost] [warning] [Decorations] CAPPING events from decorations provider vscode.git 434
[2022-06-11 23:55:14.485] [exthost] [warning] [Decorations] CAPPING events from decorations provider vscode.git 436
[2022-06-11 23:55:19.564] [exthost] [warning] [Decorations] CAPPING events from decorations provider vscode.git 436
[2022-06-11 23:55:24.658] [exthost] [warning] [Decorations] CAPPING events from decorations provider vscode.git 436
[2022-06-11 23:55:29.722] [exthost] [warning] [Decorations] CAPPING events from decorations provider vscode.git 436
[2022-06-11 23:55:34.828] [exthost] [warning] [Decorations] CAPPING events from decorations provider vscode.git 436
[2022-06-11 23:55:37.830] [exthost] [info] ExtensionService#_doActivateExtension vscode.typescript-language-features, startup: false, activationEvent: 'onLanguage:javascript'
[2022-06-11 23:55:37.997] [exthost] [info] ExtensionService#_doActivateExtension VisualStudioExptTeam.vscodeintellicode, startup: false, activationEvent: 'onLanguage:javascript'
[2022-06-11 23:55:39.977] [exthost] [warning] [Decorations] CAPPING events from decorations provider vscode.git 438
[2022-06-11 23:55:45.090] [exthost] [warning] [Decorations] CAPPING events from decorations provider vscode.git 438
[2022-06-11 23:55:45.753] [exthost] [info] ExtensionService#_doActivateExtension vscode.configuration-editing, startup: false, activationEvent: 'onLanguage:json'
[2022-06-11 23:55:45.766] [exthost] [info] ExtensionService#_doActivateExtension vscode.extension-editing, startup: false, activationEvent: 'onLanguage:json'
[2022-06-11 23:55:45.854] [exthost] [info] ExtensionService#_doActivateExtension vscode.json-language-features, startup: false, activationEvent: 'onLanguage:json'
[2022-06-11 23:55:50.206] [exthost] [warning] [Decorations] CAPPING events from decorations provider vscode.git 441
[2022-06-11 23:55:55.331] [exthost] [warning] [Decorations] CAPPING events from decorations provider vscode.git 443
[2022-06-11 23:56:00.423] [exthost] [warning] [Decorations] CAPPING events from decorations provider vscode.git 444
[2022-06-11 23:56:05.510] [exthost] [warning] [Decorations] CAPPING events from decorations provider vscode.git 444
[2022-06-11 23:56:10.607] [exthost] [warning] [Decorations] CAPPING events from decorations provider vscode.git 444
[2022-06-11 23:56:15.691] [exthost] [warning] [Decorations] CAPPING events from decorations provider vscode.git 445
[2022-06-11 23:56:20.767] [exthost] [warning] [Decorations] CAPPING events from decorations provider vscode.git 445
[2022-06-11 23:56:25.869] [exthost] [warning] [Decorations] CAPPING events from decorations provider vscode.git 445
[2022-06-11 23:56:30.952] [exthost] [warning] [Decorations] CAPPING events from decorations provider vscode.git 444
[2022-06-11 23:56:36.042] [exthost] [warning] [Decorations] CAPPING events from decorations provider vscode.git 444
[2022-06-11 23:56:41.134] [exthost] [warning] [Decorations] CAPPING events from decorations provider vscode.git 444
[2022-06-11 23:56:46.251] [exthost] [warning] [Decorations] CAPPING events from decorations provider vscode.git 444
[2022-06-11 23:56:51.385] [exthost] [warning] [Decorations] CAPPING events from decorations provider vscode.git 444
[2022-06-11 23:56:56.464] [exthost] [warning] [Decorations] CAPPING events from decorations provider vscode.git 444
[2022-06-11 23:57:01.540] [exthost] [warning] [Decorations] CAPPING events from decorations provider vscode.git 444
[2022-06-11 23:57:06.652] [exthost] [warning] [Decorations] CAPPING events from decorations provider vscode.git 444
[2022-06-11 23:57:11.736] [exthost] [warning] [Decorations] CAPPING events from decorations provider vscode.git 444
[2022-06-11 23:57:16.824] [exthost] [warning] [Decorations] CAPPING events from decorations provider vscode.git 444
[2022-06-11 23:57:21.921] [exthost] [warning] [Decorations] CAPPING events from decorations provider vscode.git 445
[2022-06-11 23:57:27.009] [exthost] [warning] [Decorations] CAPPING events from decorations provider vscode.git 445
[2022-06-11 23:57:32.087] [exthost] [warning] [Decorations] CAPPING events from decorations provider vscode.git 445
[2022-06-11 23:57:37.199] [exthost] [warning] [Decorations] CAPPING events from decorations provider vscode.git 445
[2022-06-11 23:57:42.282] [exthost] [warning] [Decorations] CAPPING events from decorations provider vscode.git 445
[2022-06-11 23:57:47.359] [exthost] [warning] [Decorations] CAPPING events from decorations provider vscode.git 445
[2022-06-11 23:57:52.476] [exthost] [warning] [Decorations] CAPPING events from decorations provider vscode.git 445
[2022-06-11 23:57:57.573] [exthost] [warning] [Decorations] CAPPING events from decorations provider vscode.git 445
[2022-06-11 23:58:02.669] [exthost] [warning] [Decorations] CAPPING events from decorations provider vscode.git 445
[2022-06-11 23:58:07.764] [exthost] [warning] [Decorations] CAPPING events from decorations provider vscode.git 445
[2022-06-11 23:58:12.872] [exthost] [warning] [Decorations] CAPPING events from decorations provider vscode.git 445
[2022-06-11 23:58:17.994] [exthost] [warning] [Decorations] CAPPING events from decorations provider vscode.git 445
[2022-06-11 23:58:23.074] [exthost] [warning] [Decorations] CAPPING events from decorations provider vscode.git 445
[2022-06-11 23:58:28.161] [exthost] [warning] [Decorations] CAPPING events from decorations provider vscode.git 445
[2022-06-11 23:58:33.244] [exthost] [warning] [Decorations] CAPPING events from decorations provider vscode.git 445
[2022-06-11 23:58:38.318] [exthost] [warning] [Decorations] CAPPING events from decorations provider vscode.git 445
[2022-06-11 23:58:43.411] [exthost] [warning] [Decorations] CAPPING events from decorations provider vscode.git 445
[2022-06-11 23:58:48.493] [exthost] [warning] [Decorations] CAPPING events from decorations provider vscode.git 446
[2022-06-11 23:58:53.573] [exthost] [warning] [Decorations] CAPPING events from decorations provider vscode.git 445
[2022-06-11 23:58:58.653] [exthost] [warning] [Decorations] CAPPING events from decorations provider vscode.git 445
[2022-06-11 23:59:03.771] [exthost] [warning] [Decorations] CAPPING events from decorations provider vscode.git 445
[2022-06-11 23:59:08.849] [exthost] [warning] [Decorations] CAPPING events from decorations provider vscode.git 445
[2022-06-11 23:59:13.942] [exthost] [warning] [Decorations] CAPPING events from decorations provider vscode.git 446
[2022-06-11 23:59:19.052] [exthost] [warning] [Decorations] CAPPING events from decorations provider vscode.git 446
[2022-06-11 23:59:24.138] [exthost] [warning] [Decorations] CAPPING events from decorations provider vscode.git 446
[2022-06-11 23:59:29.232] [exthost] [warning] [Decorations] CAPPING events from decorations provider vscode.git 446
[2022-06-11 23:59:34.362] [exthost] [warning] [Decorations] CAPPING events from decorations provider vscode.git 446
[2022-06-11 23:59:39.454] [exthost] [warning] [Decorations] CAPPING events from decorations provider vscode.git 446
[2022-06-11 23:59:44.535] [exthost] [warning] [Decorations] CAPPING events from decorations provider vscode.git 446
[2022-06-11 23:59:49.641] [exthost] [warning] [Decorations] CAPPING events from decorations provider vscode.git 446
[2022-06-11 23:59:54.718] [exthost] [warning] [Decorations] CAPPING events from decorations provider vscode.git 446
[2022-06-11 23:59:59.825] [exthost] [warning] [Decorations] CAPPING events from decorations provider vscode.git 446
[2022-06-12 00:00:04.902] [exthost] [warning] [Decorations] CAPPING events from decorations provider vscode.git 446
[2022-06-12 00:00:10.004] [exthost] [warning] [Decorations] CAPPING events from decorations provider vscode.git 446
[2022-06-12 00:00:15.144] [exthost] [warning] [Decorations] CAPPING events from decorations provider vscode.git 446
[2022-06-12 00:00:20.230] [exthost] [warning] [Decorations] CAPPING events from decorations provider vscode.git 446
[2022-06-12 00:00:25.339] [exthost] [warning] [Decorations] CAPPING events from decorations provider vscode.git 446
[2022-06-12 00:00:30.421] [exthost] [warning] [Decorations] CAPPING events from decorations provider vscode.git 446
[2022-06-12 00:00:35.498] [exthost] [warning] [Decorations] CAPPING events from decorations provider vscode.git 446
[2022-06-12 00:00:40.599] [exthost] [warning] [Decorations] CAPPING events from decorations provider vscode.git 446
[2022-06-12 00:00:45.722] [exthost] [warning] [Decorations] CAPPING events from decorations provider vscode.git 446
[2022-06-12 00:00:50.811] [exthost] [warning] [Decorations] CAPPING events from decorations provider vscode.git 446
[2022-06-12 00:00:55.910] [exthost] [warning] [Decorations] CAPPING events from decorations provider vscode.git 446
[2022-06-12 00:01:01.011] [exthost] [warning] [Decorations] CAPPING events from decorations provider vscode.git 446
[2022-06-12 00:01:06.150] [exthost] [warning] [Decorations] CAPPING events from decorations provider vscode.git 446
[2022-06-12 00:01:11.230] [exthost] [warning] [Decorations] CAPPING events from decorations provider vscode.git 446
[2022-06-12 00:01:16.311] [exthost] [warning] [Decorations] CAPPING events from decorations provider vscode.git 446
[2022-06-12 00:01:21.400] [exthost] [warning] [Decorations] CAPPING events from decorations provider vscode.git 446
[2022-06-12 00:01:26.479] [exthost] [warning] [Decorations] CAPPING events from decorations provider vscode.git 446
[2022-06-12 00:01:31.569] [exthost] [warning] [Decorations] CAPPING events from decorations provider vscode.git 446
[2022-06-12 00:01:36.679] [exthost] [warning] [Decorations] CAPPING events from decorations provider vscode.git 446
[2022-06-12 00:01:41.764] [exthost] [warning] [Decorations] CAPPING events from decorations provider vscode.git 446
[2022-06-12 00:01:46.903] [exthost] [warning] [Decorations] CAPPING events from decorations provider vscode.git 446
[2022-06-12 00:01:51.989] [exthost] [warning] [Decorations] CAPPING events from decorations provider vscode.git 446
[2022-06-12 00:01:57.084] [exthost] [warning] [Decorations] CAPPING events from decorations provider vscode.git 446
[2022-06-12 00:02:02.208] [exthost] [warning] [Decorations] CAPPING events from decorations provider vscode.git 446
[2022-06-12 00:02:07.318] [exthost] [warning] [Decorations] CAPPING events from decorations provider vscode.git 446
[2022-06-12 00:02:12.406] [exthost] [warning] [Decorations] CAPPING events from decorations provider vscode.git 446
[2022-06-12 00:02:17.483] [exthost] [warning] [Decorations] CAPPING events from decorations provider vscode.git 446
[2022-06-12 00:02:22.563] [exthost] [warning] [Decorations] CAPPING events from decorations provider vscode.git 446
[2022-06-12 00:02:27.646] [exthost] [warning] [Decorations] CAPPING events from decorations provider vscode.git 446
[2022-06-12 00:02:32.724] [exthost] [warning] [Decorations] CAPPING events from decorations provider vscode.git 446
[2022-06-12 00:02:37.811] [exthost] [warning] [Decorations] CAPPING events from decorations provider vscode.git 446
[2022-06-12 00:02:42.905] [exthost] [warning] [Decorations] CAPPING events from decorations provider vscode.git 446
[2022-06-12 00:02:48.037] [exthost] [warning] [Decorations] CAPPING events from decorations provider vscode.git 446
[2022-06-12 00:02:53.107] [exthost] [warning] [Decorations] CAPPING events from decorations provider vscode.git 446
[2022-06-12 00:02:58.182] [exthost] [warning] [Decorations] CAPPING events from decorations provider vscode.git 446
[2022-06-12 00:03:03.261] [exthost] [warning] [Decorations] CAPPING events from decorations provider vscode.git 446
[2022-06-12 00:03:08.416] [exthost] [warning] [Decorations] CAPPING events from decorations provider vscode.git 446
[2022-06-12 00:03:13.530] [exthost] [warning] [Decorations] CAPPING events from decorations provider vscode.git 446
[2022-06-12 00:03:18.606] [exthost] [warning] [Decorations] CAPPING events from decorations provider vscode.git 446
[2022-06-12 00:03:23.680] [exthost] [warning] [Decorations] CAPPING events from decorations provider vscode.git 446
[2022-06-12 00:03:28.813] [exthost] [warning] [Decorations] CAPPING events from decorations provider vscode.git 446
[2022-06-12 00:03:33.928] [exthost] [warning] [Decorations] CAPPING events from decorations provider vscode.git 446
[2022-06-12 00:03:39.039] [exthost] [warning] [Decorations] CAPPING events from decorations provider vscode.git 446
[2022-06-12 00:03:44.138] [exthost] [warning] [Decorations] CAPPING events from decorations provider vscode.git 446
[2022-06-12 00:03:49.227] [exthost] [warning] [Decorations] CAPPING events from decorations provider vscode.git 447
[2022-06-12 00:03:54.332] [exthost] [warning] [Decorations] CAPPING events from decorations provider vscode.git 446
[2022-06-12 00:03:59.431] [exthost] [warning] [Decorations] CAPPING events from decorations provider vscode.git 446
[2022-06-12 00:04:04.565] [exthost] [warning] [Decorations] CAPPING events from decorations provider vscode.git 446
[2022-06-12 00:04:09.661] [exthost] [warning] [Decorations] CAPPING events from decorations provider vscode.git 447
[2022-06-12 00:04:14.759] [exthost] [warning] [Decorations] CAPPING events from decorations provider vscode.git 447
[2022-06-12 00:04:19.834] [exthost] [warning] [Decorations] CAPPING events from decorations provider vscode.git 447
[2022-06-12 00:04:24.926] [exthost] [warning] [Decorations] CAPPING events from decorations provider vscode.git 447
[2022-06-12 00:04:30.012] [exthost] [warning] [Decorations] CAPPING events from decorations provider vscode.git 447
[2022-06-12 00:04:35.092] [exthost] [warning] [Decorations] CAPPING events from decorations provider vscode.git 447
[2022-06-12 00:04:40.196] [exthost] [warning] [Decorations] CAPPING events from decorations provider vscode.git 447
[2022-06-12 00:04:45.270] [exthost] [warning] [Decorations] CAPPING events from decorations provider vscode.git 447
[2022-06-12 00:04:50.350] [exthost] [warning] [Decorations] CAPPING events from decorations provider vscode.git 447
[2022-06-12 00:04:55.453] [exthost] [warning] [Decorations] CAPPING events from decorations provider vscode.git 447
[2022-06-12 00:05:00.560] [exthost] [warning] [Decorations] CAPPING events from decorations provider vscode.git 447
[2022-06-12 00:05:05.645] [exthost] [warning] [Decorations] CAPPING events from decorations provider vscode.git 447
[2022-06-12 00:05:10.787] [exthost] [warning] [Decorations] CAPPING events from decorations provider vscode.git 447
[2022-06-12 00:05:15.867] [exthost] [warning] [Decorations] CAPPING events from decorations provider vscode.git 447
[2022-06-12 00:05:20.951] [exthost] [warning] [Decorations] CAPPING events from decorations provider vscode.git 447
[2022-06-12 00:05:26.027] [exthost] [warning] [Decorations] CAPPING events from decorations provider vscode.git 447
[2022-06-12 00:05:31.117] [exthost] [warning] [Decorations] CAPPING events from decorations provider vscode.git 447
[2022-06-12 00:06:57.556] [exthost] [warning] [Decorations] CAPPING events from decorations provider vscode.git 447
[2022-06-12 00:07:02.647] [exthost] [warning] [Decorations] CAPPING events from decorations provider vscode.git 447
[2022-06-12 00:07:07.726] [exthost] [warning] [Decorations] CAPPING events from decorations provider vscode.git 447
[2022-06-12 00:07:12.825] [exthost] [warning] [Decorations] CAPPING events from decorations provider vscode.git 447
[2022-06-12 00:07:17.916] [exthost] [warning] [Decorations] CAPPING events from decorations provider vscode.git 447
[2022-06-12 00:07:23.005] [exthost] [warning] [Decorations] CAPPING events from decorations provider vscode.git 447
[2022-06-12 00:07:28.089] [exthost] [warning] [Decorations] CAPPING events from decorations provider vscode.git 447
[2022-06-12 00:07:33.173] [exthost] [warning] [Decorations] CAPPING events from decorations provider vscode.git 447
[2022-06-12 00:07:38.261] [exthost] [warning] [Decorations] CAPPING events from decorations provider vscode.git 447
[2022-06-12 00:07:43.402] [exthost] [warning] [Decorations] CAPPING events from decorations provider vscode.git 447
[2022-06-12 00:07:48.516] [exthost] [warning] [Decorations] CAPPING events from decorations provider vscode.git 447
[2022-06-12 00:07:53.611] [exthost] [warning] [Decorations] CAPPING events from decorations provider vscode.git 447
[2022-06-12 00:07:58.706] [exthost] [warning] [Decorations] CAPPING events from decorations provider vscode.git 447
[2022-06-12 00:08:03.782] [exthost] [warning] [Decorations] CAPPING events from decorations provider vscode.git 447
[2022-06-12 00:08:08.872] [exthost] [warning] [Decorations] CAPPING events from decorations provider vscode.git 447
[2022-06-12 00:08:13.951] [exthost] [warning] [Decorations] CAPPING events from decorations provider vscode.git 447
[2022-06-12 00:08:19.051] [exthost] [warning] [Decorations] CAPPING events from decorations provider vscode.git 447
[2022-06-12 00:08:24.140] [exthost] [warning] [Decorations] CAPPING events from decorations provider vscode.git 447
[2022-06-12 00:08:29.242] [exthost] [warning] [Decorations] CAPPING events from decorations provider vscode.git 447
[2022-06-12 00:08:34.333] [exthost] [warning] [Decorations] CAPPING events from decorations provider vscode.git 447
[2022-06-12 00:08:39.423] [exthost] [warning] [Decorations] CAPPING events from decorations provider vscode.git 447
[2022-06-12 00:08:44.519] [exthost] [warning] [Decorations] CAPPING events from decorations provider vscode.git 447
[2022-06-12 00:08:49.612] [exthost] [warning] [Decorations] CAPPING events from decorations provider vscode.git 448
[2022-06-12 00:08:54.685] [exthost] [warning] [Decorations] CAPPING events from decorations provider vscode.git 448
[2022-06-12 00:08:59.761] [exthost] [warning] [Decorations] CAPPING events from decorations provider vscode.git 448
[2022-06-12 00:09:53.788] [exthost] [warning] [Decorations] CAPPING events from decorations provider vscode.git 448
[2022-06-12 00:09:58.875] [exthost] [warning] [Decorations] CAPPING events from decorations provider vscode.git 448
[2022-06-12 00:10:03.970] [exthost] [warning] [Decorations] CAPPING events from decorations provider vscode.git 448
[2022-06-12 00:10:09.124] [exthost] [warning] [Decorations] CAPPING events from decorations provider vscode.git 448
[2022-06-12 00:10:14.222] [exthost] [warning] [Decorations] CAPPING events from decorations provider vscode.git 448
[2022-06-12 00:10:19.326] [exthost] [warning] [Decorations] CAPPING events from decorations provider vscode.git 448
[2022-06-12 00:10:24.402] [exthost] [warning] [Decorations] CAPPING events from decorations provider vscode.git 448
[2022-06-12 00:10:29.593] [exthost] [warning] [Decorations] CAPPING events from decorations provider vscode.git 448
[2022-06-12 00:10:34.686] [exthost] [warning] [Decorations] CAPPING events from decorations provider vscode.git 448
[2022-06-12 00:10:52.820] [exthost] [warning] [Decorations] CAPPING events from decorations provider vscode.git 448
[2022-06-12 00:10:58.350] [exthost] [warning] [Decorations] CAPPING events from decorations provider vscode.git 448
[2022-06-12 00:11:03.461] [exthost] [warning] [Decorations] CAPPING events from decorations provider vscode.git 448
[2022-06-12 00:11:08.541] [exthost] [warning] [Decorations] CAPPING events from decorations provider vscode.git 448
[2022-06-12 00:11:13.628] [exthost] [warning] [Decorations] CAPPING events from decorations provider vscode.git 448
[2022-06-12 00:11:18.722] [exthost] [warning] [Decorations] CAPPING events from decorations provider vscode.git 448
[2022-06-12 00:11:23.808] [exthost] [warning] [Decorations] CAPPING events from decorations provider vscode.git 448
[2022-06-12 00:11:28.925] [exthost] [warning] [Decorations] CAPPING events from decorations provider vscode.git 448
[2022-06-12 00:11:33.998] [exthost] [warning] [Decorations] CAPPING events from decorations provider vscode.git 448
[2022-06-12 00:11:39.113] [exthost] [warning] [Decorations] CAPPING events from decorations provider vscode.git 448
[2022-06-12 00:11:44.185] [exthost] [warning] [Decorations] CAPPING events from decorations provider vscode.git 448
[2022-06-12 00:11:49.282] [exthost] [warning] [Decorations] CAPPING events from decorations provider vscode.git 448
[2022-06-12 00:11:54.367] [exthost] [warning] [Decorations] CAPPING events from decorations provider vscode.git 448
[2022-06-12 00:11:59.462] [exthost] [warning] [Decorations] CAPPING events from decorations provider vscode.git 448
[2022-06-12 00:12:04.581] [exthost] [warning] [Decorations] CAPPING events from decorations provider vscode.git 450
[2022-06-12 00:20:46.432] [exthost] [warning] [Decorations] CAPPING events from decorations provider vscode.git 454
[2022-06-12 00:20:51.546] [exthost] [warning] [Decorations] CAPPING events from decorations provider vscode.git 454
[2022-06-12 00:20:56.702] [exthost] [warning] [Decorations] CAPPING events from decorations provider vscode.git 454
[2022-06-12 00:21:01.818] [exthost] [warning] [Decorations] CAPPING events from decorations provider vscode.git 454
[2022-06-12 00:21:06.906] [exthost] [warning] [Decorations] CAPPING events from decorations provider vscode.git 454
[2022-06-12 00:21:12.000] [exthost] [warning] [Decorations] CAPPING events from decorations provider vscode.git 455
[2022-06-12 00:21:17.117] [exthost] [warning] [Decorations] CAPPING events from decorations provider vscode.git 455
[2022-06-12 00:21:22.201] [exthost] [warning] [Decorations] CAPPING events from decorations provider vscode.git 455
[2022-06-12 00:21:27.325] [exthost] [warning] [Decorations] CAPPING events from decorations provider vscode.git 455
[2022-06-12 00:21:32.410] [exthost] [warning] [Decorations] CAPPING events from decorations provider vscode.git 455
[2022-06-12 00:21:37.494] [exthost] [warning] [Decorations] CAPPING events from decorations provider vscode.git 455
[2022-06-12 00:21:42.615] [exthost] [warning] [Decorations] CAPPING events from decorations provider vscode.git 455
[2022-06-12 00:21:47.689] [exthost] [warning] [Decorations] CAPPING events from decorations provider vscode.git 455
[2022-06-12 00:21:52.772] [exthost] [warning] [Decorations] CAPPING events from decorations provider vscode.git 455
[2022-06-12 00:21:57.886] [exthost] [warning] [Decorations] CAPPING events from decorations provider vscode.git 455
[2022-06-12 00:22:03.012] [exthost] [warning] [Decorations] CAPPING events from decorations provider vscode.git 455
[2022-06-12 00:22:08.141] [exthost] [warning] [Decorations] CAPPING events from decorations provider vscode.git 456
[2022-06-12 00:22:35.026] [exthost] [warning] [Decorations] CAPPING events from decorations provider vscode.git 455
[2022-06-12 00:22:42.801] [exthost] [warning] [Decorations] CAPPING events from decorations provider vscode.git 455
[2022-06-12 00:22:47.903] [exthost] [warning] [Decorations] CAPPING events from decorations provider vscode.git 455
[2022-06-12 00:22:52.999] [exthost] [warning] [Decorations] CAPPING events from decorations provider vscode.git 455
[2022-06-12 00:22:58.107] [exthost] [warning] [Decorations] CAPPING events from decorations provider vscode.git 455
[2022-06-12 00:23:03.209] [exthost] [warning] [Decorations] CAPPING events from decorations provider vscode.git 455
[2022-06-12 00:23:08.294] [exthost] [warning] [Decorations] CAPPING events from decorations provider vscode.git 455
[2022-06-12 00:23:15.088] [exthost] [warning] [Decorations] CAPPING events from decorations provider vscode.git 455
[2022-06-12 00:23:20.182] [exthost] [warning] [Decorations] CAPPING events from decorations provider vscode.git 455
[2022-06-12 00:23:29.182] [exthost] [warning] [Decorations] CAPPING events from decorations provider vscode.git 456
[2022-06-12 00:23:34.328] [exthost] [warning] [Decorations] CAPPING events from decorations provider vscode.git 456
[2022-06-12 00:23:39.414] [exthost] [warning] [Decorations] CAPPING events from decorations provider vscode.git 456
[2022-06-12 00:23:44.521] [exthost] [warning] [Decorations] CAPPING events from decorations provider vscode.git 456
[2022-06-12 00:23:49.624] [exthost] [warning] [Decorations] CAPPING events from decorations provider vscode.git 456
[2022-06-12 00:23:54.741] [exthost] [warning] [Decorations] CAPPING events from decorations provider vscode.git 456
[2022-06-12 00:23:59.843] [exthost] [warning] [Decorations] CAPPING events from decorations provider vscode.git 456
[2022-06-12 00:24:04.940] [exthost] [warning] [Decorations] CAPPING events from decorations provider vscode.git 456
[2022-06-12 00:24:10.032] [exthost] [warning] [Decorations] CAPPING events from decorations provider vscode.git 456
[2022-06-12 00:24:15.137] [exthost] [warning] [Decorations] CAPPING events from decorations provider vscode.git 456
[2022-06-12 00:24:20.255] [exthost] [warning] [Decorations] CAPPING events from decorations provider vscode.git 456
[2022-06-12 00:24:25.356] [exthost] [warning] [Decorations] CAPPING events from decorations provider vscode.git 459
[2022-06-12 00:24:30.444] [exthost] [warning] [Decorations] CAPPING events from decorations provider vscode.git 458
[2022-06-12 00:24:35.541] [exthost] [warning] [Decorations] CAPPING events from decorations provider vscode.git 458
[2022-06-12 00:24:40.645] [exthost] [warning] [Decorations] CAPPING events from decorations provider vscode.git 458
[2022-06-12 00:24:45.741] [exthost] [warning] [Decorations] CAPPING events from decorations provider vscode.git 458
[2022-06-12 00:24:50.858] [exthost] [warning] [Decorations] CAPPING events from decorations provider vscode.git 458
[2022-06-12 00:24:55.946] [exthost] [warning] [Decorations] CAPPING events from decorations provider vscode.git 459
[2022-06-12 00:25:01.060] [exthost] [warning] [Decorations] CAPPING events from decorations provider vscode.git 459
[2022-06-12 00:25:06.259] [exthost] [warning] [Decorations] CAPPING events from decorations provider vscode.git 459
[2022-06-12 00:25:11.350] [exthost] [warning] [Decorations] CAPPING events from decorations provider vscode.git 459
[2022-06-12 00:25:16.458] [exthost] [warning] [Decorations] CAPPING events from decorations provider vscode.git 459
[2022-06-12 00:25:21.555] [exthost] [warning] [Decorations] CAPPING events from decorations provider vscode.git 459
[2022-06-12 00:25:26.742] [exthost] [warning] [Decorations] CAPPING events from decorations provider vscode.git 459
[2022-06-12 00:25:31.851] [exthost] [warning] [Decorations] CAPPING events from decorations provider vscode.git 459
[2022-06-12 00:25:37.024] [exthost] [warning] [Decorations] CAPPING events from decorations provider vscode.git 459
[2022-06-12 00:25:42.170] [exthost] [warning] [Decorations] CAPPING events from decorations provider vscode.git 459
[2022-06-12 00:25:47.274] [exthost] [warning] [Decorations] CAPPING events from decorations provider vscode.git 459
[2022-06-12 00:25:52.374] [exthost] [warning] [Decorations] CAPPING events from decorations provider vscode.git 459
[2022-06-12 00:25:57.455] [exthost] [warning] [Decorations] CAPPING events from decorations provider vscode.git 459
[2022-06-12 00:26:02.552] [exthost] [warning] [Decorations] CAPPING events from decorations provider vscode.git 459
[2022-06-12 00:26:07.636] [exthost] [warning] [Decorations] CAPPING events from decorations provider vscode.git 459
[2022-06-12 00:26:12.749] [exthost] [warning] [Decorations] CAPPING events from decorations provider vscode.git 459
[2022-06-12 00:26:17.828] [exthost] [warning] [Decorations] CAPPING events from decorations provider vscode.git 459
[2022-06-12 00:26:22.914] [exthost] [warning] [Decorations] CAPPING events from decorations provider vscode.git 459
[2022-06-12 00:26:28.010] [exthost] [warning] [Decorations] CAPPING events from decorations provider vscode.git 459
[2022-06-12 00:26:33.103] [exthost] [warning] [Decorations] CAPPING events from decorations provider vscode.git 459
[2022-06-12 00:26:38.194] [exthost] [warning] [Decorations] CAPPING events from decorations provider vscode.git 459
[2022-06-12 00:26:43.362] [exthost] [warning] [Decorations] CAPPING events from decorations provider vscode.git 459
[2022-06-12 00:26:48.509] [exthost] [warning] [Decorations] CAPPING events from decorations provider vscode.git 459
[2022-06-12 00:26:53.624] [exthost] [warning] [Decorations] CAPPING events from decorations provider vscode.git 460
[2022-06-12 00:26:58.749] [exthost] [warning] [Decorations] CAPPING events from decorations provider vscode.git 459
[2022-06-12 02:44:32.369] [exthost] [warning] [Decorations] CAPPING events from decorations provider vscode.git 460
[2022-06-12 02:44:43.267] [exthost] [warning] [Decorations] CAPPING events from decorations provider vscode.git 460
[2022-06-12 02:44:48.382] [exthost] [warning] [Decorations] CAPPING events from decorations provider vscode.git 460
[2022-06-12 02:44:53.485] [exthost] [warning] [Decorations] CAPPING events from decorations provider vscode.git 460
[2022-06-12 02:44:58.561] [exthost] [warning] [Decorations] CAPPING events from decorations provider vscode.git 460
[2022-06-12 02:45:03.727] [exthost] [warning] [Decorations] CAPPING events from decorations provider vscode.git 460
[2022-06-12 02:45:08.818] [exthost] [warning] [Decorations] CAPPING events from decorations provider vscode.git 460
[2022-06-12 02:45:13.917] [exthost] [warning] [Decorations] CAPPING events from decorations provider vscode.git 460
[2022-06-12 02:45:18.998] [exthost] [warning] [Decorations] CAPPING events from decorations provider vscode.git 460
[2022-06-12 02:45:24.084] [exthost] [warning] [Decorations] CAPPING events from decorations provider vscode.git 460
[2022-06-12 02:45:29.186] [exthost] [warning] [Decorations] CAPPING events from decorations provider vscode.git 460
[2022-06-12 02:45:34.321] [exthost] [warning] [Decorations] CAPPING events from decorations provider vscode.git 460
[2022-06-12 02:45:39.407] [exthost] [warning] [Decorations] CAPPING events from decorations provider vscode.git 460
[2022-06-12 02:45:44.482] [exthost] [warning] [Decorations] CAPPING events from decorations provider vscode.git 460
[2022-06-12 02:45:49.586] [exthost] [warning] [Decorations] CAPPING events from decorations provider vscode.git 460
[2022-06-12 02:45:54.733] [exthost] [warning] [Decorations] CAPPING events from decorations provider vscode.git 460
[2022-06-12 02:45:59.856] [exthost] [warning] [Decorations] CAPPING events from decorations provider vscode.git 460
[2022-06-12 02:46:04.950] [exthost] [warning] [Decorations] CAPPING events from decorations provider vscode.git 460
[2022-06-12 02:46:10.065] [exthost] [warning] [Decorations] CAPPING events from decorations provider vscode.git 460
[2022-06-12 02:46:15.150] [exthost] [warning] [Decorations] CAPPING events from decorations provider vscode.git 460
[2022-06-12 02:46:20.273] [exthost] [warning] [Decorations] CAPPING events from decorations provider vscode.git 460
[2022-06-12 02:46:25.392] [exthost] [warning] [Decorations] CAPPING events from decorations provider vscode.git 460
[2022-06-12 02:46:30.475] [exthost] [warning] [Decorations] CAPPING events from decorations provider vscode.git 460
[2022-06-12 02:46:35.605] [exthost] [warning] [Decorations] CAPPING events from decorations provider vscode.git 460
[2022-06-12 02:46:40.713] [exthost] [warning] [Decorations] CAPPING events from decorations provider vscode.git 461
[2022-06-12 02:46:45.809] [exthost] [warning] [Decorations] CAPPING events from decorations provider vscode.git 462
[2022-06-12 02:46:50.941] [exthost] [warning] [Decorations] CAPPING events from decorations provider vscode.git 462
[2022-06-12 02:46:56.086] [exthost] [warning] [Decorations] CAPPING events from decorations provider vscode.git 462
[2022-06-12 02:47:01.177] [exthost] [warning] [Decorations] CAPPING events from decorations provider vscode.git 462
[2022-06-12 02:47:06.274] [exthost] [warning] [Decorations] CAPPING events from decorations provider vscode.git 462
[2022-06-12 02:47:11.381] [exthost] [warning] [Decorations] CAPPING events from decorations provider vscode.git 462
[2022-06-12 02:47:16.469] [exthost] [warning] [Decorations] CAPPING events from decorations provider vscode.git 462
[2022-06-12 02:47:21.567] [exthost] [warning] [Decorations] CAPPING events from decorations provider vscode.git 462
[2022-06-12 02:47:26.733] [exthost] [warning] [Decorations] CAPPING events from decorations provider vscode.git 462
[2022-06-12 02:47:31.850] [exthost] [warning] [Decorations] CAPPING events from decorations provider vscode.git 462
[2022-06-12 02:47:36.972] [exthost] [warning] [Decorations] CAPPING events from decorations provider vscode.git 462
[2022-06-12 02:47:42.083] [exthost] [warning] [Decorations] CAPPING events from decorations provider vscode.git 462
[2022-06-12 02:47:47.208] [exthost] [warning] [Decorations] CAPPING events from decorations provider vscode.git 462
[2022-06-12 02:47:52.292] [exthost] [warning] [Decorations] CAPPING events from decorations provider vscode.git 462
[2022-06-12 02:47:57.413] [exthost] [warning] [Decorations] CAPPING events from decorations provider vscode.git 462
[2022-06-12 02:48:02.511] [exthost] [warning] [Decorations] CAPPING events from decorations provider vscode.git 462
[2022-06-12 02:48:07.623] [exthost] [warning] [Decorations] CAPPING events from decorations provider vscode.git 462
[2022-06-12 02:48:12.724] [exthost] [warning] [Decorations] CAPPING events from decorations provider vscode.git 462
[2022-06-12 02:48:17.821] [exthost] [warning] [Decorations] CAPPING events from decorations provider vscode.git 462
[2022-06-12 02:48:22.929] [exthost] [warning] [Decorations] CAPPING events from decorations provider vscode.git 463
[2022-06-12 02:48:28.023] [exthost] [warning] [Decorations] CAPPING events from decorations provider vscode.git 463
[2022-06-12 02:48:33.163] [exthost] [warning] [Decorations] CAPPING events from decorations provider vscode.git 463
[2022-06-12 02:48:38.243] [exthost] [warning] [Decorations] CAPPING events from decorations provider vscode.git 464
[2022-06-12 02:48:43.333] [exthost] [warning] [Decorations] CAPPING events from decorations provider vscode.git 464
[2022-06-12 02:48:48.440] [exthost] [warning] [Decorations] CAPPING events from decorations provider vscode.git 465
[2022-06-12 02:48:53.585] [exthost] [warning] [Decorations] CAPPING events from decorations provider vscode.git 465
[2022-06-12 02:48:58.673] [exthost] [warning] [Decorations] CAPPING events from decorations provider vscode.git 465
[2022-06-12 02:49:03.765] [exthost] [warning] [Decorations] CAPPING events from decorations provider vscode.git 466
[2022-06-12 02:49:08.931] [exthost] [warning] [Decorations] CAPPING events from decorations provider vscode.git 465
[2022-06-12 02:49:14.011] [exthost] [warning] [Decorations] CAPPING events from decorations provider vscode.git 466
[2022-06-12 02:49:19.086] [exthost] [warning] [Decorations] CAPPING events from decorations provider vscode.git 466
[2022-06-12 02:49:24.174] [exthost] [warning] [Decorations] CAPPING events from decorations provider vscode.git 466
[2022-06-12 02:49:29.274] [exthost] [warning] [Decorations] CAPPING events from decorations provider vscode.git 466
[2022-06-12 02:49:34.390] [exthost] [warning] [Decorations] CAPPING events from decorations provider vscode.git 466
[2022-06-12 02:49:39.469] [exthost] [warning] [Decorations] CAPPING events from decorations provider vscode.git 466
[2022-06-12 02:49:44.563] [exthost] [warning] [Decorations] CAPPING events from decorations provider vscode.git 466
[2022-06-12 02:49:49.749] [exthost] [warning] [Decorations] CAPPING events from decorations provider vscode.git 466
[2022-06-12 02:49:54.846] [exthost] [warning] [Decorations] CAPPING events from decorations provider vscode.git 466
[2022-06-12 02:49:59.957] [exthost] [warning] [Decorations] CAPPING events from decorations provider vscode.git 466
[2022-06-12 02:50:05.074] [exthost] [warning] [Decorations] CAPPING events from decorations provider vscode.git 466
[2022-06-12 02:50:10.162] [exthost] [warning] [Decorations] CAPPING events from decorations provider vscode.git 466
[2022-06-12 02:50:15.292] [exthost] [warning] [Decorations] CAPPING events from decorations provider vscode.git 467
[2022-06-12 02:50:20.370] [exthost] [warning] [Decorations] CAPPING events from decorations provider vscode.git 467
[2022-06-12 02:50:25.482] [exthost] [warning] [Decorations] CAPPING events from decorations provider vscode.git 467
[2022-06-12 02:50:30.640] [exthost] [warning] [Decorations] CAPPING events from decorations provider vscode.git 467
[2022-06-12 02:50:35.737] [exthost] [warning] [Decorations] CAPPING events from decorations provider vscode.git 468
[2022-06-12 02:50:40.828] [exthost] [warning] [Decorations] CAPPING events from decorations provider vscode.git 468
[2022-06-12 02:50:45.917] [exthost] [warning] [Decorations] CAPPING events from decorations provider vscode.git 468
[2022-06-12 02:50:51.035] [exthost] [warning] [Decorations] CAPPING events from decorations provider vscode.git 468
[2022-06-12 02:50:56.148] [exthost] [warning] [Decorations] CAPPING events from decorations provider vscode.git 468
[2022-06-12 02:51:01.287] [exthost] [warning] [Decorations] CAPPING events from decorations provider vscode.git 468
[2022-06-12 02:51:06.398] [exthost] [warning] [Decorations] CAPPING events from decorations provider vscode.git 468
[2022-06-12 02:51:11.473] [exthost] [warning] [Decorations] CAPPING events from decorations provider vscode.git 468
[2022-06-12 02:51:16.571] [exthost] [warning] [Decorations] CAPPING events from decorations provider vscode.git 468
[2022-06-12 02:51:21.667] [exthost] [warning] [Decorations] CAPPING events from decorations provider vscode.git 468
[2022-06-12 02:51:26.772] [exthost] [warning] [Decorations] CAPPING events from decorations provider vscode.git 468
[2022-06-12 02:51:31.877] [exthost] [warning] [Decorations] CAPPING events from decorations provider vscode.git 468
[2022-06-12 02:51:36.982] [exthost] [warning] [Decorations] CAPPING events from decorations provider vscode.git 468
[2022-06-12 02:51:42.108] [exthost] [warning] [Decorations] CAPPING events from decorations provider vscode.git 468
[2022-06-12 02:51:47.200] [exthost] [warning] [Decorations] CAPPING events from decorations provider vscode.git 469
[2022-06-12 02:51:52.293] [exthost] [warning] [Decorations] CAPPING events from decorations provider vscode.git 469
[2022-06-12 02:51:57.470] [exthost] [warning] [Decorations] CAPPING events from decorations provider vscode.git 469
[2022-06-12 02:52:02.563] [exthost] [warning] [Decorations] CAPPING events from decorations provider vscode.git 469
[2022-06-12 02:52:07.666] [exthost] [warning] [Decorations] CAPPING events from decorations provider vscode.git 469
[2022-06-12 02:52:12.748] [exthost] [warning] [Decorations] CAPPING events from decorations provider vscode.git 469
[2022-06-12 02:52:17.862] [exthost] [warning] [Decorations] CAPPING events from decorations provider vscode.git 469
[2022-06-12 02:52:22.967] [exthost] [warning] [Decorations] CAPPING events from decorations provider vscode.git 469
[2022-06-12 02:52:28.079] [exthost] [warning] [Decorations] CAPPING events from decorations provider vscode.git 469
[2022-06-12 02:52:33.179] [exthost] [warning] [Decorations] CAPPING events from decorations provider vscode.git 469
[2022-06-12 02:52:38.279] [exthost] [warning] [Decorations] CAPPING events from decorations provider vscode.git 469
[2022-06-12 02:52:43.358] [exthost] [warning] [Decorations] CAPPING events from decorations provider vscode.git 469
[2022-06-12 02:52:48.463] [exthost] [warning] [Decorations] CAPPING events from decorations provider vscode.git 469
[2022-06-12 02:52:53.647] [exthost] [warning] [Decorations] CAPPING events from decorations provider vscode.git 469
[2022-06-12 02:52:58.753] [exthost] [warning] [Decorations] CAPPING events from decorations provider vscode.git 469
[2022-06-12 02:53:03.872] [exthost] [warning] [Decorations] CAPPING events from decorations provider vscode.git 469
[2022-06-12 02:53:08.991] [exthost] [warning] [Decorations] CAPPING events from decorations provider vscode.git 469
[2022-06-12 02:53:14.105] [exthost] [warning] [Decorations] CAPPING events from decorations provider vscode.git 470
[2022-06-12 02:53:19.194] [exthost] [warning] [Decorations] CAPPING events from decorations provider vscode.git 470
[2022-06-12 02:53:24.283] [exthost] [warning] [Decorations] CAPPING events from decorations provider vscode.git 470
[2022-06-12 02:53:29.365] [exthost] [warning] [Decorations] CAPPING events from decorations provider vscode.git 470
[2022-06-12 02:53:34.454] [exthost] [warning] [Decorations] CAPPING events from decorations provider vscode.git 470
[2022-06-12 02:53:39.543] [exthost] [warning] [Decorations] CAPPING events from decorations provider vscode.git 470
[2022-06-12 02:53:44.648] [exthost] [warning] [Decorations] CAPPING events from decorations provider vscode.git 470
[2022-06-12 02:53:49.746] [exthost] [warning] [Decorations] CAPPING events from decorations provider vscode.git 471
[2022-06-12 02:53:54.845] [exthost] [warning] [Decorations] CAPPING events from decorations provider vscode.git 471
[2022-06-12 02:53:59.951] [exthost] [warning] [Decorations] CAPPING events from decorations provider vscode.git 471
[2022-06-12 02:54:05.065] [exthost] [warning] [Decorations] CAPPING events from decorations provider vscode.git 471
[2022-06-12 02:54:10.180] [exthost] [warning] [Decorations] CAPPING events from decorations provider vscode.git 471
[2022-06-12 02:54:15.268] [exthost] [warning] [Decorations] CAPPING events from decorations provider vscode.git 471
[2022-06-12 02:54:20.380] [exthost] [warning] [Decorations] CAPPING events from decorations provider vscode.git 471
[2022-06-12 02:54:25.461] [exthost] [warning] [Decorations] CAPPING events from decorations provider vscode.git 471
[2022-06-12 02:54:30.559] [exthost] [warning] [Decorations] CAPPING events from decorations provider vscode.git 471
[2022-06-12 02:54:35.650] [exthost] [warning] [Decorations] CAPPING events from decorations provider vscode.git 471
[2022-06-12 02:54:40.760] [exthost] [warning] [Decorations] CAPPING events from decorations provider vscode.git 471
[2022-06-12 02:54:45.866] [exthost] [warning] [Decorations] CAPPING events from decorations provider vscode.git 471
[2022-06-12 02:54:50.963] [exthost] [warning] [Decorations] CAPPING events from decorations provider vscode.git 471
[2022-06-12 02:54:56.043] [exthost] [warning] [Decorations] CAPPING events from decorations provider vscode.git 471
[2022-06-12 02:55:01.128] [exthost] [warning] [Decorations] CAPPING events from decorations provider vscode.git 471
[2022-06-12 02:55:06.227] [exthost] [warning] [Decorations] CAPPING events from decorations provider vscode.git 471
[2022-06-12 02:55:11.328] [exthost] [warning] [Decorations] CAPPING events from decorations provider vscode.git 471
[2022-06-12 02:55:16.426] [exthost] [warning] [Decorations] CAPPING events from decorations provider vscode.git 471
[2022-06-12 02:55:21.530] [exthost] [warning] [Decorations] CAPPING events from decorations provider vscode.git 471
[2022-06-12 02:55:26.614] [exthost] [warning] [Decorations] CAPPING events from decorations provider vscode.git 471
[2022-06-12 02:55:31.704] [exthost] [warning] [Decorations] CAPPING events from decorations provider vscode.git 472
[2022-06-12 02:55:36.795] [exthost] [warning] [Decorations] CAPPING events from decorations provider vscode.git 471
[2022-06-12 02:55:41.878] [exthost] [warning] [Decorations] CAPPING events from decorations provider vscode.git 471
[2022-06-12 02:55:46.966] [exthost] [warning] [Decorations] CAPPING events from decorations provider vscode.git 471
[2022-06-12 02:55:52.053] [exthost] [warning] [Decorations] CAPPING events from decorations provider vscode.git 471
[2022-06-12 02:55:57.180] [exthost] [warning] [Decorations] CAPPING events from decorations provider vscode.git 471
[2022-06-12 02:56:02.301] [exthost] [warning] [Decorations] CAPPING events from decorations provider vscode.git 471
[2022-06-12 02:56:07.439] [exthost] [warning] [Decorations] CAPPING events from decorations provider vscode.git 471
[2022-06-12 02:56:12.536] [exthost] [warning] [Decorations] CAPPING events from decorations provider vscode.git 471
[2022-06-12 02:56:17.627] [exthost] [warning] [Decorations] CAPPING events from decorations provider vscode.git 471
[2022-06-12 02:56:22.718] [exthost] [warning] [Decorations] CAPPING events from decorations provider vscode.git 471
[2022-06-12 02:56:27.901] [exthost] [warning] [Decorations] CAPPING events from decorations provider vscode.git 471
[2022-06-12 02:56:33.031] [exthost] [warning] [Decorations] CAPPING events from decorations provider vscode.git 471
[2022-06-12 02:56:38.145] [exthost] [warning] [Decorations] CAPPING events from decorations provider vscode.git 471
[2022-06-12 02:56:43.237] [exthost] [warning] [Decorations] CAPPING events from decorations provider vscode.git 471
[2022-06-12 02:56:48.920] [exthost] [warning] [Decorations] CAPPING events from decorations provider vscode.git 471
[2022-06-12 02:56:54.238] [exthost] [warning] [Decorations] CAPPING events from decorations provider vscode.git 471
[2022-06-12 02:56:59.348] [exthost] [warning] [Decorations] CAPPING events from decorations provider vscode.git 471
[2022-06-12 02:57:06.525] [exthost] [warning] [Decorations] CAPPING events from decorations provider vscode.git 472
[2022-06-12 02:57:11.623] [exthost] [warning] [Decorations] CAPPING events from decorations provider vscode.git 472
[2022-06-12 02:57:16.739] [exthost] [warning] [Decorations] CAPPING events from decorations provider vscode.git 471
[2022-06-12 02:57:21.836] [exthost] [warning] [Decorations] CAPPING events from decorations provider vscode.git 471
[2022-06-12 02:57:29.263] [exthost] [warning] [Decorations] CAPPING events from decorations provider vscode.git 471
[2022-06-12 02:57:34.631] [exthost] [warning] [Decorations] CAPPING events from decorations provider vscode.git 471
[2022-06-12 02:57:39.733] [exthost] [warning] [Decorations] CAPPING events from decorations provider vscode.git 470
[2022-06-12 02:57:44.843] [exthost] [warning] [Decorations] CAPPING events from decorations provider vscode.git 469
[2022-06-12 02:57:49.953] [exthost] [warning] [Decorations] CAPPING events from decorations provider vscode.git 470
[2022-06-12 02:57:55.061] [exthost] [warning] [Decorations] CAPPING events from decorations provider vscode.git 470
[2022-06-12 02:58:00.171] [exthost] [warning] [Decorations] CAPPING events from decorations provider vscode.git 471
[2022-06-12 02:58:05.284] [exthost] [warning] [Decorations] CAPPING events from decorations provider vscode.git 472
[2022-06-12 02:58:10.410] [exthost] [warning] [Decorations] CAPPING events from decorations provider vscode.git 472
[2022-06-12 02:58:15.501] [exthost] [warning] [Decorations] CAPPING events from decorations provider vscode.git 471
[2022-06-12 02:58:20.592] [exthost] [warning] [Decorations] CAPPING events from decorations provider vscode.git 471
[2022-06-12 02:58:25.683] [exthost] [warning] [Decorations] CAPPING events from decorations provider vscode.git 471
[2022-06-12 02:58:30.816] [exthost] [warning] [Decorations] CAPPING events from decorations provider vscode.git 471
[2022-06-12 02:58:35.923] [exthost] [warning] [Decorations] CAPPING events from decorations provider vscode.git 471
[2022-06-12 02:58:41.022] [exthost] [warning] [Decorations] CAPPING events from decorations provider vscode.git 471
[2022-06-12 02:58:46.116] [exthost] [warning] [Decorations] CAPPING events from decorations provider vscode.git 471
[2022-06-12 02:58:51.292] [exthost] [warning] [Decorations] CAPPING events from decorations provider vscode.git 471
[2022-06-12 02:58:56.372] [exthost] [warning] [Decorations] CAPPING events from decorations provider vscode.git 471
[2022-06-12 02:59:01.475] [exthost] [warning] [Decorations] CAPPING events from decorations provider vscode.git 471
[2022-06-12 02:59:06.556] [exthost] [warning] [Decorations] CAPPING events from decorations provider vscode.git 471
[2022-06-12 02:59:12.618] [exthost] [warning] [Decorations] CAPPING events from decorations provider vscode.git 471
[2022-06-12 02:59:26.761] [exthost] [warning] [Decorations] CAPPING events from decorations provider vscode.git 471
[2022-06-12 02:59:31.867] [exthost] [warning] [Decorations] CAPPING events from decorations provider vscode.git 471
[2022-06-12 02:59:36.945] [exthost] [warning] [Decorations] CAPPING events from decorations provider vscode.git 471
[2022-06-12 02:59:42.030] [exthost] [warning] [Decorations] CAPPING events from decorations provider vscode.git 471
[2022-06-12 02:59:47.108] [exthost] [warning] [Decorations] CAPPING events from decorations provider vscode.git 471
[2022-06-12 02:59:52.199] [exthost] [warning] [Decorations] CAPPING events from decorations provider vscode.git 471
[2022-06-12 02:59:57.268] [exthost] [warning] [Decorations] CAPPING events from decorations provider vscode.git 471
[2022-06-12 03:00:02.366] [exthost] [warning] [Decorations] CAPPING events from decorations provider vscode.git 471
[2022-06-12 03:00:07.443] [exthost] [warning] [Decorations] CAPPING events from decorations provider vscode.git 471
[2022-06-12 03:00:12.595] [exthost] [warning] [Decorations] CAPPING events from decorations provider vscode.git 471
[2022-06-12 03:00:17.697] [exthost] [warning] [Decorations] CAPPING events from decorations provider vscode.git 471
[2022-06-12 03:00:22.775] [exthost] [warning] [Decorations] CAPPING events from decorations provider vscode.git 471
[2022-06-12 03:00:27.891] [exthost] [warning] [Decorations] CAPPING events from decorations provider vscode.git 471
[2022-06-12 03:00:33.031] [exthost] [warning] [Decorations] CAPPING events from decorations provider vscode.git 471
[2022-06-12 03:00:38.189] [exthost] [warning] [Decorations] CAPPING events from decorations provider vscode.git 471
[2022-06-12 03:00:43.269] [exthost] [warning] [Decorations] CAPPING events from decorations provider vscode.git 471
[2022-06-12 03:00:48.367] [exthost] [warning] [Decorations] CAPPING events from decorations provider vscode.git 471
[2022-06-12 03:00:53.460] [exthost] [warning] [Decorations] CAPPING events from decorations provider vscode.git 471
[2022-06-12 03:00:58.563] [exthost] [warning] [Decorations] CAPPING events from decorations provider vscode.git 472
[2022-06-12 03:01:03.663] [exthost] [warning] [Decorations] CAPPING events from decorations provider vscode.git 472
[2022-06-12 03:01:08.798] [exthost] [warning] [Decorations] CAPPING events from decorations provider vscode.git 472
[2022-06-12 03:01:13.923] [exthost] [warning] [Decorations] CAPPING events from decorations provider vscode.git 472
[2022-06-12 03:01:19.026] [exthost] [warning] [Decorations] CAPPING events from decorations provider vscode.git 473
[2022-06-12 03:01:24.117] [exthost] [warning] [Decorations] CAPPING events from decorations provider vscode.git 473
[2022-06-12 03:01:29.202] [exthost] [warning] [Decorations] CAPPING events from decorations provider vscode.git 473
[2022-06-12 03:01:34.355] [exthost] [warning] [Decorations] CAPPING events from decorations provider vscode.git 473
[2022-06-12 03:01:39.461] [exthost] [warning] [Decorations] CAPPING events from decorations provider vscode.git 473
[2022-06-12 03:01:44.568] [exthost] [warning] [Decorations] CAPPING events from decorations provider vscode.git 473
[2022-06-12 03:01:49.712] [exthost] [warning] [Decorations] CAPPING events from decorations provider vscode.git 474
[2022-06-12 03:01:54.804] [exthost] [warning] [Decorations] CAPPING events from decorations provider vscode.git 473
[2022-06-12 03:01:59.905] [exthost] [warning] [Decorations] CAPPING events from decorations provider vscode.git 473
[2022-06-12 03:02:04.981] [exthost] [warning] [Decorations] CAPPING events from decorations provider vscode.git 473
[2022-06-12 03:02:10.056] [exthost] [warning] [Decorations] CAPPING events from decorations provider vscode.git 473
[2022-06-12 03:02:15.185] [exthost] [warning] [Decorations] CAPPING events from decorations provider vscode.git 473
[2022-06-12 03:02:20.315] [exthost] [warning] [Decorations] CAPPING events from decorations provider vscode.git 473
[2022-06-12 03:02:25.427] [exthost] [warning] [Decorations] CAPPING events from decorations provider vscode.git 473
[2022-06-12 03:02:30.531] [exthost] [warning] [Decorations] CAPPING events from decorations provider vscode.git 473
[2022-06-12 03:02:35.626] [exthost] [warning] [Decorations] CAPPING events from decorations provider vscode.git 473
[2022-06-12 03:02:40.706] [exthost] [warning] [Decorations] CAPPING events from decorations provider vscode.git 473
[2022-06-12 03:02:45.808] [exthost] [warning] [Decorations] CAPPING events from decorations provider vscode.git 473
[2022-06-12 03:02:50.891] [exthost] [warning] [Decorations] CAPPING events from decorations provider vscode.git 474
[2022-06-12 03:02:55.985] [exthost] [warning] [Decorations] CAPPING events from decorations provider vscode.git 474
[2022-06-12 03:03:01.069] [exthost] [warning] [Decorations] CAPPING events from decorations provider vscode.git 474
[2022-06-12 03:03:06.164] [exthost] [warning] [Decorations] CAPPING events from decorations provider vscode.git 474
[2022-06-12 03:03:11.255] [exthost] [warning] [Decorations] CAPPING events from decorations provider vscode.git 474
[2022-06-12 03:03:16.384] [exthost] [warning] [Decorations] CAPPING events from decorations provider vscode.git 474
[2022-06-12 03:03:21.485] [exthost] [warning] [Decorations] CAPPING events from decorations provider vscode.git 474
[2022-06-12 03:03:26.575] [exthost] [warning] [Decorations] CAPPING events from decorations provider vscode.git 474
[2022-06-12 03:03:31.752] [exthost] [warning] [Decorations] CAPPING events from decorations provider vscode.git 474
[2022-06-12 03:03:36.864] [exthost] [warning] [Decorations] CAPPING events from decorations provider vscode.git 475
[2022-06-12 03:03:41.959] [exthost] [warning] [Decorations] CAPPING events from decorations provider vscode.git 474
[2022-06-12 03:03:47.054] [exthost] [warning] [Decorations] CAPPING events from decorations provider vscode.git 474
[2022-06-12 03:03:52.168] [exthost] [warning] [Decorations] CAPPING events from decorations provider vscode.git 474
[2022-06-12 03:03:57.278] [exthost] [warning] [Decorations] CAPPING events from decorations provider vscode.git 474
[2022-06-12 03:04:02.372] [exthost] [warning] [Decorations] CAPPING events from decorations provider vscode.git 475
[2022-06-12 03:04:07.490] [exthost] [warning] [Decorations] CAPPING events from decorations provider vscode.git 475
[2022-06-12 03:04:12.584] [exthost] [warning] [Decorations] CAPPING events from decorations provider vscode.git 475
[2022-06-12 03:04:17.684] [exthost] [warning] [Decorations] CAPPING events from decorations provider vscode.git 475
[2022-06-12 03:04:22.787] [exthost] [warning] [Decorations] CAPPING events from decorations provider vscode.git 475
[2022-06-12 03:04:27.933] [exthost] [warning] [Decorations] CAPPING events from decorations provider vscode.git 475
[2022-06-12 03:04:33.034] [exthost] [warning] [Decorations] CAPPING events from decorations provider vscode.git 475
[2022-06-12 03:04:38.142] [exthost] [warning] [Decorations] CAPPING events from decorations provider vscode.git 475
[2022-06-12 03:04:43.224] [exthost] [warning] [Decorations] CAPPING events from decorations provider vscode.git 475
[2022-06-12 03:04:48.378] [exthost] [warning] [Decorations] CAPPING events from decorations provider vscode.git 475
[2022-06-12 03:04:53.495] [exthost] [warning] [Decorations] CAPPING events from decorations provider vscode.git 475
[2022-06-12 03:04:58.601] [exthost] [warning] [Decorations] CAPPING events from decorations provider vscode.git 475
[2022-06-12 03:05:03.704] [exthost] [warning] [Decorations] CAPPING events from decorations provider vscode.git 475
[2022-06-12 03:05:08.863] [exthost] [warning] [Decorations] CAPPING events from decorations provider vscode.git 475
[2022-06-12 03:05:13.980] [exthost] [warning] [Decorations] CAPPING events from decorations provider vscode.git 475
[2022-06-12 03:05:19.107] [exthost] [warning] [Decorations] CAPPING events from decorations provider vscode.git 475
[2022-06-12 03:05:24.302] [exthost] [warning] [Decorations] CAPPING events from decorations provider vscode.git 475
[2022-06-12 03:05:29.424] [exthost] [warning] [Decorations] CAPPING events from decorations provider vscode.git 476
[2022-06-12 03:05:34.533] [exthost] [warning] [Decorations] CAPPING events from decorations provider vscode.git 476
[2022-06-12 03:05:39.668] [exthost] [warning] [Decorations] CAPPING events from decorations provider vscode.git 476
[2022-06-12 03:05:44.782] [exthost] [warning] [Decorations] CAPPING events from decorations provider vscode.git 476
[2022-06-12 03:05:49.885] [exthost] [warning] [Decorations] CAPPING events from decorations provider vscode.git 476
[2022-06-12 03:05:55.020] [exthost] [warning] [Decorations] CAPPING events from decorations provider vscode.git 476
[2022-06-12 03:06:00.125] [exthost] [warning] [Decorations] CAPPING events from decorations provider vscode.git 476
[2022-06-12 03:06:05.217] [exthost] [warning] [Decorations] CAPPING events from decorations provider vscode.git 476
[2022-06-12 03:06:10.312] [exthost] [warning] [Decorations] CAPPING events from decorations provider vscode.git 476
[2022-06-12 03:06:15.400] [exthost] [warning] [Decorations] CAPPING events from decorations provider vscode.git 476
[2022-06-12 03:06:20.488] [exthost] [warning] [Decorations] CAPPING events from decorations provider vscode.git 476
[2022-06-12 03:06:25.578] [exthost] [warning] [Decorations] CAPPING events from decorations provider vscode.git 476
[2022-06-12 03:06:30.691] [exthost] [warning] [Decorations] CAPPING events from decorations provider vscode.git 476
[2022-06-12 03:06:38.608] [exthost] [warning] [Decorations] CAPPING events from decorations provider vscode.git 476
[2022-06-12 03:06:43.793] [exthost] [warning] [Decorations] CAPPING events from decorations provider vscode.git 477
[2022-06-12 03:06:49.035] [exthost] [warning] [Decorations] CAPPING events from decorations provider vscode.git 477
[2022-06-12 03:06:54.129] [exthost] [warning] [Decorations] CAPPING events from decorations provider vscode.git 477
[2022-06-12 03:06:59.248] [exthost] [warning] [Decorations] CAPPING events from decorations provider vscode.git 478
[2022-06-12 03:07:04.343] [exthost] [warning] [Decorations] CAPPING events from decorations provider vscode.git 477
[2022-06-12 03:07:09.420] [exthost] [warning] [Decorations] CAPPING events from decorations provider vscode.git 477
[2022-06-12 03:07:14.509] [exthost] [warning] [Decorations] CAPPING events from decorations provider vscode.git 477
[2022-06-12 03:07:19.592] [exthost] [warning] [Decorations] CAPPING events from decorations provider vscode.git 477
[2022-06-12 03:07:24.786] [exthost] [warning] [Decorations] CAPPING events from decorations provider vscode.git 477
[2022-06-12 03:07:29.918] [exthost] [warning] [Decorations] CAPPING events from decorations provider vscode.git 477
[2022-06-12 03:07:35.027] [exthost] [warning] [Decorations] CAPPING events from decorations provider vscode.git 478
[2022-06-12 03:07:40.126] [exthost] [warning] [Decorations] CAPPING events from decorations provider vscode.git 478
[2022-06-12 03:07:45.335] [exthost] [warning] [Decorations] CAPPING events from decorations provider vscode.git 479
[2022-06-12 03:07:50.450] [exthost] [warning] [Decorations] CAPPING events from decorations provider vscode.git 478
[2022-06-12 03:07:55.587] [exthost] [warning] [Decorations] CAPPING events from decorations provider vscode.git 478
[2022-06-12 03:08:00.756] [exthost] [warning] [Decorations] CAPPING events from decorations provider vscode.git 478
[2022-06-12 03:09:30.177] [exthost] [warning] [Decorations] CAPPING events from decorations provider vscode.git 478
[2022-06-12 03:09:35.380] [exthost] [warning] [Decorations] CAPPING events from decorations provider vscode.git 478
[2022-06-12 03:09:40.495] [exthost] [warning] [Decorations] CAPPING events from decorations provider vscode.git 478
[2022-06-12 03:09:45.615] [exthost] [warning] [Decorations] CAPPING events from decorations provider vscode.git 478
[2022-06-12 03:09:50.699] [exthost] [warning] [Decorations] CAPPING events from decorations provider vscode.git 478
[2022-06-12 03:09:55.808] [exthost] [warning] [Decorations] CAPPING events from decorations provider vscode.git 479
[2022-06-12 03:10:00.920] [exthost] [warning] [Decorations] CAPPING events from decorations provider vscode.git 479
[2022-06-12 03:10:06.036] [exthost] [warning] [Decorations] CAPPING events from decorations provider vscode.git 479
[2022-06-12 03:10:11.118] [exthost] [warning] [Decorations] CAPPING events from decorations provider vscode.git 479
[2022-06-12 03:10:16.219] [exthost] [warning] [Decorations] CAPPING events from decorations provider vscode.git 479
[2022-06-12 03:10:21.308] [exthost] [warning] [Decorations] CAPPING events from decorations provider vscode.git 480
[2022-06-12 03:10:26.413] [exthost] [warning] [Decorations] CAPPING events from decorations provider vscode.git 479
[2022-06-12 03:11:01.893] [exthost] [warning] [Decorations] CAPPING events from decorations provider vscode.git 479
[2022-06-12 03:11:15.692] [exthost] [warning] [Decorations] CAPPING events from decorations provider vscode.git 479
[2022-06-12 03:11:21.358] [exthost] [warning] [Decorations] CAPPING events from decorations provider vscode.git 479
[2022-06-12 03:29:05.917] [exthost] [warning] [Decorations] CAPPING events from decorations provider vscode.git 481
[2022-06-12 03:29:11.027] [exthost] [warning] [Decorations] CAPPING events from decorations provider vscode.git 481
[2022-06-12 03:29:16.127] [exthost] [warning] [Decorations] CAPPING events from decorations provider vscode.git 481
[2022-06-12 03:29:21.216] [exthost] [warning] [Decorations] CAPPING events from decorations provider vscode.git 481
[2022-06-12 03:30:13.868] [exthost] [warning] [Decorations] CAPPING events from decorations provider vscode.git 481
[2022-06-12 03:30:19.053] [exthost] [warning] [Decorations] CAPPING events from decorations provider vscode.git 481
[2022-06-12 03:30:24.262] [exthost] [warning] [Decorations] CAPPING events from decorations provider vscode.git 481
[2022-06-12 03:30:29.386] [exthost] [warning] [Decorations] CAPPING events from decorations provider vscode.git 481
[2022-06-12 03:30:35.081] [exthost] [warning] [Decorations] CAPPING events from decorations provider vscode.git 482
[2022-06-12 03:30:40.183] [exthost] [warning] [Decorations] CAPPING events from decorations provider vscode.git 482
[2022-06-12 03:30:46.574] [exthost] [warning] [Decorations] CAPPING events from decorations provider vscode.git 481
[2022-06-12 03:30:51.702] [exthost] [warning] [Decorations] CAPPING events from decorations provider vscode.git 481
[2022-06-12 03:32:15.334] [exthost] [warning] [Decorations] CAPPING events from decorations provider vscode.git 482
[2022-06-12 03:32:20.442] [exthost] [warning] [Decorations] CAPPING events from decorations provider vscode.git 482
[2022-06-12 03:32:25.596] [exthost] [warning] [Decorations] CAPPING events from decorations provider vscode.git 482
[2022-06-12 03:33:27.314] [exthost] [warning] [Decorations] CAPPING events from decorations provider vscode.git 482
[2022-06-12 03:33:32.520] [exthost] [warning] [Decorations] CAPPING events from decorations provider vscode.git 482
[2022-06-12 03:33:37.711] [exthost] [warning] [Decorations] CAPPING events from decorations provider vscode.git 482
[2022-06-12 03:33:42.958] [exthost] [warning] [Decorations] CAPPING events from decorations provider vscode.git 482
[2022-06-12 03:33:48.627] [exthost] [warning] [Decorations] CAPPING events from decorations provider vscode.git 482
[2022-06-12 03:33:53.761] [exthost] [warning] [Decorations] CAPPING events from decorations provider vscode.git 482
[2022-06-12 03:33:58.909] [exthost] [warning] [Decorations] CAPPING events from decorations provider vscode.git 482
[2022-06-12 03:34:04.110] [exthost] [warning] [Decorations] CAPPING events from decorations provider vscode.git 482
[2022-06-12 03:34:09.281] [exthost] [warning] [Decorations] CAPPING events from decorations provider vscode.git 482
[2022-06-12 03:34:14.393] [exthost] [warning] [Decorations] CAPPING events from decorations provider vscode.git 482
[2022-06-12 03:34:19.509] [exthost] [warning] [Decorations] CAPPING events from decorations provider vscode.git 482
[2022-06-12 03:34:24.607] [exthost] [warning] [Decorations] CAPPING events from decorations provider vscode.git 482
[2022-06-12 03:34:29.724] [exthost] [warning] [Decorations] CAPPING events from decorations provider vscode.git 482
[2022-06-12 03:34:34.833] [exthost] [warning] [Decorations] CAPPING events from decorations provider vscode.git 482
[2022-06-12 03:34:39.933] [exthost] [warning] [Decorations] CAPPING events from decorations provider vscode.git 482
[2022-06-12 03:36:26.276] [exthost] [warning] [Decorations] CAPPING events from decorations provider vscode.git 482
[2022-06-12 03:36:31.516] [exthost] [warning] [Decorations] CAPPING events from decorations provider vscode.git 482
[2022-06-12 03:36:36.609] [exthost] [warning] [Decorations] CAPPING events from decorations provider vscode.git 482
[2022-06-12 03:36:41.688] [exthost] [warning] [Decorations] CAPPING events from decorations provider vscode.git 482
[2022-06-12 03:36:46.775] [exthost] [warning] [Decorations] CAPPING events from decorations provider vscode.git 482
[2022-06-12 03:36:51.851] [exthost] [warning] [Decorations] CAPPING events from decorations provider vscode.git 482
[2022-06-12 03:36:56.936] [exthost] [warning] [Decorations] CAPPING events from decorations provider vscode.git 482
[2022-06-12 03:37:02.081] [exthost] [warning] [Decorations] CAPPING events from decorations provider vscode.git 482
[2022-06-12 03:37:07.173] [exthost] [warning] [Decorations] CAPPING events from decorations provider vscode.git 482
[2022-06-12 03:37:12.291] [exthost] [warning] [Decorations] CAPPING events from decorations provider vscode.git 482
[2022-06-12 03:37:17.378] [exthost] [warning] [Decorations] CAPPING events from decorations provider vscode.git 482
[2022-06-12 03:37:22.523] [exthost] [warning] [Decorations] CAPPING events from decorations provider vscode.git 482
[2022-06-12 03:37:27.687] [exthost] [warning] [Decorations] CAPPING events from decorations provider vscode.git 483
[2022-06-12 03:37:32.814] [exthost] [warning] [Decorations] CAPPING events from decorations provider vscode.git 483
[2022-06-12 03:37:37.969] [exthost] [warning] [Decorations] CAPPING events from decorations provider vscode.git 483
[2022-06-12 03:37:43.135] [exthost] [warning] [Decorations] CAPPING events from decorations provider vscode.git 483
[2022-06-12 03:37:48.236] [exthost] [warning] [Decorations] CAPPING events from decorations provider vscode.git 483
[2022-06-12 03:37:53.599] [exthost] [warning] [Decorations] CAPPING events from decorations provider vscode.git 483
[2022-06-12 03:37:58.714] [exthost] [warning] [Decorations] CAPPING events from decorations provider vscode.git 483
[2022-06-12 03:38:03.814] [exthost] [warning] [Decorations] CAPPING events from decorations provider vscode.git 483
[2022-06-12 03:38:08.962] [exthost] [warning] [Decorations] CAPPING events from decorations provider vscode.git 483
[2022-06-12 03:38:14.098] [exthost] [warning] [Decorations] CAPPING events from decorations provider vscode.git 483
[2022-06-12 03:38:19.216] [exthost] [warning] [Decorations] CAPPING events from decorations provider vscode.git 483
[2022-06-12 03:38:24.372] [exthost] [warning] [Decorations] CAPPING events from decorations provider vscode.git 484
[2022-06-12 03:38:29.466] [exthost] [warning] [Decorations] CAPPING events from decorations provider vscode.git 483
[2022-06-12 03:38:58.104] [exthost] [warning] [Decorations] CAPPING events from decorations provider vscode.git 483
[2022-06-12 03:39:03.231] [exthost] [warning] [Decorations] CAPPING events from decorations provider vscode.git 483
[2022-06-12 03:39:08.344] [exthost] [warning] [Decorations] CAPPING events from decorations provider vscode.git 483
[2022-06-12 03:39:13.435] [exthost] [warning] [Decorations] CAPPING events from decorations provider vscode.git 483
[2022-06-12 03:39:18.547] [exthost] [warning] [Decorations] CAPPING events from decorations provider vscode.git 483
[2022-06-12 03:39:23.656] [exthost] [warning] [Decorations] CAPPING events from decorations provider vscode.git 483
[2022-06-12 03:39:28.816] [exthost] [warning] [Decorations] CAPPING events from decorations provider vscode.git 483
[2022-06-12 03:39:34.082] [exthost] [warning] [Decorations] CAPPING events from decorations provider vscode.git 484
[2022-06-12 03:39:39.180] [exthost] [warning] [Decorations] CAPPING events from decorations provider vscode.git 484
[2022-06-12 03:39:44.272] [exthost] [warning] [Decorations] CAPPING events from decorations provider vscode.git 484
[2022-06-12 03:39:49.375] [exthost] [warning] [Decorations] CAPPING events from decorations provider vscode.git 485
[2022-06-12 03:39:54.467] [exthost] [warning] [Decorations] CAPPING events from decorations provider vscode.git 484
[2022-06-12 03:39:59.622] [exthost] [warning] [Decorations] CAPPING events from decorations provider vscode.git 484
[2022-06-12 03:40:04.722] [exthost] [warning] [Decorations] CAPPING events from decorations provider vscode.git 484
[2022-06-12 03:40:09.851] [exthost] [warning] [Decorations] CAPPING events from decorations provider vscode.git 484
[2022-06-12 03:40:14.955] [exthost] [warning] [Decorations] CAPPING events from decorations provider vscode.git 484
[2022-06-12 03:40:20.524] [exthost] [warning] [Decorations] CAPPING events from decorations provider vscode.git 484
[2022-06-12 03:40:25.708] [exthost] [warning] [Decorations] CAPPING events from decorations provider vscode.git 484
[2022-06-12 03:40:30.805] [exthost] [warning] [Decorations] CAPPING events from decorations provider vscode.git 484
[2022-06-12 03:40:35.907] [exthost] [warning] [Decorations] CAPPING events from decorations provider vscode.git 484
[2022-06-12 03:40:41.062] [exthost] [warning] [Decorations] CAPPING events from decorations provider vscode.git 484
[2022-06-12 03:40:46.172] [exthost] [warning] [Decorations] CAPPING events from decorations provider vscode.git 484
[2022-06-12 03:40:51.283] [exthost] [warning] [Decorations] CAPPING events from decorations provider vscode.git 484
[2022-06-12 03:40:56.380] [exthost] [warning] [Decorations] CAPPING events from decorations provider vscode.git 484
[2022-06-12 03:41:01.596] [exthost] [warning] [Decorations] CAPPING events from decorations provider vscode.git 484
[2022-06-12 03:41:06.709] [exthost] [warning] [Decorations] CAPPING events from decorations provider vscode.git 484
[2022-06-12 03:41:11.799] [exthost] [warning] [Decorations] CAPPING events from decorations provider vscode.git 484
[2022-06-12 03:41:16.888] [exthost] [warning] [Decorations] CAPPING events from decorations provider vscode.git 484
[2022-06-12 03:41:22.098] [exthost] [warning] [Decorations] CAPPING events from decorations provider vscode.git 484
[2022-06-12 03:41:27.239] [exthost] [warning] [Decorations] CAPPING events from decorations provider vscode.git 484
[2022-06-12 03:41:32.347] [exthost] [warning] [Decorations] CAPPING events from decorations provider vscode.git 484
[2022-06-12 03:41:37.431] [exthost] [warning] [Decorations] CAPPING events from decorations provider vscode.git 484
[2022-06-12 03:41:42.556] [exthost] [warning] [Decorations] CAPPING events from decorations provider vscode.git 484
[2022-06-12 03:41:47.678] [exthost] [warning] [Decorations] CAPPING events from decorations provider vscode.git 484
[2022-06-12 03:41:52.761] [exthost] [warning] [Decorations] CAPPING events from decorations provider vscode.git 484
[2022-06-12 03:41:57.876] [exthost] [warning] [Decorations] CAPPING events from decorations provider vscode.git 484
[2022-06-12 03:42:03.023] [exthost] [warning] [Decorations] CAPPING events from decorations provider vscode.git 484
[2022-06-12 03:42:08.177] [exthost] [warning] [Decorations] CAPPING events from decorations provider vscode.git 484
[2022-06-12 03:42:13.327] [exthost] [warning] [Decorations] CAPPING events from decorations provider vscode.git 485
[2022-06-12 03:42:18.452] [exthost] [warning] [Decorations] CAPPING events from decorations provider vscode.git 485
[2022-06-12 03:42:23.561] [exthost] [warning] [Decorations] CAPPING events from decorations provider vscode.git 485
[2022-06-12 03:42:28.671] [exthost] [warning] [Decorations] CAPPING events from decorations provider vscode.git 485
[2022-06-12 03:42:33.794] [exthost] [warning] [Decorations] CAPPING events from decorations provider vscode.git 485
[2022-06-12 03:42:38.898] [exthost] [warning] [Decorations] CAPPING events from decorations provider vscode.git 485
[2022-06-12 03:42:43.985] [exthost] [warning] [Decorations] CAPPING events from decorations provider vscode.git 485
[2022-06-12 03:42:49.091] [exthost] [warning] [Decorations] CAPPING events from decorations provider vscode.git 485
[2022-06-12 03:42:54.188] [exthost] [warning] [Decorations] CAPPING events from decorations provider vscode.git 485
[2022-06-12 03:42:59.296] [exthost] [warning] [Decorations] CAPPING events from decorations provider vscode.git 485
[2022-06-12 03:43:04.384] [exthost] [warning] [Decorations] CAPPING events from decorations provider vscode.git 485
[2022-06-12 03:43:09.469] [exthost] [warning] [Decorations] CAPPING events from decorations provider vscode.git 485
[2022-06-12 03:43:14.570] [exthost] [warning] [Decorations] CAPPING events from decorations provider vscode.git 485
[2022-06-12 03:43:19.646] [exthost] [warning] [Decorations] CAPPING events from decorations provider vscode.git 485
[2022-06-12 03:43:24.733] [exthost] [warning] [Decorations] CAPPING events from decorations provider vscode.git 485
[2022-06-12 03:43:29.848] [exthost] [warning] [Decorations] CAPPING events from decorations provider vscode.git 485
[2022-06-12 03:43:34.953] [exthost] [warning] [Decorations] CAPPING events from decorations provider vscode.git 485
[2022-06-12 03:43:40.080] [exthost] [warning] [Decorations] CAPPING events from decorations provider vscode.git 485
[2022-06-12 03:43:45.159] [exthost] [warning] [Decorations] CAPPING events from decorations provider vscode.git 485
[2022-06-12 03:43:50.243] [exthost] [warning] [Decorations] CAPPING events from decorations provider vscode.git 485
[2022-06-12 03:45:59.955] [exthost] [warning] [Decorations] CAPPING events from decorations provider vscode.git 485
[2022-06-12 03:49:04.824] [exthost] [warning] [Decorations] CAPPING events from decorations provider vscode.git 485
[2022-06-12 03:49:09.932] [exthost] [warning] [Decorations] CAPPING events from decorations provider vscode.git 485
[2022-06-12 03:49:15.018] [exthost] [warning] [Decorations] CAPPING events from decorations provider vscode.git 485
[2022-06-12 03:49:20.105] [exthost] [warning] [Decorations] CAPPING events from decorations provider vscode.git 485
[2022-06-12 03:51:18.725] [exthost] [warning] [Decorations] CAPPING events from decorations provider vscode.git 485
[2022-06-12 03:51:23.844] [exthost] [warning] [Decorations] CAPPING events from decorations provider vscode.git 485
[2022-06-12 03:51:28.971] [exthost] [warning] [Decorations] CAPPING events from decorations provider vscode.git 485
[2022-06-12 03:51:34.146] [exthost] [warning] [Decorations] CAPPING events from decorations provider vscode.git 486
[2022-06-12 03:51:39.262] [exthost] [warning] [Decorations] CAPPING events from decorations provider vscode.git 487
[2022-06-12 03:51:44.360] [exthost] [warning] [Decorations] CAPPING events from decorations provider vscode.git 486
[2022-06-12 03:51:49.457] [exthost] [warning] [Decorations] CAPPING events from decorations provider vscode.git 486
[2022-06-12 03:51:54.547] [exthost] [warning] [Decorations] CAPPING events from decorations provider vscode.git 486
[2022-06-12 03:51:59.645] [exthost] [warning] [Decorations] CAPPING events from decorations provider vscode.git 486
[2022-06-12 03:52:04.728] [exthost] [warning] [Decorations] CAPPING events from decorations provider vscode.git 486
[2022-06-12 03:52:09.882] [exthost] [warning] [Decorations] CAPPING events from decorations provider vscode.git 486
[2022-06-12 03:52:14.960] [exthost] [warning] [Decorations] CAPPING events from decorations provider vscode.git 486
[2022-06-12 03:52:20.079] [exthost] [warning] [Decorations] CAPPING events from decorations provider vscode.git 486
[2022-06-12 03:52:25.177] [exthost] [warning] [Decorations] CAPPING events from decorations provider vscode.git 486
[2022-06-12 03:54:56.989] [exthost] [warning] [Decorations] CAPPING events from decorations provider vscode.git 486
[2022-06-12 03:56:41.038] [exthost] [warning] [Decorations] CAPPING events from decorations provider vscode.git 486
[2022-06-12 03:56:56.301] [exthost] [warning] [Decorations] CAPPING events from decorations provider vscode.git 486
[2022-06-12 03:57:03.735] [exthost] [warning] [Decorations] CAPPING events from decorations provider vscode.git 486
[2022-06-12 03:57:13.447] [exthost] [warning] [Decorations] CAPPING events from decorations provider vscode.git 486
[2022-06-12 03:57:26.064] [exthost] [warning] [Decorations] CAPPING events from decorations provider vscode.git 486
[2022-06-12 03:57:31.169] [exthost] [warning] [Decorations] CAPPING events from decorations provider vscode.git 486
[2022-06-12 03:57:36.253] [exthost] [warning] [Decorations] CAPPING events from decorations provider vscode.git 486
[2022-06-12 03:57:41.333] [exthost] [warning] [Decorations] CAPPING events from decorations provider vscode.git 486
[2022-06-12 03:57:46.409] [exthost] [warning] [Decorations] CAPPING events from decorations provider vscode.git 486
[2022-06-12 03:57:51.487] [exthost] [warning] [Decorations] CAPPING events from decorations provider vscode.git 486
[2022-06-12 04:00:20.054] [exthost] [warning] [Decorations] CAPPING events from decorations provider vscode.git 486
[2022-06-12 04:00:25.992] [exthost] [warning] [Decorations] CAPPING events from decorations provider vscode.git 486
[2022-06-12 04:00:31.104] [exthost] [warning] [Decorations] CAPPING events from decorations provider vscode.git 486
[2022-06-12 04:00:36.234] [exthost] [warning] [Decorations] CAPPING events from decorations provider vscode.git 486
[2022-06-12 04:00:41.360] [exthost] [warning] [Decorations] CAPPING events from decorations provider vscode.git 486
[2022-06-12 04:00:46.530] [exthost] [warning] [Decorations] CAPPING events from decorations provider vscode.git 486
[2022-06-12 04:00:51.647] [exthost] [warning] [Decorations] CAPPING events from decorations provider vscode.git 486
[2022-06-12 04:00:56.784] [exthost] [warning] [Decorations] CAPPING events from decorations provider vscode.git 486
[2022-06-12 04:01:01.944] [exthost] [warning] [Decorations] CAPPING events from decorations provider vscode.git 486
[2022-06-12 04:01:07.082] [exthost] [warning] [Decorations] CAPPING events from decorations provider vscode.git 486
[2022-06-12 04:01:12.203] [exthost] [warning] [Decorations] CAPPING events from decorations provider vscode.git 486
[2022-06-12 04:01:17.319] [exthost] [warning] [Decorations] CAPPING events from decorations provider vscode.git 486
[2022-06-12 04:01:22.503] [exthost] [warning] [Decorations] CAPPING events from decorations provider vscode.git 486
[2022-06-12 04:01:27.675] [exthost] [warning] [Decorations] CAPPING events from decorations provider vscode.git 486
[2022-06-12 04:01:32.887] [exthost] [warning] [Decorations] CAPPING events from decorations provider vscode.git 486
[2022-06-12 04:01:38.161] [exthost] [warning] [Decorations] CAPPING events from decorations provider vscode.git 486
[2022-06-12 04:01:43.711] [exthost] [warning] [Decorations] CAPPING events from decorations provider vscode.git 486
[2022-06-12 04:01:48.932] [exthost] [warning] [Decorations] CAPPING events from decorations provider vscode.git 486
[2022-06-12 04:01:54.122] [exthost] [warning] [Decorations] CAPPING events from decorations provider vscode.git 486
[2022-06-12 04:01:59.276] [exthost] [warning] [Decorations] CAPPING events from decorations provider vscode.git 486
[2022-06-12 04:02:04.537] [exthost] [warning] [Decorations] CAPPING events from decorations provider vscode.git 486
[2022-06-12 04:02:09.678] [exthost] [warning] [Decorations] CAPPING events from decorations provider vscode.git 486
[2022-06-12 04:02:14.871] [exthost] [warning] [Decorations] CAPPING events from decorations provider vscode.git 486
[2022-06-12 04:02:20.040] [exthost] [warning] [Decorations] CAPPING events from decorations provider vscode.git 486
[2022-06-12 04:02:25.320] [exthost] [warning] [Decorations] CAPPING events from decorations provider vscode.git 486
[2022-06-12 04:02:30.480] [exthost] [warning] [Decorations] CAPPING events from decorations provider vscode.git 486
[2022-06-12 04:02:35.643] [exthost] [warning] [Decorations] CAPPING events from decorations provider vscode.git 486
[2022-06-12 04:02:40.776] [exthost] [warning] [Decorations] CAPPING events from decorations provider vscode.git 486
[2022-06-12 04:02:46.028] [exthost] [warning] [Decorations] CAPPING events from decorations provider vscode.git 486
[2022-06-12 04:02:51.201] [exthost] [warning] [Decorations] CAPPING events from decorations provider vscode.git 486
[2022-06-12 04:02:56.381] [exthost] [warning] [Decorations] CAPPING events from decorations provider vscode.git 486
[2022-06-12 04:03:01.753] [exthost] [warning] [Decorations] CAPPING events from decorations provider vscode.git 486
[2022-06-12 04:12:38.598] [exthost] [warning] [Decorations] CAPPING events from decorations provider vscode.git 486
[2022-06-12 04:12:45.295] [exthost] [warning] [Decorations] CAPPING events from decorations provider vscode.git 486
[2022-06-12 04:12:51.035] [exthost] [warning] [Decorations] CAPPING events from decorations provider vscode.git 486
[2022-06-12 04:12:57.167] [exthost] [warning] [Decorations] CAPPING events from decorations provider vscode.git 486
[2022-06-12 04:13:04.860] [exthost] [warning] [Decorations] CAPPING events from decorations provider vscode.git 486
[2022-06-12 04:13:11.708] [exthost] [warning] [Decorations] CAPPING events from decorations provider vscode.git 486
[2022-06-12 04:13:16.819] [exthost] [warning] [Decorations] CAPPING events from decorations provider vscode.git 486
[2022-06-12 04:13:21.910] [exthost] [warning] [Decorations] CAPPING events from decorations provider vscode.git 486
[2022-06-12 04:13:27.080] [exthost] [warning] [Decorations] CAPPING events from decorations provider vscode.git 486
[2022-06-12 04:13:32.179] [exthost] [warning] [Decorations] CAPPING events from decorations provider vscode.git 486
[2022-06-12 04:13:37.261] [exthost] [warning] [Decorations] CAPPING events from decorations provider vscode.git 486
[2022-06-12 04:13:42.348] [exthost] [warning] [Decorations] CAPPING events from decorations provider vscode.git 486
[2022-06-12 04:13:47.443] [exthost] [warning] [Decorations] CAPPING events from decorations provider vscode.git 486
[2022-06-12 04:18:31.215] [exthost] [warning] [Decorations] CAPPING events from decorations provider vscode.git 486
[2022-06-12 04:46:14.165] [exthost] [info] Extension host terminating: received terminate message from renderer
[2022-06-12 04:46:14.262] [exthost] [error] Error: read ECONNRESET
	at Pipe.onStreamRead (node:internal/stream_base_commons:220:20)
[2022-06-12 04:46:14.279] [exthost] [info] Extension host with pid 9501 exiting with code 0
[2022-06-12 04:46:18.759] [exthost] [info] Extension host with pid 28137 started
[2022-06-12 04:46:18.760] [exthost] [info] Skipping acquiring lock for /home/virtuoso/Programming/UWT/DB/Language_Website/~/.vscoderoot/User/workspaceStorage/03135f9d02fd0fdad3f5854f5ed730dd.
[2022-06-12 04:46:19.206] [exthost] [info] ExtensionService#_doActivateExtension vscode.microsoft-authentication, startup: false, activationEvent: 'onAuthenticationRequest:microsoft'
[2022-06-12 04:46:19.276] [exthost] [info] ExtensionService#_doActivateExtension vscode.debug-auto-launch, startup: true, activationEvent: '*'
[2022-06-12 04:46:19.283] [exthost] [info] ExtensionService#_doActivateExtension vscode.git-base, startup: true, activationEvent: '*', root cause: vscode.git
[2022-06-12 04:46:19.289] [exthost] [info] ExtensionService#_doActivateExtension vscode.ipynb, startup: true, activationEvent: '*'
[2022-06-12 04:46:19.298] [exthost] [info] ExtensionService#_doActivateExtension vscode.npm, startup: true, activationEvent: 'workspaceContains:package.json'
[2022-06-12 04:46:19.814] [exthost] [info] ExtensionService#_doActivateExtension vscode.git, startup: true, activationEvent: '*'
[2022-06-12 04:46:19.926] [exthost] [info] ExtensionService#_doActivateExtension vscode.github, startup: true, activationEvent: '*'
[2022-06-12 04:46:20.726] [exthost] [info] ExtensionService#_doActivateExtension vscode.github-authentication, startup: false, activationEvent: 'onAuthenticationRequest:github'
[2022-06-12 04:46:20.830] [exthost] [info] Eager extensions activated
[2022-06-12 04:46:20.892] [exthost] [info] ExtensionService#_doActivateExtension vscode.emmet, startup: false, activationEvent: 'onStartupFinished'
[2022-06-12 04:46:20.924] [exthost] [info] ExtensionService#_doActivateExtension vscode.merge-conflict, startup: false, activationEvent: 'onStartupFinished'
[2022-06-12 04:46:25.385] [exthost] [info] ExtensionService#_doActivateExtension vscode.typescript-language-features, startup: false, activationEvent: 'onLanguage:javascript'
[2022-06-12 04:46:25.466] [exthost] [info] ExtensionService#_doActivateExtension VisualStudioExptTeam.vscodeintellicode, startup: false, activationEvent: 'onLanguage:javascript'
[2022-06-12 04:51:14.915] [exthost] [info] ExtensionService#_doActivateExtension vscode.configuration-editing, startup: false, activationEvent: 'onLanguage:json'
[2022-06-12 04:51:14.945] [exthost] [info] ExtensionService#_doActivateExtension vscode.extension-editing, startup: false, activationEvent: 'onLanguage:json'
[2022-06-12 04:51:14.991] [exthost] [info] ExtensionService#_doActivateExtension vscode.json-language-features, startup: false, activationEvent: 'onLanguage:json'
[2022-06-12 04:51:15.565] [exthost] [info] Extension host terminating: renderer closed the socket
[2022-06-12 04:51:15.607] [exthost] [info] Extension host with pid 28137 exiting with code 0
[2022-06-12 04:51:16.554] [exthost] [info] Extension host with pid 28303 started
[2022-06-12 04:51:16.554] [exthost] [info] Skipping acquiring lock for /home/virtuoso/Programming/UWT/DB/Language_Website/~/.vscoderoot/User/workspaceStorage/8d27ba22e7001e0c71c1edc70536fdca.
[2022-06-12 04:51:16.628] [exthost] [info] ExtensionService#_doActivateExtension vscode.microsoft-authentication, startup: false, activationEvent: 'onAuthenticationRequest:microsoft'
[2022-06-12 04:51:16.659] [exthost] [info] ExtensionService#_doActivateExtension vscode.github-authentication, startup: false, activationEvent: 'onAuthenticationRequest:github'
[2022-06-12 04:51:16.689] [exthost] [info] ExtensionService#_doActivateExtension vscode.typescript-language-features, startup: false, activationEvent: 'onLanguage:javascript'
[2022-06-12 04:51:16.721] [exthost] [info] ExtensionService#_doActivateExtension VisualStudioExptTeam.vscodeintellicode, startup: false, activationEvent: 'onLanguage:javascript'
[2022-06-12 04:51:16.789] [exthost] [info] ExtensionService#_doActivateExtension vscode.git-base, startup: false, activationEvent: 'onFileSystem:git', root cause: vscode.git
[2022-06-12 04:51:16.796] [exthost] [info] ExtensionService#_doActivateExtension vscode.configuration-editing, startup: false, activationEvent: 'onLanguage:json'
[2022-06-12 04:51:16.803] [exthost] [info] ExtensionService#_doActivateExtension vscode.extension-editing, startup: false, activationEvent: 'onLanguage:json'
[2022-06-12 04:51:16.812] [exthost] [info] ExtensionService#_doActivateExtension vscode.json-language-features, startup: false, activationEvent: 'onLanguage:json'
[2022-06-12 04:51:16.849] [exthost] [info] ExtensionService#_doActivateExtension vscode.npm, startup: false, activationEvent: 'onLanguage:json'
[2022-06-12 04:51:16.860] [exthost] [info] ExtensionService#_doActivateExtension vscode.debug-auto-launch, startup: true, activationEvent: '*'
[2022-06-12 04:51:16.863] [exthost] [info] ExtensionService#_doActivateExtension vscode.ipynb, startup: true, activationEvent: '*'
[2022-06-12 04:51:20.459] [exthost] [info] ExtensionService#_doActivateExtension vscode.git, startup: false, activationEvent: 'onFileSystem:git'
[2022-06-12 04:51:20.533] [exthost] [info] ExtensionService#_doActivateExtension vscode.github, startup: true, activationEvent: '*'
[2022-06-12 04:51:22.250] [exthost] [info] Eager extensions activated
[2022-06-12 04:51:22.516] [exthost] [info] ExtensionService#_doActivateExtension vscode.emmet, startup: false, activationEvent: 'onStartupFinished'
[2022-06-12 04:51:22.533] [exthost] [info] ExtensionService#_doActivateExtension vscode.merge-conflict, startup: false, activationEvent: 'onStartupFinished'
