[2022-06-11 22:45:34.339] [main] [info] update#setState idle
[2022-06-11 22:45:37.250] [main] [info] Starting extension host with pid 9374 (fork() took 23 ms).
[2022-06-11 22:46:04.348] [main] [info] update#setState checking for updates
[2022-06-11 22:46:04.355] [main] [info] update#setState idle
[2022-06-11 22:46:57.356] [main] [info] Extension host with pid 9374 exited with code: 0, signal: null.
[2022-06-11 22:46:59.033] [main] [info] Starting extension host with pid 9501 (fork() took 43 ms).
[2022-06-11 23:46:04.379] [main] [info] update#setState checking for updates
[2022-06-11 23:46:04.387] [main] [info] update#setState idle
[2022-06-12 00:10:52.670] [main] [info] Enabling inspect port on extension host with pid 9501.
[2022-06-12 00:10:53.862] [main] [info] Enabling inspect port on extension host with pid 9501.
[2022-06-12 00:46:04.414] [main] [info] update#setState checking for updates
[2022-06-12 00:46:04.418] [main] [info] update#setState idle
[2022-06-12 01:46:04.486] [main] [info] update#setState checking for updates
[2022-06-12 01:46:04.495] [main] [info] update#setState idle
[2022-06-12 02:46:04.489] [main] [info] update#setState checking for updates
[2022-06-12 02:46:04.496] [main] [info] update#setState idle
[2022-06-12 03:46:04.496] [main] [info] update#setState checking for updates
[2022-06-12 03:46:04.523] [main] [info] update#setState idle
[2022-06-12 04:46:04.504] [main] [info] update#setState checking for updates
[2022-06-12 04:46:04.511] [main] [info] update#setState idle
[2022-06-12 04:46:14.536] [main] [info] Extension host with pid 9501 exited with code: 0, signal: null.
[2022-06-12 04:46:16.966] [main] [info] Starting extension host with pid 28137 (fork() took 49 ms).
[2022-06-12 04:51:15.873] [main] [info] Starting extension host with pid 28303 (fork() took 16 ms).
[2022-06-12 04:51:17.828] [main] [info] Extension host with pid 28137 exited with code: 0, signal: null.
[2022-06-12 05:39:03.714] [main] [info] Enabling inspect port on extension host with pid 28303.
[2022-06-12 05:39:03.750] [main] [info] Enabling inspect port on extension host with pid 28303.
[2022-06-12 05:46:04.509] [main] [info] update#setState checking for updates
[2022-06-12 05:46:04.521] [main] [info] update#setState idle
