[2022-06-12T16:29:04.246Z] Log level: Info
[2022-06-12T16:29:04.247Z] [info] Validating found git in: git
[2022-06-12T16:29:04.297Z] [info] Using git 2.36.1 from git
[2022-06-12T16:29:04.367Z] > git rev-parse --show-toplevel [19ms]
[2022-06-12T16:29:04.405Z] > git rev-parse --git-dir --git-common-dir [9ms]
[2022-06-12T16:29:04.427Z] [info] Open repository: /home/virtuoso/Programming/UWT/DB/Language_Website
[2022-06-12T16:29:04.479Z] > git status -z -uall [31ms]
[2022-06-12T16:29:04.498Z] > git symbolic-ref --short HEAD [9ms]
[2022-06-12T16:29:04.512Z] > git for-each-ref --format=%(refname)%00%(upstream:short)%00%(objectname)%00%(upstream:track)%00%(upstream:remotename)%00%(upstream:remoteref) refs/heads/mysql_branch refs/remotes/mysql_branch [4ms]
[2022-06-12T16:29:04.539Z] > git for-each-ref --sort -committerdate --format %(refname) %(objectname) %(*objectname) [16ms]
[2022-06-12T16:29:04.544Z] > git remote --verbose [9ms]
[2022-06-12T16:29:04.566Z] > git config --get commit.template [4ms]
[2022-06-12T16:29:04.976Z] > git check-ignore -v -z --stdin [4ms]
[2022-06-12T16:29:06.695Z] > git status -z -uall [19ms]
[2022-06-12T16:29:06.702Z] > git symbolic-ref --short HEAD [1ms]
[2022-06-12T16:29:06.709Z] > git for-each-ref --format=%(refname)%00%(upstream:short)%00%(objectname)%00%(upstream:track)%00%(upstream:remotename)%00%(upstream:remoteref) refs/heads/mysql_branch refs/remotes/mysql_branch [2ms]
[2022-06-12T16:29:06.721Z] > git for-each-ref --sort -committerdate --format %(refname) %(objectname) %(*objectname) [7ms]
[2022-06-12T16:29:06.721Z] > git remote --verbose [1ms]
[2022-06-12T16:29:06.736Z] > git config --get commit.template [4ms]
[2022-06-12T16:29:08.197Z] > git check-ignore -v -z --stdin [5ms]
[2022-06-12T16:29:09.608Z] > git check-ignore -v -z --stdin [3ms]
[2022-06-12T16:29:11.821Z] > git status -z -uall [53ms]
[2022-06-12T16:29:11.830Z] > git show --textconv :src/components/RawSQLData.json [20ms]
[2022-06-12T16:29:11.840Z] > git symbolic-ref --short HEAD [11ms]
[2022-06-12T16:29:11.849Z] > git ls-files --stage -- /home/virtuoso/Programming/UWT/DB/Language_Website/src/components/RawSQLData.json [31ms]
[2022-06-12T16:29:11.883Z] > git for-each-ref --format=%(refname)%00%(upstream:short)%00%(objectname)%00%(upstream:track)%00%(upstream:remotename)%00%(upstream:remoteref) refs/heads/mysql_branch refs/remotes/mysql_branch [37ms]
[2022-06-12T16:29:11.969Z] > git remote --verbose [43ms]
[2022-06-12T16:29:11.972Z] > git for-each-ref --sort -committerdate --format %(refname) %(objectname) %(*objectname) [71ms]
[2022-06-12T16:29:12.038Z] > git config --get commit.template [44ms]
[2022-06-12T16:29:17.065Z] > git status -z -uall [19ms]
[2022-06-12T16:29:17.074Z] > git symbolic-ref --short HEAD [2ms]
[2022-06-12T16:29:17.090Z] > git for-each-ref --format=%(refname)%00%(upstream:short)%00%(objectname)%00%(upstream:track)%00%(upstream:remotename)%00%(upstream:remoteref) refs/heads/mysql_branch refs/remotes/mysql_branch [5ms]
[2022-06-12T16:29:17.114Z] > git for-each-ref --sort -committerdate --format %(refname) %(objectname) %(*objectname) [11ms]
[2022-06-12T16:29:17.119Z] > git remote --verbose [8ms]
[2022-06-12T16:29:17.138Z] > git config --get commit.template [3ms]
[2022-06-12T16:29:22.175Z] > git status -z -uall [22ms]
[2022-06-12T16:29:22.186Z] > git symbolic-ref --short HEAD [3ms]
[2022-06-12T16:29:22.193Z] > git for-each-ref --format=%(refname)%00%(upstream:short)%00%(objectname)%00%(upstream:track)%00%(upstream:remotename)%00%(upstream:remoteref) refs/heads/mysql_branch refs/remotes/mysql_branch [2ms]
[2022-06-12T16:29:22.205Z] > git for-each-ref --sort -committerdate --format %(refname) %(objectname) %(*objectname) [7ms]
[2022-06-12T16:29:22.206Z] > git remote --verbose [2ms]
[2022-06-12T16:29:22.217Z] > git config --get commit.template [1ms]
[2022-06-12T16:29:27.269Z] > git status -z -uall [24ms]
[2022-06-12T16:29:27.282Z] > git symbolic-ref --short HEAD [3ms]
[2022-06-12T16:29:27.291Z] > git for-each-ref --format=%(refname)%00%(upstream:short)%00%(objectname)%00%(upstream:track)%00%(upstream:remotename)%00%(upstream:remoteref) refs/heads/mysql_branch refs/remotes/mysql_branch [3ms]
[2022-06-12T16:29:27.304Z] > git for-each-ref --sort -committerdate --format %(refname) %(objectname) %(*objectname) [7ms]
[2022-06-12T16:29:27.305Z] > git remote --verbose [2ms]
[2022-06-12T16:29:27.317Z] > git config --get commit.template [2ms]
[2022-06-12T16:29:32.374Z] > git status -z -uall [39ms]
[2022-06-12T16:29:32.382Z] > git symbolic-ref --short HEAD [2ms]
[2022-06-12T16:29:32.394Z] > git for-each-ref --format=%(refname)%00%(upstream:short)%00%(objectname)%00%(upstream:track)%00%(upstream:remotename)%00%(upstream:remoteref) refs/heads/mysql_branch refs/remotes/mysql_branch [3ms]
[2022-06-12T16:29:32.412Z] > git remote --verbose [6ms]
[2022-06-12T16:29:32.413Z] > git for-each-ref --sort -committerdate --format %(refname) %(objectname) %(*objectname) [13ms]
[2022-06-12T16:29:32.429Z] > git config --get commit.template [4ms]
[2022-06-12T16:29:37.473Z] > git status -z -uall [24ms]
[2022-06-12T16:29:37.492Z] > git symbolic-ref --short HEAD [2ms]
[2022-06-12T16:29:37.499Z] > git for-each-ref --format=%(refname)%00%(upstream:short)%00%(objectname)%00%(upstream:track)%00%(upstream:remotename)%00%(upstream:remoteref) refs/heads/mysql_branch refs/remotes/mysql_branch [2ms]
[2022-06-12T16:29:37.512Z] > git for-each-ref --sort -committerdate --format %(refname) %(objectname) %(*objectname) [8ms]
[2022-06-12T16:29:37.513Z] > git remote --verbose [2ms]
[2022-06-12T16:29:37.526Z] > git config --get commit.template [2ms]
[2022-06-12T16:29:42.549Z] > git status -z -uall [12ms]
[2022-06-12T16:29:42.561Z] > git symbolic-ref --short HEAD [2ms]
[2022-06-12T16:29:42.569Z] > git for-each-ref --format=%(refname)%00%(upstream:short)%00%(objectname)%00%(upstream:track)%00%(upstream:remotename)%00%(upstream:remoteref) refs/heads/mysql_branch refs/remotes/mysql_branch [2ms]
[2022-06-12T16:29:42.581Z] > git for-each-ref --sort -committerdate --format %(refname) %(objectname) %(*objectname) [7ms]
[2022-06-12T16:29:42.582Z] > git remote --verbose [2ms]
[2022-06-12T16:29:42.597Z] > git config --get commit.template [3ms]
[2022-06-12T16:29:47.633Z] > git status -z -uall [24ms]
[2022-06-12T16:29:47.640Z] > git symbolic-ref --short HEAD [1ms]
[2022-06-12T16:29:47.647Z] > git for-each-ref --format=%(refname)%00%(upstream:short)%00%(objectname)%00%(upstream:track)%00%(upstream:remotename)%00%(upstream:remoteref) refs/heads/mysql_branch refs/remotes/mysql_branch [1ms]
[2022-06-12T16:29:47.661Z] > git for-each-ref --sort -committerdate --format %(refname) %(objectname) %(*objectname) [8ms]
[2022-06-12T16:29:47.661Z] > git remote --verbose [2ms]
[2022-06-12T16:29:47.676Z] > git config --get commit.template [4ms]
[2022-06-12T16:29:52.711Z] > git status -z -uall [20ms]
[2022-06-12T16:29:52.720Z] > git symbolic-ref --short HEAD [2ms]
[2022-06-12T16:29:52.727Z] > git for-each-ref --format=%(refname)%00%(upstream:short)%00%(objectname)%00%(upstream:track)%00%(upstream:remotename)%00%(upstream:remoteref) refs/heads/mysql_branch refs/remotes/mysql_branch [2ms]
[2022-06-12T16:29:52.739Z] > git for-each-ref --sort -committerdate --format %(refname) %(objectname) %(*objectname) [7ms]
[2022-06-12T16:29:52.739Z] > git remote --verbose [2ms]
[2022-06-12T16:29:52.759Z] > git config --get commit.template [2ms]
[2022-06-12T16:29:57.803Z] > git status -z -uall [24ms]
[2022-06-12T16:29:57.813Z] > git symbolic-ref --short HEAD [2ms]
[2022-06-12T16:29:57.820Z] > git for-each-ref --format=%(refname)%00%(upstream:short)%00%(objectname)%00%(upstream:track)%00%(upstream:remotename)%00%(upstream:remoteref) refs/heads/mysql_branch refs/remotes/mysql_branch [2ms]
[2022-06-12T16:29:57.838Z] > git for-each-ref --sort -committerdate --format %(refname) %(objectname) %(*objectname) [12ms]
[2022-06-12T16:29:57.839Z] > git remote --verbose [2ms]
[2022-06-12T16:29:57.852Z] > git config --get commit.template [3ms]
[2022-06-12T16:30:02.886Z] > git status -z -uall [18ms]
[2022-06-12T16:30:02.893Z] > git symbolic-ref --short HEAD [2ms]
[2022-06-12T16:30:02.903Z] > git for-each-ref --format=%(refname)%00%(upstream:short)%00%(objectname)%00%(upstream:track)%00%(upstream:remotename)%00%(upstream:remoteref) refs/heads/mysql_branch refs/remotes/mysql_branch [4ms]
[2022-06-12T16:30:02.915Z] > git for-each-ref --sort -committerdate --format %(refname) %(objectname) %(*objectname) [6ms]
[2022-06-12T16:30:02.916Z] > git remote --verbose [2ms]
[2022-06-12T16:30:02.929Z] > git config --get commit.template [3ms]
[2022-06-12T16:30:07.959Z] > git status -z -uall [17ms]
[2022-06-12T16:30:07.966Z] > git symbolic-ref --short HEAD [2ms]
[2022-06-12T16:30:07.978Z] > git for-each-ref --format=%(refname)%00%(upstream:short)%00%(objectname)%00%(upstream:track)%00%(upstream:remotename)%00%(upstream:remoteref) refs/heads/mysql_branch refs/remotes/mysql_branch [4ms]
[2022-06-12T16:30:07.994Z] > git for-each-ref --sort -committerdate --format %(refname) %(objectname) %(*objectname) [11ms]
[2022-06-12T16:30:07.994Z] > git remote --verbose [2ms]
[2022-06-12T16:30:08.011Z] > git config --get commit.template [1ms]
[2022-06-12T16:30:13.034Z] > git status -z -uall [11ms]
[2022-06-12T16:30:13.041Z] > git symbolic-ref --short HEAD [2ms]
[2022-06-12T16:30:13.048Z] > git for-each-ref --format=%(refname)%00%(upstream:short)%00%(objectname)%00%(upstream:track)%00%(upstream:remotename)%00%(upstream:remoteref) refs/heads/mysql_branch refs/remotes/mysql_branch [2ms]
[2022-06-12T16:30:13.060Z] > git for-each-ref --sort -committerdate --format %(refname) %(objectname) %(*objectname) [6ms]
[2022-06-12T16:30:13.061Z] > git remote --verbose [2ms]
[2022-06-12T16:30:13.074Z] > git config --get commit.template [2ms]
[2022-06-12T16:30:13.758Z] > git show --textconv :src/components/SampleData.json [18ms]
[2022-06-12T16:30:13.760Z] > git ls-files --stage -- /home/virtuoso/Programming/UWT/DB/Language_Website/src/components/SampleData.json [12ms]
[2022-06-12T16:30:13.772Z] > git cat-file -s ca106a036e5a2c73e2532b8b0d8db8c70424ac5e [4ms]
[2022-06-12T16:30:18.095Z] > git status -z -uall [11ms]
[2022-06-12T16:30:18.104Z] > git symbolic-ref --short HEAD [2ms]
[2022-06-12T16:30:18.112Z] > git for-each-ref --format=%(refname)%00%(upstream:short)%00%(objectname)%00%(upstream:track)%00%(upstream:remotename)%00%(upstream:remoteref) refs/heads/mysql_branch refs/remotes/mysql_branch [4ms]
[2022-06-12T16:30:18.125Z] > git for-each-ref --sort -committerdate --format %(refname) %(objectname) %(*objectname) [6ms]
[2022-06-12T16:30:18.125Z] > git remote --verbose [1ms]
[2022-06-12T16:30:18.143Z] > git config --get commit.template [6ms]
[2022-06-12T16:30:19.764Z] > git show --textconv :src/components/RawSQLData.json [17ms]
[2022-06-12T16:30:19.764Z] > git ls-files --stage -- /home/virtuoso/Programming/UWT/DB/Language_Website/src/components/RawSQLData.json [2ms]
[2022-06-12T16:30:23.175Z] > git status -z -uall [19ms]
[2022-06-12T16:30:23.186Z] > git symbolic-ref --short HEAD [2ms]
[2022-06-12T16:30:23.194Z] > git for-each-ref --format=%(refname)%00%(upstream:short)%00%(objectname)%00%(upstream:track)%00%(upstream:remotename)%00%(upstream:remoteref) refs/heads/mysql_branch refs/remotes/mysql_branch [3ms]
[2022-06-12T16:30:23.206Z] > git for-each-ref --sort -committerdate --format %(refname) %(objectname) %(*objectname) [7ms]
[2022-06-12T16:30:23.206Z] > git remote --verbose [2ms]
[2022-06-12T16:30:23.223Z] > git config --get commit.template [6ms]
[2022-06-12T16:30:28.305Z] > git status -z -uall [22ms]
[2022-06-12T16:30:28.313Z] > git symbolic-ref --short HEAD [1ms]
[2022-06-12T16:30:28.320Z] > git for-each-ref --format=%(refname)%00%(upstream:short)%00%(objectname)%00%(upstream:track)%00%(upstream:remotename)%00%(upstream:remoteref) refs/heads/mysql_branch refs/remotes/mysql_branch [2ms]
[2022-06-12T16:30:28.332Z] > git for-each-ref --sort -committerdate --format %(refname) %(objectname) %(*objectname) [7ms]
[2022-06-12T16:30:28.332Z] > git remote --verbose [1ms]
[2022-06-12T16:30:28.349Z] > git config --get commit.template [6ms]
[2022-06-12T16:30:33.385Z] > git status -z -uall [20ms]
[2022-06-12T16:30:33.399Z] > git symbolic-ref --short HEAD [2ms]
[2022-06-12T16:30:33.406Z] > git for-each-ref --format=%(refname)%00%(upstream:short)%00%(objectname)%00%(upstream:track)%00%(upstream:remotename)%00%(upstream:remoteref) refs/heads/mysql_branch refs/remotes/mysql_branch [2ms]
[2022-06-12T16:30:33.427Z] > git for-each-ref --sort -committerdate --format %(refname) %(objectname) %(*objectname) [10ms]
[2022-06-12T16:30:33.428Z] > git remote --verbose [3ms]
[2022-06-12T16:30:33.442Z] > git config --get commit.template [4ms]
[2022-06-12T16:30:38.478Z] > git status -z -uall [24ms]
[2022-06-12T16:30:38.486Z] > git symbolic-ref --short HEAD [2ms]
[2022-06-12T16:30:38.493Z] > git for-each-ref --format=%(refname)%00%(upstream:short)%00%(objectname)%00%(upstream:track)%00%(upstream:remotename)%00%(upstream:remoteref) refs/heads/mysql_branch refs/remotes/mysql_branch [2ms]
[2022-06-12T16:30:38.505Z] > git for-each-ref --sort -committerdate --format %(refname) %(objectname) %(*objectname) [7ms]
[2022-06-12T16:30:38.506Z] > git remote --verbose [2ms]
[2022-06-12T16:30:38.519Z] > git config --get commit.template [1ms]
[2022-06-12T16:30:43.585Z] > git status -z -uall [18ms]
[2022-06-12T16:30:43.593Z] > git symbolic-ref --short HEAD [2ms]
[2022-06-12T16:30:43.601Z] > git for-each-ref --format=%(refname)%00%(upstream:short)%00%(objectname)%00%(upstream:track)%00%(upstream:remotename)%00%(upstream:remoteref) refs/heads/mysql_branch refs/remotes/mysql_branch [2ms]
[2022-06-12T16:30:43.613Z] > git for-each-ref --sort -committerdate --format %(refname) %(objectname) %(*objectname) [6ms]
[2022-06-12T16:30:43.614Z] > git remote --verbose [2ms]
[2022-06-12T16:30:43.629Z] > git config --get commit.template [5ms]
[2022-06-12T16:30:48.649Z] > git status -z -uall [12ms]
[2022-06-12T16:30:48.659Z] > git symbolic-ref --short HEAD [2ms]
[2022-06-12T16:30:48.667Z] > git for-each-ref --format=%(refname)%00%(upstream:short)%00%(objectname)%00%(upstream:track)%00%(upstream:remotename)%00%(upstream:remoteref) refs/heads/mysql_branch refs/remotes/mysql_branch [2ms]
[2022-06-12T16:30:48.685Z] > git for-each-ref --sort -committerdate --format %(refname) %(objectname) %(*objectname) [10ms]
[2022-06-12T16:30:48.686Z] > git remote --verbose [2ms]
[2022-06-12T16:30:48.704Z] > git config --get commit.template [4ms]
[2022-06-12T16:30:53.740Z] > git status -z -uall [23ms]
[2022-06-12T16:30:53.755Z] > git symbolic-ref --short HEAD [3ms]
[2022-06-12T16:30:53.763Z] > git for-each-ref --format=%(refname)%00%(upstream:short)%00%(objectname)%00%(upstream:track)%00%(upstream:remotename)%00%(upstream:remoteref) refs/heads/mysql_branch refs/remotes/mysql_branch [2ms]
[2022-06-12T16:30:53.775Z] > git for-each-ref --sort -committerdate --format %(refname) %(objectname) %(*objectname) [7ms]
[2022-06-12T16:30:53.776Z] > git remote --verbose [2ms]
[2022-06-12T16:30:53.792Z] > git config --get commit.template [4ms]
[2022-06-12T16:30:58.816Z] > git status -z -uall [11ms]
[2022-06-12T16:30:58.823Z] > git symbolic-ref --short HEAD [2ms]
[2022-06-12T16:30:58.831Z] > git for-each-ref --format=%(refname)%00%(upstream:short)%00%(objectname)%00%(upstream:track)%00%(upstream:remotename)%00%(upstream:remoteref) refs/heads/mysql_branch refs/remotes/mysql_branch [2ms]
[2022-06-12T16:30:58.842Z] > git for-each-ref --sort -committerdate --format %(refname) %(objectname) %(*objectname) [6ms]
[2022-06-12T16:30:58.843Z] > git remote --verbose [2ms]
[2022-06-12T16:30:58.857Z] > git config --get commit.template [3ms]
[2022-06-12T16:31:03.894Z] > git status -z -uall [23ms]
[2022-06-12T16:31:03.905Z] > git symbolic-ref --short HEAD [2ms]
[2022-06-12T16:31:03.912Z] > git for-each-ref --format=%(refname)%00%(upstream:short)%00%(objectname)%00%(upstream:track)%00%(upstream:remotename)%00%(upstream:remoteref) refs/heads/mysql_branch refs/remotes/mysql_branch [2ms]
[2022-06-12T16:31:03.925Z] > git for-each-ref --sort -committerdate --format %(refname) %(objectname) %(*objectname) [8ms]
[2022-06-12T16:31:03.925Z] > git remote --verbose [2ms]
[2022-06-12T16:31:03.937Z] > git config --get commit.template [2ms]
[2022-06-12T16:31:08.977Z] > git status -z -uall [18ms]
[2022-06-12T16:31:08.984Z] > git symbolic-ref --short HEAD [1ms]
[2022-06-12T16:31:08.992Z] > git for-each-ref --format=%(refname)%00%(upstream:short)%00%(objectname)%00%(upstream:track)%00%(upstream:remotename)%00%(upstream:remoteref) refs/heads/mysql_branch refs/remotes/mysql_branch [2ms]
[2022-06-12T16:31:09.006Z] > git for-each-ref --sort -committerdate --format %(refname) %(objectname) %(*objectname) [9ms]
[2022-06-12T16:31:09.007Z] > git remote --verbose [3ms]
[2022-06-12T16:31:09.021Z] > git config --get commit.template [2ms]
[2022-06-12T16:31:14.040Z] > git status -z -uall [10ms]
[2022-06-12T16:31:14.048Z] > git symbolic-ref --short HEAD [2ms]
[2022-06-12T16:31:14.056Z] > git for-each-ref --format=%(refname)%00%(upstream:short)%00%(objectname)%00%(upstream:track)%00%(upstream:remotename)%00%(upstream:remoteref) refs/heads/mysql_branch refs/remotes/mysql_branch [2ms]
[2022-06-12T16:31:14.069Z] > git for-each-ref --sort -committerdate --format %(refname) %(objectname) %(*objectname) [8ms]
[2022-06-12T16:31:14.069Z] > git remote --verbose [2ms]
[2022-06-12T16:31:14.084Z] > git config --get commit.template [4ms]
[2022-06-12T16:31:19.121Z] > git status -z -uall [19ms]
[2022-06-12T16:31:19.134Z] > git symbolic-ref --short HEAD [2ms]
[2022-06-12T16:31:19.143Z] > git for-each-ref --format=%(refname)%00%(upstream:short)%00%(objectname)%00%(upstream:track)%00%(upstream:remotename)%00%(upstream:remoteref) refs/heads/mysql_branch refs/remotes/mysql_branch [2ms]
[2022-06-12T16:31:19.155Z] > git for-each-ref --sort -committerdate --format %(refname) %(objectname) %(*objectname) [7ms]
[2022-06-12T16:31:19.156Z] > git remote --verbose [2ms]
[2022-06-12T16:31:19.169Z] > git config --get commit.template [3ms]
[2022-06-12T16:31:24.205Z] > git status -z -uall [23ms]
[2022-06-12T16:31:24.218Z] > git symbolic-ref --short HEAD [3ms]
[2022-06-12T16:31:24.232Z] > git for-each-ref --format=%(refname)%00%(upstream:short)%00%(objectname)%00%(upstream:track)%00%(upstream:remotename)%00%(upstream:remoteref) refs/heads/mysql_branch refs/remotes/mysql_branch [4ms]
[2022-06-12T16:31:24.254Z] > git for-each-ref --sort -committerdate --format %(refname) %(objectname) %(*objectname) [12ms]
[2022-06-12T16:31:24.255Z] > git remote --verbose [3ms]
[2022-06-12T16:31:24.280Z] > git config --get commit.template [6ms]
[2022-06-12T16:31:29.300Z] > git status -z -uall [10ms]
[2022-06-12T16:31:29.308Z] > git symbolic-ref --short HEAD [2ms]
[2022-06-12T16:31:29.315Z] > git for-each-ref --format=%(refname)%00%(upstream:short)%00%(objectname)%00%(upstream:track)%00%(upstream:remotename)%00%(upstream:remoteref) refs/heads/mysql_branch refs/remotes/mysql_branch [1ms]
[2022-06-12T16:31:29.330Z] > git for-each-ref --sort -committerdate --format %(refname) %(objectname) %(*objectname) [8ms]
[2022-06-12T16:31:29.330Z] > git remote --verbose [3ms]
[2022-06-12T16:31:29.352Z] > git config --get commit.template [1ms]
[2022-06-12T16:31:34.211Z] > git show --textconv :src/components/SampleData.json [8ms]
[2022-06-12T16:31:34.214Z] > git ls-files --stage -- /home/virtuoso/Programming/UWT/DB/Language_Website/src/components/SampleData.json [4ms]
[2022-06-12T16:31:34.227Z] > git cat-file -s ca106a036e5a2c73e2532b8b0d8db8c70424ac5e [1ms]
[2022-06-12T16:31:34.374Z] > git status -z -uall [12ms]
[2022-06-12T16:31:34.384Z] > git symbolic-ref --short HEAD [2ms]
[2022-06-12T16:31:34.393Z] > git for-each-ref --format=%(refname)%00%(upstream:short)%00%(objectname)%00%(upstream:track)%00%(upstream:remotename)%00%(upstream:remoteref) refs/heads/mysql_branch refs/remotes/mysql_branch [3ms]
[2022-06-12T16:31:34.415Z] > git for-each-ref --sort -committerdate --format %(refname) %(objectname) %(*objectname) [14ms]
[2022-06-12T16:31:34.416Z] > git remote --verbose [3ms]
[2022-06-12T16:31:34.435Z] > git config --get commit.template [3ms]
[2022-06-12T16:31:38.256Z] > git show --textconv :src/components/RawSQLData.json [11ms]
[2022-06-12T16:31:38.260Z] > git ls-files --stage -- /home/virtuoso/Programming/UWT/DB/Language_Website/src/components/RawSQLData.json [5ms]
[2022-06-12T16:31:39.471Z] > git status -z -uall [22ms]
[2022-06-12T16:31:39.479Z] > git symbolic-ref --short HEAD [2ms]
[2022-06-12T16:31:39.487Z] > git for-each-ref --format=%(refname)%00%(upstream:short)%00%(objectname)%00%(upstream:track)%00%(upstream:remotename)%00%(upstream:remoteref) refs/heads/mysql_branch refs/remotes/mysql_branch [2ms]
[2022-06-12T16:31:39.501Z] > git for-each-ref --sort -committerdate --format %(refname) %(objectname) %(*objectname) [9ms]
[2022-06-12T16:31:39.501Z] > git remote --verbose [2ms]
[2022-06-12T16:31:39.518Z] > git config --get commit.template [3ms]
[2022-06-12T16:31:44.563Z] > git status -z -uall [11ms]
[2022-06-12T16:31:44.573Z] > git symbolic-ref --short HEAD [2ms]
[2022-06-12T16:31:44.581Z] > git for-each-ref --format=%(refname)%00%(upstream:short)%00%(objectname)%00%(upstream:track)%00%(upstream:remotename)%00%(upstream:remoteref) refs/heads/mysql_branch refs/remotes/mysql_branch [2ms]
[2022-06-12T16:31:44.596Z] > git for-each-ref --sort -committerdate --format %(refname) %(objectname) %(*objectname) [8ms]
[2022-06-12T16:31:44.596Z] > git remote --verbose [2ms]
[2022-06-12T16:31:44.612Z] > git config --get commit.template [4ms]
[2022-06-12T16:31:48.162Z] > git show --textconv :src/components/SampleData.json [9ms]
[2022-06-12T16:31:48.163Z] > git ls-files --stage -- /home/virtuoso/Programming/UWT/DB/Language_Website/src/components/SampleData.json [3ms]
[2022-06-12T16:31:48.174Z] > git cat-file -s ca106a036e5a2c73e2532b8b0d8db8c70424ac5e [2ms]
[2022-06-12T16:31:49.647Z] > git status -z -uall [21ms]
[2022-06-12T16:31:49.656Z] > git symbolic-ref --short HEAD [2ms]
[2022-06-12T16:31:49.665Z] > git for-each-ref --format=%(refname)%00%(upstream:short)%00%(objectname)%00%(upstream:track)%00%(upstream:remotename)%00%(upstream:remoteref) refs/heads/mysql_branch refs/remotes/mysql_branch [4ms]
[2022-06-12T16:31:49.680Z] > git for-each-ref --sort -committerdate --format %(refname) %(objectname) %(*objectname) [9ms]
[2022-06-12T16:31:49.680Z] > git remote --verbose [2ms]
[2022-06-12T16:31:49.703Z] > git config --get commit.template [8ms]
[2022-06-12T16:31:52.315Z] > git show --textconv :src/components/RawSQLData.json [9ms]
[2022-06-12T16:31:52.316Z] > git ls-files --stage -- /home/virtuoso/Programming/UWT/DB/Language_Website/src/components/RawSQLData.json [3ms]
[2022-06-12T16:31:54.721Z] > git status -z -uall [10ms]
[2022-06-12T16:31:54.729Z] > git symbolic-ref --short HEAD [2ms]
[2022-06-12T16:31:54.736Z] > git for-each-ref --format=%(refname)%00%(upstream:short)%00%(objectname)%00%(upstream:track)%00%(upstream:remotename)%00%(upstream:remoteref) refs/heads/mysql_branch refs/remotes/mysql_branch [2ms]
[2022-06-12T16:31:54.748Z] > git for-each-ref --sort -committerdate --format %(refname) %(objectname) %(*objectname) [7ms]
[2022-06-12T16:31:54.748Z] > git remote --verbose [2ms]
[2022-06-12T16:31:54.762Z] > git config --get commit.template [2ms]
[2022-06-12T16:31:59.792Z] > git status -z -uall [18ms]
[2022-06-12T16:31:59.800Z] > git symbolic-ref --short HEAD [1ms]
[2022-06-12T16:31:59.808Z] > git for-each-ref --format=%(refname)%00%(upstream:short)%00%(objectname)%00%(upstream:track)%00%(upstream:remotename)%00%(upstream:remoteref) refs/heads/mysql_branch refs/remotes/mysql_branch [2ms]
[2022-06-12T16:31:59.820Z] > git for-each-ref --sort -committerdate --format %(refname) %(objectname) %(*objectname) [7ms]
[2022-06-12T16:31:59.820Z] > git remote --verbose [2ms]
[2022-06-12T16:31:59.832Z] > git config --get commit.template [3ms]
[2022-06-12T16:32:04.858Z] > git status -z -uall [19ms]
[2022-06-12T16:32:04.867Z] > git symbolic-ref --short HEAD [2ms]
[2022-06-12T16:32:04.878Z] > git for-each-ref --format=%(refname)%00%(upstream:short)%00%(objectname)%00%(upstream:track)%00%(upstream:remotename)%00%(upstream:remoteref) refs/heads/mysql_branch refs/remotes/mysql_branch [4ms]
[2022-06-12T16:32:04.903Z] > git for-each-ref --sort -committerdate --format %(refname) %(objectname) %(*objectname) [16ms]
[2022-06-12T16:32:04.904Z] > git remote --verbose [4ms]
[2022-06-12T16:32:04.926Z] > git config --get commit.template [2ms]
[2022-06-12T16:32:09.951Z] > git status -z -uall [11ms]
[2022-06-12T16:32:09.959Z] > git symbolic-ref --short HEAD [1ms]
[2022-06-12T16:32:09.968Z] > git for-each-ref --format=%(refname)%00%(upstream:short)%00%(objectname)%00%(upstream:track)%00%(upstream:remotename)%00%(upstream:remoteref) refs/heads/mysql_branch refs/remotes/mysql_branch [3ms]
[2022-06-12T16:32:09.980Z] > git for-each-ref --sort -committerdate --format %(refname) %(objectname) %(*objectname) [7ms]
[2022-06-12T16:32:09.980Z] > git remote --verbose [1ms]
[2022-06-12T16:32:09.997Z] > git config --get commit.template [6ms]
[2022-06-12T16:32:15.034Z] > git status -z -uall [24ms]
[2022-06-12T16:32:15.042Z] > git symbolic-ref --short HEAD [1ms]
[2022-06-12T16:32:15.051Z] > git for-each-ref --format=%(refname)%00%(upstream:short)%00%(objectname)%00%(upstream:track)%00%(upstream:remotename)%00%(upstream:remoteref) refs/heads/mysql_branch refs/remotes/mysql_branch [2ms]
[2022-06-12T16:32:15.064Z] > git for-each-ref --sort -committerdate --format %(refname) %(objectname) %(*objectname) [7ms]
[2022-06-12T16:32:15.065Z] > git remote --verbose [2ms]
[2022-06-12T16:32:15.079Z] > git config --get commit.template [3ms]
[2022-06-12T16:32:20.100Z] > git status -z -uall [10ms]
[2022-06-12T16:32:20.108Z] > git symbolic-ref --short HEAD [2ms]
[2022-06-12T16:32:20.116Z] > git for-each-ref --format=%(refname)%00%(upstream:short)%00%(objectname)%00%(upstream:track)%00%(upstream:remotename)%00%(upstream:remoteref) refs/heads/mysql_branch refs/remotes/mysql_branch [2ms]
[2022-06-12T16:32:20.130Z] > git for-each-ref --sort -committerdate --format %(refname) %(objectname) %(*objectname) [7ms]
[2022-06-12T16:32:20.130Z] > git remote --verbose [2ms]
[2022-06-12T16:32:20.147Z] > git config --get commit.template [3ms]
[2022-06-12T16:32:25.188Z] > git status -z -uall [23ms]
[2022-06-12T16:32:25.196Z] > git symbolic-ref --short HEAD [1ms]
[2022-06-12T16:32:25.206Z] > git for-each-ref --format=%(refname)%00%(upstream:short)%00%(objectname)%00%(upstream:track)%00%(upstream:remotename)%00%(upstream:remoteref) refs/heads/mysql_branch refs/remotes/mysql_branch [3ms]
[2022-06-12T16:32:25.218Z] > git for-each-ref --sort -committerdate --format %(refname) %(objectname) %(*objectname) [7ms]
[2022-06-12T16:32:25.219Z] > git remote --verbose [2ms]
[2022-06-12T16:32:25.238Z] > git config --get commit.template [8ms]
[2022-06-12T16:32:30.267Z] > git status -z -uall [11ms]
[2022-06-12T16:32:30.275Z] > git symbolic-ref --short HEAD [2ms]
[2022-06-12T16:32:30.296Z] > git for-each-ref --format=%(refname)%00%(upstream:short)%00%(objectname)%00%(upstream:track)%00%(upstream:remotename)%00%(upstream:remoteref) refs/heads/mysql_branch refs/remotes/mysql_branch [3ms]
[2022-06-12T16:32:30.323Z] > git for-each-ref --sort -committerdate --format %(refname) %(objectname) %(*objectname) [16ms]
[2022-06-12T16:32:30.323Z] > git remote --verbose [2ms]
[2022-06-12T16:32:30.341Z] > git config --get commit.template [3ms]
[2022-06-12T16:32:35.362Z] > git status -z -uall [12ms]
[2022-06-12T16:32:35.371Z] > git symbolic-ref --short HEAD [2ms]
[2022-06-12T16:32:35.383Z] > git for-each-ref --format=%(refname)%00%(upstream:short)%00%(objectname)%00%(upstream:track)%00%(upstream:remotename)%00%(upstream:remoteref) refs/heads/mysql_branch refs/remotes/mysql_branch [4ms]
[2022-06-12T16:32:35.402Z] > git for-each-ref --sort -committerdate --format %(refname) %(objectname) %(*objectname) [10ms]
[2022-06-12T16:32:35.403Z] > git remote --verbose [3ms]
[2022-06-12T16:32:35.421Z] > git config --get commit.template [4ms]
[2022-06-12T16:32:40.439Z] > git status -z -uall [11ms]
[2022-06-12T16:32:40.454Z] > git symbolic-ref --short HEAD [3ms]
[2022-06-12T16:32:40.464Z] > git for-each-ref --format=%(refname)%00%(upstream:short)%00%(objectname)%00%(upstream:track)%00%(upstream:remotename)%00%(upstream:remoteref) refs/heads/mysql_branch refs/remotes/mysql_branch [3ms]
[2022-06-12T16:32:40.477Z] > git for-each-ref --sort -committerdate --format %(refname) %(objectname) %(*objectname) [7ms]
[2022-06-12T16:32:40.478Z] > git remote --verbose [2ms]
[2022-06-12T16:32:40.491Z] > git config --get commit.template [2ms]
[2022-06-12T16:32:45.534Z] > git status -z -uall [26ms]
[2022-06-12T16:32:45.543Z] > git symbolic-ref --short HEAD [2ms]
[2022-06-12T16:32:45.558Z] > git for-each-ref --format=%(refname)%00%(upstream:short)%00%(objectname)%00%(upstream:track)%00%(upstream:remotename)%00%(upstream:remoteref) refs/heads/mysql_branch refs/remotes/mysql_branch [8ms]
[2022-06-12T16:32:45.575Z] > git for-each-ref --sort -committerdate --format %(refname) %(objectname) %(*objectname) [7ms]
[2022-06-12T16:32:45.575Z] > git remote --verbose [2ms]
[2022-06-12T16:32:45.590Z] > git config --get commit.template [2ms]
[2022-06-12T16:32:50.616Z] > git status -z -uall [11ms]
[2022-06-12T16:32:50.624Z] > git symbolic-ref --short HEAD [1ms]
[2022-06-12T16:32:50.633Z] > git for-each-ref --format=%(refname)%00%(upstream:short)%00%(objectname)%00%(upstream:track)%00%(upstream:remotename)%00%(upstream:remoteref) refs/heads/mysql_branch refs/remotes/mysql_branch [2ms]
[2022-06-12T16:32:50.647Z] > git for-each-ref --sort -committerdate --format %(refname) %(objectname) %(*objectname) [8ms]
[2022-06-12T16:32:50.647Z] > git remote --verbose [2ms]
[2022-06-12T16:32:50.665Z] > git config --get commit.template [5ms]
[2022-06-12T16:32:55.700Z] > git status -z -uall [23ms]
[2022-06-12T16:32:55.711Z] > git symbolic-ref --short HEAD [2ms]
[2022-06-12T16:32:55.718Z] > git for-each-ref --format=%(refname)%00%(upstream:short)%00%(objectname)%00%(upstream:track)%00%(upstream:remotename)%00%(upstream:remoteref) refs/heads/mysql_branch refs/remotes/mysql_branch [1ms]
[2022-06-12T16:32:55.731Z] > git for-each-ref --sort -committerdate --format %(refname) %(objectname) %(*objectname) [7ms]
[2022-06-12T16:32:55.732Z] > git remote --verbose [2ms]
[2022-06-12T16:32:55.749Z] > git config --get commit.template [2ms]
[2022-06-12T16:33:00.814Z] > git status -z -uall [22ms]
[2022-06-12T16:33:00.823Z] > git symbolic-ref --short HEAD [2ms]
[2022-06-12T16:33:00.833Z] > git for-each-ref --format=%(refname)%00%(upstream:short)%00%(objectname)%00%(upstream:track)%00%(upstream:remotename)%00%(upstream:remoteref) refs/heads/mysql_branch refs/remotes/mysql_branch [3ms]
[2022-06-12T16:33:00.851Z] > git for-each-ref --sort -committerdate --format %(refname) %(objectname) %(*objectname) [12ms]
[2022-06-12T16:33:00.852Z] > git remote --verbose [3ms]
[2022-06-12T16:33:00.864Z] > git config --get commit.template [2ms]
[2022-06-12T16:33:05.891Z] > git status -z -uall [14ms]
[2022-06-12T16:33:05.900Z] > git symbolic-ref --short HEAD [2ms]
[2022-06-12T16:33:05.907Z] > git for-each-ref --format=%(refname)%00%(upstream:short)%00%(objectname)%00%(upstream:track)%00%(upstream:remotename)%00%(upstream:remoteref) refs/heads/mysql_branch refs/remotes/mysql_branch [2ms]
[2022-06-12T16:33:05.920Z] > git for-each-ref --sort -committerdate --format %(refname) %(objectname) %(*objectname) [7ms]
[2022-06-12T16:33:05.920Z] > git remote --verbose [2ms]
[2022-06-12T16:33:05.934Z] > git config --get commit.template [4ms]
[2022-06-12T16:33:10.969Z] > git status -z -uall [22ms]
[2022-06-12T16:33:10.983Z] > git symbolic-ref --short HEAD [4ms]
[2022-06-12T16:33:10.991Z] > git for-each-ref --format=%(refname)%00%(upstream:short)%00%(objectname)%00%(upstream:track)%00%(upstream:remotename)%00%(upstream:remoteref) refs/heads/mysql_branch refs/remotes/mysql_branch [2ms]
[2022-06-12T16:33:11.002Z] > git for-each-ref --sort -committerdate --format %(refname) %(objectname) %(*objectname) [6ms]
[2022-06-12T16:33:11.003Z] > git remote --verbose [2ms]
[2022-06-12T16:33:11.016Z] > git config --get commit.template [3ms]
[2022-06-12T16:33:16.058Z] > git status -z -uall [24ms]
[2022-06-12T16:33:16.067Z] > git symbolic-ref --short HEAD [1ms]
[2022-06-12T16:33:16.076Z] > git for-each-ref --format=%(refname)%00%(upstream:short)%00%(objectname)%00%(upstream:track)%00%(upstream:remotename)%00%(upstream:remoteref) refs/heads/mysql_branch refs/remotes/mysql_branch [3ms]
[2022-06-12T16:33:16.091Z] > git for-each-ref --sort -committerdate --format %(refname) %(objectname) %(*objectname) [8ms]
[2022-06-12T16:33:16.091Z] > git remote --verbose [2ms]
[2022-06-12T16:33:16.104Z] > git config --get commit.template [3ms]
[2022-06-12T16:33:21.136Z] > git status -z -uall [20ms]
[2022-06-12T16:33:21.144Z] > git symbolic-ref --short HEAD [1ms]
[2022-06-12T16:33:21.154Z] > git for-each-ref --format=%(refname)%00%(upstream:short)%00%(objectname)%00%(upstream:track)%00%(upstream:remotename)%00%(upstream:remoteref) refs/heads/mysql_branch refs/remotes/mysql_branch [3ms]
[2022-06-12T16:33:21.171Z] > git for-each-ref --sort -committerdate --format %(refname) %(objectname) %(*objectname) [10ms]
[2022-06-12T16:33:21.172Z] > git remote --verbose [3ms]
[2022-06-12T16:33:21.188Z] > git config --get commit.template [4ms]
[2022-06-12T16:33:26.229Z] > git status -z -uall [26ms]
[2022-06-12T16:33:26.240Z] > git symbolic-ref --short HEAD [2ms]
[2022-06-12T16:33:26.251Z] > git for-each-ref --format=%(refname)%00%(upstream:short)%00%(objectname)%00%(upstream:track)%00%(upstream:remotename)%00%(upstream:remoteref) refs/heads/mysql_branch refs/remotes/mysql_branch [3ms]
[2022-06-12T16:33:26.280Z] > git for-each-ref --sort -committerdate --format %(refname) %(objectname) %(*objectname) [10ms]
[2022-06-12T16:33:26.281Z] > git remote --verbose [2ms]
[2022-06-12T16:33:26.297Z] > git config --get commit.template [4ms]
[2022-06-12T16:33:31.336Z] > git status -z -uall [26ms]
[2022-06-12T16:33:31.344Z] > git symbolic-ref --short HEAD [2ms]
[2022-06-12T16:33:31.353Z] > git for-each-ref --format=%(refname)%00%(upstream:short)%00%(objectname)%00%(upstream:track)%00%(upstream:remotename)%00%(upstream:remoteref) refs/heads/mysql_branch refs/remotes/mysql_branch [2ms]
[2022-06-12T16:33:31.366Z] > git for-each-ref --sort -committerdate --format %(refname) %(objectname) %(*objectname) [8ms]
[2022-06-12T16:33:31.366Z] > git remote --verbose [2ms]
[2022-06-12T16:33:31.382Z] > git config --get commit.template [3ms]
[2022-06-12T16:33:36.438Z] > git status -z -uall [27ms]
[2022-06-12T16:33:36.451Z] > git symbolic-ref --short HEAD [1ms]
[2022-06-12T16:33:36.471Z] > git for-each-ref --format=%(refname)%00%(upstream:short)%00%(objectname)%00%(upstream:track)%00%(upstream:remotename)%00%(upstream:remoteref) refs/heads/mysql_branch refs/remotes/mysql_branch [9ms]
[2022-06-12T16:33:36.490Z] > git for-each-ref --sort -committerdate --format %(refname) %(objectname) %(*objectname) [7ms]
[2022-06-12T16:33:36.490Z] > git remote --verbose [1ms]
[2022-06-12T16:33:36.506Z] > git config --get commit.template [2ms]
[2022-06-12T16:33:41.541Z] > git status -z -uall [22ms]
[2022-06-12T16:33:41.556Z] > git symbolic-ref --short HEAD [8ms]
[2022-06-12T16:33:41.564Z] > git for-each-ref --format=%(refname)%00%(upstream:short)%00%(objectname)%00%(upstream:track)%00%(upstream:remotename)%00%(upstream:remoteref) refs/heads/mysql_branch refs/remotes/mysql_branch [2ms]
[2022-06-12T16:33:41.576Z] > git for-each-ref --sort -committerdate --format %(refname) %(objectname) %(*objectname) [7ms]
[2022-06-12T16:33:41.577Z] > git remote --verbose [2ms]
[2022-06-12T16:33:41.588Z] > git config --get commit.template [2ms]
[2022-06-12T16:33:46.610Z] > git status -z -uall [11ms]
[2022-06-12T16:33:46.618Z] > git symbolic-ref --short HEAD [2ms]
[2022-06-12T16:33:46.626Z] > git for-each-ref --format=%(refname)%00%(upstream:short)%00%(objectname)%00%(upstream:track)%00%(upstream:remotename)%00%(upstream:remoteref) refs/heads/mysql_branch refs/remotes/mysql_branch [2ms]
[2022-06-12T16:33:46.638Z] > git for-each-ref --sort -committerdate --format %(refname) %(objectname) %(*objectname) [7ms]
[2022-06-12T16:33:46.638Z] > git remote --verbose [1ms]
[2022-06-12T16:33:46.652Z] > git config --get commit.template [3ms]
[2022-06-12T16:33:51.687Z] > git status -z -uall [21ms]
[2022-06-12T16:33:51.695Z] > git symbolic-ref --short HEAD [1ms]
[2022-06-12T16:33:51.703Z] > git for-each-ref --format=%(refname)%00%(upstream:short)%00%(objectname)%00%(upstream:track)%00%(upstream:remotename)%00%(upstream:remoteref) refs/heads/mysql_branch refs/remotes/mysql_branch [2ms]
[2022-06-12T16:33:51.717Z] > git for-each-ref --sort -committerdate --format %(refname) %(objectname) %(*objectname) [8ms]
[2022-06-12T16:33:51.717Z] > git remote --verbose [2ms]
[2022-06-12T16:33:51.730Z] > git config --get commit.template [3ms]
[2022-06-12T16:33:56.747Z] > git status -z -uall [10ms]
[2022-06-12T16:33:56.754Z] > git symbolic-ref --short HEAD [2ms]
[2022-06-12T16:33:56.761Z] > git for-each-ref --format=%(refname)%00%(upstream:short)%00%(objectname)%00%(upstream:track)%00%(upstream:remotename)%00%(upstream:remoteref) refs/heads/mysql_branch refs/remotes/mysql_branch [2ms]
[2022-06-12T16:33:56.775Z] > git for-each-ref --sort -committerdate --format %(refname) %(objectname) %(*objectname) [9ms]
[2022-06-12T16:33:56.776Z] > git remote --verbose [2ms]
[2022-06-12T16:33:56.791Z] > git config --get commit.template [2ms]
[2022-06-12T16:34:01.825Z] > git status -z -uall [23ms]
[2022-06-12T16:34:01.835Z] > git symbolic-ref --short HEAD [2ms]
[2022-06-12T16:34:01.842Z] > git for-each-ref --format=%(refname)%00%(upstream:short)%00%(objectname)%00%(upstream:track)%00%(upstream:remotename)%00%(upstream:remoteref) refs/heads/mysql_branch refs/remotes/mysql_branch [2ms]
[2022-06-12T16:34:01.856Z] > git for-each-ref --sort -committerdate --format %(refname) %(objectname) %(*objectname) [7ms]
[2022-06-12T16:34:01.856Z] > git remote --verbose [2ms]
[2022-06-12T16:34:01.869Z] > git config --get commit.template [2ms]
[2022-06-12T16:34:06.905Z] > git status -z -uall [23ms]
[2022-06-12T16:34:06.917Z] > git symbolic-ref --short HEAD [1ms]
[2022-06-12T16:34:06.928Z] > git for-each-ref --format=%(refname)%00%(upstream:short)%00%(objectname)%00%(upstream:track)%00%(upstream:remotename)%00%(upstream:remoteref) refs/heads/mysql_branch refs/remotes/mysql_branch [5ms]
[2022-06-12T16:34:06.941Z] > git for-each-ref --sort -committerdate --format %(refname) %(objectname) %(*objectname) [7ms]
[2022-06-12T16:34:06.943Z] > git remote --verbose [3ms]
[2022-06-12T16:34:06.959Z] > git config --get commit.template [3ms]
[2022-06-12T16:34:12.007Z] > git status -z -uall [28ms]
[2022-06-12T16:34:12.014Z] > git symbolic-ref --short HEAD [2ms]
[2022-06-12T16:34:12.022Z] > git for-each-ref --format=%(refname)%00%(upstream:short)%00%(objectname)%00%(upstream:track)%00%(upstream:remotename)%00%(upstream:remoteref) refs/heads/mysql_branch refs/remotes/mysql_branch [2ms]
[2022-06-12T16:34:12.042Z] > git for-each-ref --sort -committerdate --format %(refname) %(objectname) %(*objectname) [14ms]
[2022-06-12T16:34:12.043Z] > git remote --verbose [3ms]
[2022-06-12T16:34:12.057Z] > git config --get commit.template [4ms]
[2022-06-12T16:34:17.092Z] > git status -z -uall [23ms]
[2022-06-12T16:34:17.105Z] > git symbolic-ref --short HEAD [3ms]
[2022-06-12T16:34:17.114Z] > git for-each-ref --format=%(refname)%00%(upstream:short)%00%(objectname)%00%(upstream:track)%00%(upstream:remotename)%00%(upstream:remoteref) refs/heads/mysql_branch refs/remotes/mysql_branch [2ms]
[2022-06-12T16:34:17.128Z] > git for-each-ref --sort -committerdate --format %(refname) %(objectname) %(*objectname) [8ms]
[2022-06-12T16:34:17.130Z] > git remote --verbose [3ms]
[2022-06-12T16:34:17.156Z] > git config --get commit.template [7ms]
[2022-06-12T16:34:22.199Z] > git status -z -uall [31ms]
[2022-06-12T16:34:22.212Z] > git symbolic-ref --short HEAD [3ms]
[2022-06-12T16:34:22.228Z] > git for-each-ref --format=%(refname)%00%(upstream:short)%00%(objectname)%00%(upstream:track)%00%(upstream:remotename)%00%(upstream:remoteref) refs/heads/mysql_branch refs/remotes/mysql_branch [5ms]
[2022-06-12T16:34:22.248Z] > git for-each-ref --sort -committerdate --format %(refname) %(objectname) %(*objectname) [10ms]
[2022-06-12T16:34:22.248Z] > git remote --verbose [1ms]
[2022-06-12T16:34:22.261Z] > git config --get commit.template [2ms]
[2022-06-12T16:34:27.309Z] > git status -z -uall [29ms]
[2022-06-12T16:34:27.335Z] > git symbolic-ref --short HEAD [11ms]
[2022-06-12T16:34:27.357Z] > git for-each-ref --format=%(refname)%00%(upstream:short)%00%(objectname)%00%(upstream:track)%00%(upstream:remotename)%00%(upstream:remoteref) refs/heads/mysql_branch refs/remotes/mysql_branch [9ms]
[2022-06-12T16:34:27.371Z] > git for-each-ref --sort -committerdate --format %(refname) %(objectname) %(*objectname) [8ms]
[2022-06-12T16:34:27.372Z] > git remote --verbose [3ms]
[2022-06-12T16:34:27.386Z] > git config --get commit.template [2ms]
[2022-06-12T16:34:32.421Z] > git status -z -uall [18ms]
[2022-06-12T16:34:32.429Z] > git symbolic-ref --short HEAD [2ms]
[2022-06-12T16:34:32.437Z] > git for-each-ref --format=%(refname)%00%(upstream:short)%00%(objectname)%00%(upstream:track)%00%(upstream:remotename)%00%(upstream:remoteref) refs/heads/mysql_branch refs/remotes/mysql_branch [2ms]
[2022-06-12T16:34:32.454Z] > git for-each-ref --sort -committerdate --format %(refname) %(objectname) %(*objectname) [11ms]
[2022-06-12T16:34:32.455Z] > git remote --verbose [2ms]
[2022-06-12T16:34:32.470Z] > git config --get commit.template [2ms]
[2022-06-12T16:34:37.494Z] > git status -z -uall [12ms]
[2022-06-12T16:34:37.504Z] > git symbolic-ref --short HEAD [1ms]
[2022-06-12T16:34:37.514Z] > git for-each-ref --format=%(refname)%00%(upstream:short)%00%(objectname)%00%(upstream:track)%00%(upstream:remotename)%00%(upstream:remoteref) refs/heads/mysql_branch refs/remotes/mysql_branch [3ms]
[2022-06-12T16:34:37.526Z] > git for-each-ref --sort -committerdate --format %(refname) %(objectname) %(*objectname) [6ms]
[2022-06-12T16:34:37.527Z] > git remote --verbose [2ms]
[2022-06-12T16:34:37.540Z] > git config --get commit.template [2ms]
[2022-06-12T16:34:42.580Z] > git status -z -uall [22ms]
[2022-06-12T16:34:42.593Z] > git symbolic-ref --short HEAD [2ms]
[2022-06-12T16:34:42.602Z] > git for-each-ref --format=%(refname)%00%(upstream:short)%00%(objectname)%00%(upstream:track)%00%(upstream:remotename)%00%(upstream:remoteref) refs/heads/mysql_branch refs/remotes/mysql_branch [2ms]
[2022-06-12T16:34:42.616Z] > git for-each-ref --sort -committerdate --format %(refname) %(objectname) %(*objectname) [7ms]
[2022-06-12T16:34:42.616Z] > git remote --verbose [2ms]
[2022-06-12T16:34:42.631Z] > git config --get commit.template [4ms]
[2022-06-12T16:34:47.651Z] > git status -z -uall [10ms]
[2022-06-12T16:34:47.661Z] > git symbolic-ref --short HEAD [3ms]
[2022-06-12T16:34:47.668Z] > git for-each-ref --format=%(refname)%00%(upstream:short)%00%(objectname)%00%(upstream:track)%00%(upstream:remotename)%00%(upstream:remoteref) refs/heads/mysql_branch refs/remotes/mysql_branch [2ms]
[2022-06-12T16:34:47.682Z] > git for-each-ref --sort -committerdate --format %(refname) %(objectname) %(*objectname) [7ms]
[2022-06-12T16:34:47.682Z] > git remote --verbose [2ms]
[2022-06-12T16:34:47.697Z] > git config --get commit.template [3ms]
[2022-06-12T16:34:52.734Z] > git status -z -uall [24ms]
[2022-06-12T16:34:52.756Z] > git symbolic-ref --short HEAD [2ms]
[2022-06-12T16:34:52.769Z] > git for-each-ref --format=%(refname)%00%(upstream:short)%00%(objectname)%00%(upstream:track)%00%(upstream:remotename)%00%(upstream:remoteref) refs/heads/mysql_branch refs/remotes/mysql_branch [1ms]
[2022-06-12T16:34:52.797Z] > git for-each-ref --sort -committerdate --format %(refname) %(objectname) %(*objectname) [18ms]
[2022-06-12T16:34:52.798Z] > git remote --verbose [12ms]
[2022-06-12T16:34:52.817Z] > git config --get commit.template [2ms]
[2022-06-12T16:34:57.838Z] > git status -z -uall [11ms]
[2022-06-12T16:34:57.846Z] > git symbolic-ref --short HEAD [1ms]
[2022-06-12T16:34:57.854Z] > git for-each-ref --format=%(refname)%00%(upstream:short)%00%(objectname)%00%(upstream:track)%00%(upstream:remotename)%00%(upstream:remoteref) refs/heads/mysql_branch refs/remotes/mysql_branch [2ms]
[2022-06-12T16:34:57.867Z] > git for-each-ref --sort -committerdate --format %(refname) %(objectname) %(*objectname) [7ms]
[2022-06-12T16:34:57.868Z] > git remote --verbose [2ms]
[2022-06-12T16:34:57.881Z] > git config --get commit.template [3ms]
[2022-06-12T16:35:02.899Z] > git status -z -uall [11ms]
[2022-06-12T16:35:02.905Z] > git symbolic-ref --short HEAD [1ms]
[2022-06-12T16:35:02.913Z] > git for-each-ref --format=%(refname)%00%(upstream:short)%00%(objectname)%00%(upstream:track)%00%(upstream:remotename)%00%(upstream:remoteref) refs/heads/mysql_branch refs/remotes/mysql_branch [2ms]
[2022-06-12T16:35:02.925Z] > git for-each-ref --sort -committerdate --format %(refname) %(objectname) %(*objectname) [7ms]
[2022-06-12T16:35:02.925Z] > git remote --verbose [1ms]
[2022-06-12T16:35:02.938Z] > git config --get commit.template [2ms]
[2022-06-12T16:35:07.966Z] > git status -z -uall [14ms]
[2022-06-12T16:35:07.973Z] > git symbolic-ref --short HEAD [1ms]
[2022-06-12T16:35:07.984Z] > git for-each-ref --format=%(refname)%00%(upstream:short)%00%(objectname)%00%(upstream:track)%00%(upstream:remotename)%00%(upstream:remoteref) refs/heads/mysql_branch refs/remotes/mysql_branch [2ms]
[2022-06-12T16:35:08.004Z] > git for-each-ref --sort -committerdate --format %(refname) %(objectname) %(*objectname) [14ms]
[2022-06-12T16:35:08.004Z] > git remote --verbose [5ms]
[2022-06-12T16:35:08.017Z] > git config --get commit.template [4ms]
[2022-06-12T16:35:13.043Z] > git status -z -uall [15ms]
[2022-06-12T16:35:13.050Z] > git symbolic-ref --short HEAD [1ms]
[2022-06-12T16:35:13.061Z] > git for-each-ref --format=%(refname)%00%(upstream:short)%00%(objectname)%00%(upstream:track)%00%(upstream:remotename)%00%(upstream:remoteref) refs/heads/mysql_branch refs/remotes/mysql_branch [2ms]
[2022-06-12T16:35:13.075Z] > git for-each-ref --sort -committerdate --format %(refname) %(objectname) %(*objectname) [8ms]
[2022-06-12T16:35:13.079Z] > git remote --verbose [5ms]
[2022-06-12T16:35:13.098Z] > git config --get commit.template [6ms]
[2022-06-12T16:35:18.136Z] > git status -z -uall [24ms]
[2022-06-12T16:35:18.149Z] > git symbolic-ref --short HEAD [3ms]
[2022-06-12T16:35:18.159Z] > git for-each-ref --format=%(refname)%00%(upstream:short)%00%(objectname)%00%(upstream:track)%00%(upstream:remotename)%00%(upstream:remoteref) refs/heads/mysql_branch refs/remotes/mysql_branch [4ms]
[2022-06-12T16:35:18.178Z] > git for-each-ref --sort -committerdate --format %(refname) %(objectname) %(*objectname) [11ms]
[2022-06-12T16:35:18.179Z] > git remote --verbose [3ms]
[2022-06-12T16:35:18.200Z] > git config --get commit.template [7ms]
[2022-06-12T16:35:23.220Z] > git status -z -uall [11ms]
[2022-06-12T16:35:23.228Z] > git symbolic-ref --short HEAD [2ms]
[2022-06-12T16:35:23.235Z] > git for-each-ref --format=%(refname)%00%(upstream:short)%00%(objectname)%00%(upstream:track)%00%(upstream:remotename)%00%(upstream:remoteref) refs/heads/mysql_branch refs/remotes/mysql_branch [2ms]
[2022-06-12T16:35:23.248Z] > git for-each-ref --sort -committerdate --format %(refname) %(objectname) %(*objectname) [7ms]
[2022-06-12T16:35:23.249Z] > git remote --verbose [2ms]
[2022-06-12T16:35:23.262Z] > git config --get commit.template [3ms]
[2022-06-12T16:35:28.281Z] > git status -z -uall [10ms]
[2022-06-12T16:35:28.292Z] > git symbolic-ref --short HEAD [2ms]
[2022-06-12T16:35:28.299Z] > git for-each-ref --format=%(refname)%00%(upstream:short)%00%(objectname)%00%(upstream:track)%00%(upstream:remotename)%00%(upstream:remoteref) refs/heads/mysql_branch refs/remotes/mysql_branch [2ms]
[2022-06-12T16:35:28.311Z] > git for-each-ref --sort -committerdate --format %(refname) %(objectname) %(*objectname) [7ms]
[2022-06-12T16:35:28.312Z] > git remote --verbose [2ms]
[2022-06-12T16:35:28.324Z] > git config --get commit.template [2ms]
[2022-06-12T16:35:33.356Z] > git status -z -uall [15ms]
[2022-06-12T16:35:33.369Z] > git symbolic-ref --short HEAD [4ms]
[2022-06-12T16:35:33.379Z] > git for-each-ref --format=%(refname)%00%(upstream:short)%00%(objectname)%00%(upstream:track)%00%(upstream:remotename)%00%(upstream:remoteref) refs/heads/mysql_branch refs/remotes/mysql_branch [3ms]
[2022-06-12T16:35:33.394Z] > git for-each-ref --sort -committerdate --format %(refname) %(objectname) %(*objectname) [8ms]
[2022-06-12T16:35:33.395Z] > git remote --verbose [3ms]
[2022-06-12T16:35:33.414Z] > git config --get commit.template [6ms]
[2022-06-12T16:35:38.454Z] > git status -z -uall [22ms]
[2022-06-12T16:35:38.463Z] > git symbolic-ref --short HEAD [2ms]
[2022-06-12T16:35:38.474Z] > git for-each-ref --format=%(refname)%00%(upstream:short)%00%(objectname)%00%(upstream:track)%00%(upstream:remotename)%00%(upstream:remoteref) refs/heads/mysql_branch refs/remotes/mysql_branch [2ms]
[2022-06-12T16:35:38.492Z] > git for-each-ref --sort -committerdate --format %(refname) %(objectname) %(*objectname) [9ms]
[2022-06-12T16:35:38.493Z] > git remote --verbose [3ms]
[2022-06-12T16:35:38.508Z] > git config --get commit.template [3ms]
[2022-06-12T16:35:43.537Z] > git status -z -uall [20ms]
[2022-06-12T16:35:43.550Z] > git symbolic-ref --short HEAD [4ms]
[2022-06-12T16:35:43.562Z] > git for-each-ref --format=%(refname)%00%(upstream:short)%00%(objectname)%00%(upstream:track)%00%(upstream:remotename)%00%(upstream:remoteref) refs/heads/mysql_branch refs/remotes/mysql_branch [2ms]
[2022-06-12T16:35:43.585Z] > git for-each-ref --sort -committerdate --format %(refname) %(objectname) %(*objectname) [16ms]
[2022-06-12T16:35:43.586Z] > git remote --verbose [3ms]
[2022-06-12T16:35:43.617Z] > git config --get commit.template [14ms]
[2022-06-12T16:35:48.641Z] > git status -z -uall [10ms]
[2022-06-12T16:35:48.648Z] > git symbolic-ref --short HEAD [1ms]
[2022-06-12T16:35:48.657Z] > git for-each-ref --format=%(refname)%00%(upstream:short)%00%(objectname)%00%(upstream:track)%00%(upstream:remotename)%00%(upstream:remoteref) refs/heads/mysql_branch refs/remotes/mysql_branch [2ms]
[2022-06-12T16:35:48.669Z] > git for-each-ref --sort -committerdate --format %(refname) %(objectname) %(*objectname) [6ms]
[2022-06-12T16:35:48.671Z] > git remote --verbose [3ms]
[2022-06-12T16:35:48.683Z] > git config --get commit.template [2ms]
[2022-06-12T16:35:53.731Z] > git status -z -uall [24ms]
[2022-06-12T16:35:53.739Z] > git symbolic-ref --short HEAD [1ms]
[2022-06-12T16:35:53.747Z] > git for-each-ref --format=%(refname)%00%(upstream:short)%00%(objectname)%00%(upstream:track)%00%(upstream:remotename)%00%(upstream:remoteref) refs/heads/mysql_branch refs/remotes/mysql_branch [2ms]
[2022-06-12T16:35:53.760Z] > git for-each-ref --sort -committerdate --format %(refname) %(objectname) %(*objectname) [7ms]
[2022-06-12T16:35:53.761Z] > git remote --verbose [2ms]
[2022-06-12T16:35:53.775Z] > git config --get commit.template [4ms]
[2022-06-12T16:35:58.805Z] > git status -z -uall [15ms]
[2022-06-12T16:35:58.814Z] > git symbolic-ref --short HEAD [2ms]
[2022-06-12T16:35:58.822Z] > git for-each-ref --format=%(refname)%00%(upstream:short)%00%(objectname)%00%(upstream:track)%00%(upstream:remotename)%00%(upstream:remoteref) refs/heads/mysql_branch refs/remotes/mysql_branch [2ms]
[2022-06-12T16:35:58.836Z] > git for-each-ref --sort -committerdate --format %(refname) %(objectname) %(*objectname) [8ms]
[2022-06-12T16:35:58.836Z] > git remote --verbose [2ms]
[2022-06-12T16:35:58.854Z] > git config --get commit.template [6ms]
[2022-06-12T16:36:29.637Z] > git status -z -uall [17ms]
[2022-06-12T16:36:29.647Z] > git symbolic-ref --short HEAD [3ms]
[2022-06-12T16:36:29.660Z] > git for-each-ref --format=%(refname)%00%(upstream:short)%00%(objectname)%00%(upstream:track)%00%(upstream:remotename)%00%(upstream:remoteref) refs/heads/mysql_branch refs/remotes/mysql_branch [3ms]
[2022-06-12T16:36:29.681Z] > git for-each-ref --sort -committerdate --format %(refname) %(objectname) %(*objectname) [9ms]
[2022-06-12T16:36:29.682Z] > git remote --verbose [3ms]
[2022-06-12T16:36:29.710Z] > git config --get commit.template [4ms]
[2022-06-12T16:36:34.749Z] > git status -z -uall [26ms]
[2022-06-12T16:36:34.760Z] > git symbolic-ref --short HEAD [3ms]
[2022-06-12T16:36:34.772Z] > git for-each-ref --format=%(refname)%00%(upstream:short)%00%(objectname)%00%(upstream:track)%00%(upstream:remotename)%00%(upstream:remoteref) refs/heads/mysql_branch refs/remotes/mysql_branch [2ms]
[2022-06-12T16:36:34.790Z] > git for-each-ref --sort -committerdate --format %(refname) %(objectname) %(*objectname) [11ms]
[2022-06-12T16:36:34.792Z] > git remote --verbose [3ms]
[2022-06-12T16:36:34.817Z] > git config --get commit.template [4ms]
[2022-06-12T16:36:39.863Z] > git status -z -uall [21ms]
[2022-06-12T16:36:39.872Z] > git symbolic-ref --short HEAD [2ms]
[2022-06-12T16:36:39.881Z] > git for-each-ref --format=%(refname)%00%(upstream:short)%00%(objectname)%00%(upstream:track)%00%(upstream:remotename)%00%(upstream:remoteref) refs/heads/mysql_branch refs/remotes/mysql_branch [2ms]
[2022-06-12T16:36:39.893Z] > git for-each-ref --sort -committerdate --format %(refname) %(objectname) %(*objectname) [7ms]
[2022-06-12T16:36:39.893Z] > git remote --verbose [1ms]
[2022-06-12T16:36:39.908Z] > git config --get commit.template [3ms]
[2022-06-12T16:36:44.941Z] > git status -z -uall [12ms]
[2022-06-12T16:36:44.954Z] > git symbolic-ref --short HEAD [5ms]
[2022-06-12T16:36:44.963Z] > git for-each-ref --format=%(refname)%00%(upstream:short)%00%(objectname)%00%(upstream:track)%00%(upstream:remotename)%00%(upstream:remoteref) refs/heads/mysql_branch refs/remotes/mysql_branch [2ms]
[2022-06-12T16:36:44.984Z] > git for-each-ref --sort -committerdate --format %(refname) %(objectname) %(*objectname) [6ms]
[2022-06-12T16:36:44.985Z] > git remote --verbose [2ms]
[2022-06-12T16:36:44.999Z] > git config --get commit.template [2ms]
[2022-06-12T16:36:50.036Z] > git status -z -uall [23ms]
[2022-06-12T16:36:50.043Z] > git symbolic-ref --short HEAD [2ms]
[2022-06-12T16:36:50.051Z] > git for-each-ref --format=%(refname)%00%(upstream:short)%00%(objectname)%00%(upstream:track)%00%(upstream:remotename)%00%(upstream:remoteref) refs/heads/mysql_branch refs/remotes/mysql_branch [3ms]
[2022-06-12T16:36:50.063Z] > git for-each-ref --sort -committerdate --format %(refname) %(objectname) %(*objectname) [7ms]
[2022-06-12T16:36:50.064Z] > git remote --verbose [2ms]
[2022-06-12T16:36:50.079Z] > git config --get commit.template [4ms]
[2022-06-12T16:36:55.098Z] > git status -z -uall [13ms]
[2022-06-12T16:36:55.107Z] > git symbolic-ref --short HEAD [2ms]
[2022-06-12T16:36:55.115Z] > git for-each-ref --format=%(refname)%00%(upstream:short)%00%(objectname)%00%(upstream:track)%00%(upstream:remotename)%00%(upstream:remoteref) refs/heads/mysql_branch refs/remotes/mysql_branch [2ms]
[2022-06-12T16:36:55.151Z] > git remote --verbose [9ms]
[2022-06-12T16:36:55.152Z] > git for-each-ref --sort -committerdate --format %(refname) %(objectname) %(*objectname) [16ms]
[2022-06-12T16:36:55.164Z] > git config --get commit.template [2ms]
[2022-06-12T16:36:59.154Z] > git show --textconv :src/components/List.js [231ms]
[2022-06-12T16:36:59.155Z] > git ls-files --stage -- /home/virtuoso/Programming/UWT/DB/Language_Website/src/components/List.js [219ms]
[2022-06-12T16:36:59.224Z] > git cat-file -s a43dffd55d2e634da168f82ee56b15146f7aff35 [52ms]
[2022-06-12T16:37:00.229Z] > git status -z -uall [24ms]
[2022-06-12T16:37:00.244Z] > git symbolic-ref --short HEAD [3ms]
[2022-06-12T16:37:00.259Z] > git for-each-ref --format=%(refname)%00%(upstream:short)%00%(objectname)%00%(upstream:track)%00%(upstream:remotename)%00%(upstream:remoteref) refs/heads/mysql_branch refs/remotes/mysql_branch [5ms]
[2022-06-12T16:37:00.282Z] > git for-each-ref --sort -committerdate --format %(refname) %(objectname) %(*objectname) [11ms]
[2022-06-12T16:37:00.295Z] > git remote --verbose [14ms]
[2022-06-12T16:37:00.358Z] > git config --get commit.template [37ms]
[2022-06-12T16:37:05.399Z] > git status -z -uall [25ms]
[2022-06-12T16:37:05.413Z] > git symbolic-ref --short HEAD [3ms]
[2022-06-12T16:37:05.431Z] > git for-each-ref --format=%(refname)%00%(upstream:short)%00%(objectname)%00%(upstream:track)%00%(upstream:remotename)%00%(upstream:remoteref) refs/heads/mysql_branch refs/remotes/mysql_branch [1ms]
[2022-06-12T16:37:05.466Z] > git for-each-ref --sort -committerdate --format %(refname) %(objectname) %(*objectname) [12ms]
[2022-06-12T16:37:05.466Z] > git remote --verbose [4ms]
[2022-06-12T16:37:05.490Z] > git config --get commit.template [7ms]
[2022-06-12T16:37:10.513Z] > git status -z -uall [12ms]
[2022-06-12T16:37:10.527Z] > git symbolic-ref --short HEAD [7ms]
[2022-06-12T16:37:10.537Z] > git for-each-ref --format=%(refname)%00%(upstream:short)%00%(objectname)%00%(upstream:track)%00%(upstream:remotename)%00%(upstream:remoteref) refs/heads/mysql_branch refs/remotes/mysql_branch [1ms]
[2022-06-12T16:37:10.560Z] > git for-each-ref --sort -committerdate --format %(refname) %(objectname) %(*objectname) [12ms]
[2022-06-12T16:37:10.576Z] > git remote --verbose [17ms]
[2022-06-12T16:37:10.630Z] > git config --get commit.template [39ms]
[2022-06-12T16:37:15.652Z] > git status -z -uall [10ms]
[2022-06-12T16:37:15.662Z] > git symbolic-ref --short HEAD [3ms]
[2022-06-12T16:37:15.670Z] > git for-each-ref --format=%(refname)%00%(upstream:short)%00%(objectname)%00%(upstream:track)%00%(upstream:remotename)%00%(upstream:remoteref) refs/heads/mysql_branch refs/remotes/mysql_branch [2ms]
[2022-06-12T16:37:15.685Z] > git for-each-ref --sort -committerdate --format %(refname) %(objectname) %(*objectname) [8ms]
[2022-06-12T16:37:15.685Z] > git remote --verbose [2ms]
[2022-06-12T16:37:15.701Z] > git config --get commit.template [3ms]
[2022-06-12T16:37:20.721Z] > git status -z -uall [11ms]
[2022-06-12T16:37:20.730Z] > git symbolic-ref --short HEAD [2ms]
[2022-06-12T16:37:20.740Z] > git for-each-ref --format=%(refname)%00%(upstream:short)%00%(objectname)%00%(upstream:track)%00%(upstream:remotename)%00%(upstream:remoteref) refs/heads/mysql_branch refs/remotes/mysql_branch [2ms]
[2022-06-12T16:37:20.757Z] > git for-each-ref --sort -committerdate --format %(refname) %(objectname) %(*objectname) [10ms]
[2022-06-12T16:37:20.759Z] > git remote --verbose [3ms]
[2022-06-12T16:37:20.779Z] > git config --get commit.template [2ms]
[2022-06-12T16:37:23.214Z] > git check-ignore -v -z --stdin [4ms]
[2022-06-12T16:37:25.487Z] > git show --textconv :src/pages/Home.js [11ms]
[2022-06-12T16:37:25.491Z] > git ls-files --stage -- /home/virtuoso/Programming/UWT/DB/Language_Website/src/pages/Home.js [5ms]
[2022-06-12T16:37:25.511Z] > git cat-file -s 1df20b4922c47b33ec32f1405b7c78bd9fb2da0e [9ms]
[2022-06-12T16:37:25.821Z] > git status -z -uall [19ms]
[2022-06-12T16:37:25.831Z] > git symbolic-ref --short HEAD [2ms]
[2022-06-12T16:37:25.847Z] > git for-each-ref --format=%(refname)%00%(upstream:short)%00%(objectname)%00%(upstream:track)%00%(upstream:remotename)%00%(upstream:remoteref) refs/heads/mysql_branch refs/remotes/mysql_branch [3ms]
[2022-06-12T16:37:25.867Z] > git for-each-ref --sort -committerdate --format %(refname) %(objectname) %(*objectname) [10ms]
[2022-06-12T16:37:25.869Z] > git remote --verbose [5ms]
[2022-06-12T16:37:25.903Z] > git config --get commit.template [6ms]
[2022-06-12T16:37:30.924Z] > git status -z -uall [11ms]
[2022-06-12T16:37:30.936Z] > git symbolic-ref --short HEAD [2ms]
[2022-06-12T16:37:30.947Z] > git for-each-ref --format=%(refname)%00%(upstream:short)%00%(objectname)%00%(upstream:track)%00%(upstream:remotename)%00%(upstream:remoteref) refs/heads/mysql_branch refs/remotes/mysql_branch [2ms]
[2022-06-12T16:37:30.960Z] > git for-each-ref --sort -committerdate --format %(refname) %(objectname) %(*objectname) [7ms]
[2022-06-12T16:37:30.961Z] > git remote --verbose [1ms]
[2022-06-12T16:37:30.976Z] > git config --get commit.template [3ms]
[2022-06-12T16:37:35.999Z] > git status -z -uall [12ms]
[2022-06-12T16:37:36.009Z] > git symbolic-ref --short HEAD [2ms]
[2022-06-12T16:37:36.018Z] > git for-each-ref --format=%(refname)%00%(upstream:short)%00%(objectname)%00%(upstream:track)%00%(upstream:remotename)%00%(upstream:remoteref) refs/heads/mysql_branch refs/remotes/mysql_branch [2ms]
[2022-06-12T16:37:36.033Z] > git for-each-ref --sort -committerdate --format %(refname) %(objectname) %(*objectname) [6ms]
[2022-06-12T16:37:36.034Z] > git remote --verbose [2ms]
[2022-06-12T16:37:36.055Z] > git config --get commit.template [5ms]
[2022-06-12T16:37:41.076Z] > git status -z -uall [15ms]
[2022-06-12T16:37:41.089Z] > git symbolic-ref --short HEAD [3ms]
[2022-06-12T16:37:41.104Z] > git for-each-ref --format=%(refname)%00%(upstream:short)%00%(objectname)%00%(upstream:track)%00%(upstream:remotename)%00%(upstream:remoteref) refs/heads/mysql_branch refs/remotes/mysql_branch [5ms]
[2022-06-12T16:37:41.128Z] > git remote --verbose [2ms]
[2022-06-12T16:37:41.129Z] > git for-each-ref --sort -committerdate --format %(refname) %(objectname) %(*objectname) [14ms]
[2022-06-12T16:37:41.157Z] > git config --get commit.template [8ms]
[2022-06-12T16:37:46.181Z] > git status -z -uall [13ms]
[2022-06-12T16:37:46.190Z] > git symbolic-ref --short HEAD [2ms]
[2022-06-12T16:37:46.201Z] > git for-each-ref --format=%(refname)%00%(upstream:short)%00%(objectname)%00%(upstream:track)%00%(upstream:remotename)%00%(upstream:remoteref) refs/heads/mysql_branch refs/remotes/mysql_branch [3ms]
[2022-06-12T16:37:46.214Z] > git for-each-ref --sort -committerdate --format %(refname) %(objectname) %(*objectname) [6ms]
[2022-06-12T16:37:46.217Z] > git remote --verbose [4ms]
[2022-06-12T16:37:46.229Z] > git config --get commit.template [2ms]
[2022-06-12T16:37:51.257Z] > git status -z -uall [14ms]
[2022-06-12T16:37:51.272Z] > git symbolic-ref --short HEAD [3ms]
[2022-06-12T16:37:51.282Z] > git for-each-ref --format=%(refname)%00%(upstream:short)%00%(objectname)%00%(upstream:track)%00%(upstream:remotename)%00%(upstream:remoteref) refs/heads/mysql_branch refs/remotes/mysql_branch [3ms]
[2022-06-12T16:37:51.301Z] > git for-each-ref --sort -committerdate --format %(refname) %(objectname) %(*objectname) [7ms]
[2022-06-12T16:37:51.302Z] > git remote --verbose [2ms]
[2022-06-12T16:37:51.321Z] > git config --get commit.template [4ms]
[2022-06-12T16:37:56.346Z] > git status -z -uall [15ms]
[2022-06-12T16:37:56.369Z] > git symbolic-ref --short HEAD [15ms]
[2022-06-12T16:37:56.379Z] > git for-each-ref --format=%(refname)%00%(upstream:short)%00%(objectname)%00%(upstream:track)%00%(upstream:remotename)%00%(upstream:remoteref) refs/heads/mysql_branch refs/remotes/mysql_branch [2ms]
[2022-06-12T16:37:56.404Z] > git for-each-ref --sort -committerdate --format %(refname) %(objectname) %(*objectname) [18ms]
[2022-06-12T16:37:56.406Z] > git remote --verbose [3ms]
[2022-06-12T16:37:56.425Z] > git config --get commit.template [1ms]
[2022-06-12T16:38:01.448Z] > git status -z -uall [13ms]
[2022-06-12T16:38:01.457Z] > git symbolic-ref --short HEAD [2ms]
[2022-06-12T16:38:01.467Z] > git for-each-ref --format=%(refname)%00%(upstream:short)%00%(objectname)%00%(upstream:track)%00%(upstream:remotename)%00%(upstream:remoteref) refs/heads/mysql_branch refs/remotes/mysql_branch [4ms]
[2022-06-12T16:38:01.482Z] > git for-each-ref --sort -committerdate --format %(refname) %(objectname) %(*objectname) [8ms]
[2022-06-12T16:38:01.483Z] > git remote --verbose [3ms]
[2022-06-12T16:38:01.497Z] > git config --get commit.template [2ms]
[2022-06-12T16:38:14.198Z] > git status -z -uall [7678ms]
[2022-06-12T16:38:14.219Z] > git symbolic-ref --short HEAD [2ms]
[2022-06-12T16:38:14.277Z] > git for-each-ref --format=%(refname)%00%(upstream:short)%00%(objectname)%00%(upstream:track)%00%(upstream:remotename)%00%(upstream:remoteref) refs/heads/mysql_branch refs/remotes/mysql_branch [31ms]
[2022-06-12T16:38:14.310Z] > git remote --verbose [3ms]
[2022-06-12T16:38:14.324Z] > git for-each-ref --sort -committerdate --format %(refname) %(objectname) %(*objectname) [26ms]
[2022-06-12T16:38:14.356Z] > git config --get commit.template [6ms]
[2022-06-12T16:38:19.374Z] > git status -z -uall [10ms]
[2022-06-12T16:38:19.382Z] > git symbolic-ref --short HEAD [1ms]
[2022-06-12T16:38:19.390Z] > git for-each-ref --format=%(refname)%00%(upstream:short)%00%(objectname)%00%(upstream:track)%00%(upstream:remotename)%00%(upstream:remoteref) refs/heads/mysql_branch refs/remotes/mysql_branch [2ms]
[2022-06-12T16:38:19.403Z] > git for-each-ref --sort -committerdate --format %(refname) %(objectname) %(*objectname) [7ms]
[2022-06-12T16:38:19.404Z] > git remote --verbose [2ms]
[2022-06-12T16:38:19.420Z] > git config --get commit.template [4ms]
[2022-06-12T16:38:24.439Z] > git status -z -uall [10ms]
[2022-06-12T16:38:24.448Z] > git symbolic-ref --short HEAD [2ms]
[2022-06-12T16:38:24.456Z] > git for-each-ref --format=%(refname)%00%(upstream:short)%00%(objectname)%00%(upstream:track)%00%(upstream:remotename)%00%(upstream:remoteref) refs/heads/mysql_branch refs/remotes/mysql_branch [2ms]
[2022-06-12T16:38:24.471Z] > git for-each-ref --sort -committerdate --format %(refname) %(objectname) %(*objectname) [7ms]
[2022-06-12T16:38:24.471Z] > git remote --verbose [1ms]
[2022-06-12T16:38:24.483Z] > git config --get commit.template [1ms]
[2022-06-12T16:38:29.520Z] > git status -z -uall [23ms]
[2022-06-12T16:38:31.662Z] > git symbolic-ref --short HEAD [4ms]
[2022-06-12T16:38:31.675Z] > git for-each-ref --format=%(refname)%00%(upstream:short)%00%(objectname)%00%(upstream:track)%00%(upstream:remotename)%00%(upstream:remoteref) refs/heads/mysql_branch refs/remotes/mysql_branch [3ms]
[2022-06-12T16:38:31.690Z] > git for-each-ref --sort -committerdate --format %(refname) %(objectname) %(*objectname) [8ms]
[2022-06-12T16:38:31.691Z] > git remote --verbose [2ms]
[2022-06-12T16:38:31.707Z] > git config --get commit.template [4ms]
[2022-06-12T16:38:36.742Z] > git status -z -uall [19ms]
[2022-06-12T16:38:36.750Z] > git symbolic-ref --short HEAD [1ms]
[2022-06-12T16:38:36.759Z] > git for-each-ref --format=%(refname)%00%(upstream:short)%00%(objectname)%00%(upstream:track)%00%(upstream:remotename)%00%(upstream:remoteref) refs/heads/mysql_branch refs/remotes/mysql_branch [2ms]
[2022-06-12T16:38:51.628Z] > git remote --verbose [12ms]
[2022-06-12T16:38:51.629Z] > git for-each-ref --sort -committerdate --format %(refname) %(objectname) %(*objectname) [14864ms]
[2022-06-12T16:38:51.646Z] > git config --get commit.template [2ms]
[2022-06-12T16:38:52.186Z] > git show --textconv :src/pages/Home.js [24ms]
[2022-06-12T16:38:52.197Z] > git ls-files --stage -- /home/virtuoso/Programming/UWT/DB/Language_Website/src/pages/Home.js [17ms]
[2022-06-12T16:38:52.229Z] > git cat-file -s 1df20b4922c47b33ec32f1405b7c78bd9fb2da0e [4ms]
[2022-06-12T16:38:56.687Z] > git status -z -uall [25ms]
[2022-06-12T16:38:56.703Z] > git symbolic-ref --short HEAD [4ms]
[2022-06-12T16:38:56.711Z] > git for-each-ref --format=%(refname)%00%(upstream:short)%00%(objectname)%00%(upstream:track)%00%(upstream:remotename)%00%(upstream:remoteref) refs/heads/mysql_branch refs/remotes/mysql_branch [2ms]
[2022-06-12T16:38:56.728Z] > git for-each-ref --sort -committerdate --format %(refname) %(objectname) %(*objectname) [10ms]
[2022-06-12T16:38:56.728Z] > git remote --verbose [4ms]
[2022-06-12T16:38:56.746Z] > git config --get commit.template [6ms]
[2022-06-12T16:39:01.773Z] > git status -z -uall [14ms]
[2022-06-12T16:39:01.788Z] > git symbolic-ref --short HEAD [4ms]
[2022-06-12T16:39:01.802Z] > git for-each-ref --format=%(refname)%00%(upstream:short)%00%(objectname)%00%(upstream:track)%00%(upstream:remotename)%00%(upstream:remoteref) refs/heads/mysql_branch refs/remotes/mysql_branch [2ms]
[2022-06-12T16:39:01.816Z] > git for-each-ref --sort -committerdate --format %(refname) %(objectname) %(*objectname) [7ms]
[2022-06-12T16:39:01.816Z] > git remote --verbose [2ms]
[2022-06-12T16:39:01.831Z] > git config --get commit.template [4ms]
[2022-06-12T16:39:02.375Z] > git show --textconv :src/components/List.js [9ms]
[2022-06-12T16:39:02.377Z] > git ls-files --stage -- /home/virtuoso/Programming/UWT/DB/Language_Website/src/components/List.js [4ms]
[2022-06-12T16:39:02.395Z] > git cat-file -s a43dffd55d2e634da168f82ee56b15146f7aff35 [4ms]
[2022-06-12T16:39:06.857Z] > git status -z -uall [12ms]
[2022-06-12T16:39:06.871Z] > git symbolic-ref --short HEAD [7ms]
[2022-06-12T16:39:06.880Z] > git for-each-ref --format=%(refname)%00%(upstream:short)%00%(objectname)%00%(upstream:track)%00%(upstream:remotename)%00%(upstream:remoteref) refs/heads/mysql_branch refs/remotes/mysql_branch [2ms]
[2022-06-12T16:39:06.919Z] > git for-each-ref --sort -committerdate --format %(refname) %(objectname) %(*objectname) [31ms]
[2022-06-12T16:39:06.933Z] > git remote --verbose [26ms]
[2022-06-12T16:39:06.952Z] > git config --get commit.template [2ms]
[2022-06-12T16:39:11.978Z] > git status -z -uall [15ms]
[2022-06-12T16:39:11.988Z] > git symbolic-ref --short HEAD [1ms]
[2022-06-12T16:39:11.998Z] > git for-each-ref --format=%(refname)%00%(upstream:short)%00%(objectname)%00%(upstream:track)%00%(upstream:remotename)%00%(upstream:remoteref) refs/heads/mysql_branch refs/remotes/mysql_branch [2ms]
[2022-06-12T16:39:12.015Z] > git for-each-ref --sort -committerdate --format %(refname) %(objectname) %(*objectname) [7ms]
[2022-06-12T16:39:12.016Z] > git remote --verbose [2ms]
[2022-06-12T16:39:12.032Z] > git config --get commit.template [4ms]
[2022-06-12T16:39:17.079Z] > git status -z -uall [34ms]
[2022-06-12T16:39:17.093Z] > git symbolic-ref --short HEAD [2ms]
[2022-06-12T16:39:17.104Z] > git for-each-ref --format=%(refname)%00%(upstream:short)%00%(objectname)%00%(upstream:track)%00%(upstream:remotename)%00%(upstream:remoteref) refs/heads/mysql_branch refs/remotes/mysql_branch [2ms]
[2022-06-12T16:39:17.118Z] > git for-each-ref --sort -committerdate --format %(refname) %(objectname) %(*objectname) [8ms]
[2022-06-12T16:39:17.119Z] > git remote --verbose [3ms]
[2022-06-12T16:39:17.136Z] > git config --get commit.template [3ms]
[2022-06-12T16:39:22.169Z] > git status -z -uall [24ms]
[2022-06-12T16:39:22.179Z] > git symbolic-ref --short HEAD [3ms]
[2022-06-12T16:39:22.188Z] > git for-each-ref --format=%(refname)%00%(upstream:short)%00%(objectname)%00%(upstream:track)%00%(upstream:remotename)%00%(upstream:remoteref) refs/heads/mysql_branch refs/remotes/mysql_branch [3ms]
[2022-06-12T16:39:22.203Z] > git for-each-ref --sort -committerdate --format %(refname) %(objectname) %(*objectname) [8ms]
[2022-06-12T16:39:22.204Z] > git remote --verbose [2ms]
[2022-06-12T16:39:22.231Z] > git config --get commit.template [6ms]
[2022-06-12T16:39:27.274Z] > git status -z -uall [24ms]
[2022-06-12T16:39:27.286Z] > git symbolic-ref --short HEAD [2ms]
[2022-06-12T16:39:27.294Z] > git for-each-ref --format=%(refname)%00%(upstream:short)%00%(objectname)%00%(upstream:track)%00%(upstream:remotename)%00%(upstream:remoteref) refs/heads/mysql_branch refs/remotes/mysql_branch [2ms]
[2022-06-12T16:39:27.309Z] > git for-each-ref --sort -committerdate --format %(refname) %(objectname) %(*objectname) [7ms]
[2022-06-12T16:39:27.310Z] > git remote --verbose [2ms]
[2022-06-12T16:39:27.322Z] > git config --get commit.template [1ms]
[2022-06-12T16:39:32.348Z] > git status -z -uall [13ms]
[2022-06-12T16:39:32.357Z] > git symbolic-ref --short HEAD [2ms]
[2022-06-12T16:39:32.367Z] > git for-each-ref --format=%(refname)%00%(upstream:short)%00%(objectname)%00%(upstream:track)%00%(upstream:remotename)%00%(upstream:remoteref) refs/heads/mysql_branch refs/remotes/mysql_branch [2ms]
[2022-06-12T16:39:32.381Z] > git for-each-ref --sort -committerdate --format %(refname) %(objectname) %(*objectname) [8ms]
[2022-06-12T16:39:32.382Z] > git remote --verbose [1ms]
[2022-06-12T16:39:32.396Z] > git config --get commit.template [3ms]
[2022-06-12T16:39:37.454Z] > git status -z -uall [23ms]
[2022-06-12T16:39:37.466Z] > git symbolic-ref --short HEAD [2ms]
[2022-06-12T16:39:37.477Z] > git for-each-ref --format=%(refname)%00%(upstream:short)%00%(objectname)%00%(upstream:track)%00%(upstream:remotename)%00%(upstream:remoteref) refs/heads/mysql_branch refs/remotes/mysql_branch [2ms]
[2022-06-12T16:39:37.498Z] > git for-each-ref --sort -committerdate --format %(refname) %(objectname) %(*objectname) [15ms]
[2022-06-12T16:39:37.514Z] > git remote --verbose [26ms]
[2022-06-12T16:39:37.544Z] > git config --get commit.template [4ms]
[2022-06-12T16:39:42.573Z] > git show --textconv :src/components/RawSQLData.json [49ms]
[2022-06-12T16:39:42.573Z] > git ls-files --stage -- /home/virtuoso/Programming/UWT/DB/Language_Website/src/components/RawSQLData.json [22ms]
[2022-06-12T16:39:42.589Z] > git status -z -uall [17ms]
[2022-06-12T16:39:42.606Z] > git symbolic-ref --short HEAD [2ms]
[2022-06-12T16:39:42.619Z] > git for-each-ref --format=%(refname)%00%(upstream:short)%00%(objectname)%00%(upstream:track)%00%(upstream:remotename)%00%(upstream:remoteref) refs/heads/mysql_branch refs/remotes/mysql_branch [4ms]
[2022-06-12T16:39:42.641Z] > git for-each-ref --sort -committerdate --format %(refname) %(objectname) %(*objectname) [15ms]
[2022-06-12T16:39:42.643Z] > git remote --verbose [5ms]
[2022-06-12T16:39:42.676Z] > git config --get commit.template [17ms]
[2022-06-12T16:39:43.160Z] > git show --textconv :src/components/SampleData.json [12ms]
[2022-06-12T16:39:43.164Z] > git ls-files --stage -- /home/virtuoso/Programming/UWT/DB/Language_Website/src/components/SampleData.json [5ms]
[2022-06-12T16:39:43.174Z] > git cat-file -s ca106a036e5a2c73e2532b8b0d8db8c70424ac5e [2ms]
[2022-06-12T16:39:47.335Z] > git show --textconv :src/pages/Home.js [42ms]
[2022-06-12T16:39:47.344Z] > git ls-files --stage -- /home/virtuoso/Programming/UWT/DB/Language_Website/src/pages/Home.js [15ms]
[2022-06-12T16:39:47.383Z] > git cat-file -s 1df20b4922c47b33ec32f1405b7c78bd9fb2da0e [4ms]
[2022-06-12T16:39:47.704Z] > git status -z -uall [15ms]
[2022-06-12T16:39:47.714Z] > git symbolic-ref --short HEAD [2ms]
[2022-06-12T16:39:47.724Z] > git for-each-ref --format=%(refname)%00%(upstream:short)%00%(objectname)%00%(upstream:track)%00%(upstream:remotename)%00%(upstream:remoteref) refs/heads/mysql_branch refs/remotes/mysql_branch [2ms]
[2022-06-12T16:39:47.740Z] > git for-each-ref --sort -committerdate --format %(refname) %(objectname) %(*objectname) [8ms]
[2022-06-12T16:39:47.741Z] > git remote --verbose [2ms]
[2022-06-12T16:39:47.757Z] > git config --get commit.template [2ms]
[2022-06-12T16:39:48.640Z] > git show --textconv :src/components/List.js [17ms]
[2022-06-12T16:39:48.641Z] > git ls-files --stage -- /home/virtuoso/Programming/UWT/DB/Language_Website/src/components/List.js [3ms]
[2022-06-12T16:39:48.650Z] > git cat-file -s a43dffd55d2e634da168f82ee56b15146f7aff35 [2ms]
[2022-06-12T16:39:52.801Z] > git status -z -uall [17ms]
[2022-06-12T16:39:52.809Z] > git symbolic-ref --short HEAD [2ms]
[2022-06-12T16:39:52.817Z] > git for-each-ref --format=%(refname)%00%(upstream:short)%00%(objectname)%00%(upstream:track)%00%(upstream:remotename)%00%(upstream:remoteref) refs/heads/mysql_branch refs/remotes/mysql_branch [3ms]
[2022-06-12T16:39:52.830Z] > git for-each-ref --sort -committerdate --format %(refname) %(objectname) %(*objectname) [7ms]
[2022-06-12T16:39:52.830Z] > git remote --verbose [1ms]
[2022-06-12T16:39:52.846Z] > git config --get commit.template [2ms]
[2022-06-12T16:39:57.872Z] > git status -z -uall [12ms]
[2022-06-12T16:39:57.883Z] > git symbolic-ref --short HEAD [2ms]
[2022-06-12T16:39:57.896Z] > git for-each-ref --format=%(refname)%00%(upstream:short)%00%(objectname)%00%(upstream:track)%00%(upstream:remotename)%00%(upstream:remoteref) refs/heads/mysql_branch refs/remotes/mysql_branch [3ms]
[2022-06-12T16:39:57.923Z] > git for-each-ref --sort -committerdate --format %(refname) %(objectname) %(*objectname) [9ms]
[2022-06-12T16:39:57.923Z] > git remote --verbose [3ms]
[2022-06-12T16:39:57.944Z] > git config --get commit.template [2ms]
[2022-06-12T16:40:02.975Z] > git status -z -uall [19ms]
[2022-06-12T16:40:02.983Z] > git symbolic-ref --short HEAD [2ms]
[2022-06-12T16:40:02.992Z] > git for-each-ref --format=%(refname)%00%(upstream:short)%00%(objectname)%00%(upstream:track)%00%(upstream:remotename)%00%(upstream:remoteref) refs/heads/mysql_branch refs/remotes/mysql_branch [2ms]
[2022-06-12T16:40:03.006Z] > git for-each-ref --sort -committerdate --format %(refname) %(objectname) %(*objectname) [9ms]
[2022-06-12T16:40:03.006Z] > git remote --verbose [2ms]
[2022-06-12T16:40:03.024Z] > git config --get commit.template [2ms]
[2022-06-12T16:40:08.043Z] > git status -z -uall [10ms]
[2022-06-12T16:40:08.052Z] > git symbolic-ref --short HEAD [3ms]
[2022-06-12T16:40:08.062Z] > git for-each-ref --format=%(refname)%00%(upstream:short)%00%(objectname)%00%(upstream:track)%00%(upstream:remotename)%00%(upstream:remoteref) refs/heads/mysql_branch refs/remotes/mysql_branch [4ms]
[2022-06-12T16:40:08.075Z] > git for-each-ref --sort -committerdate --format %(refname) %(objectname) %(*objectname) [7ms]
[2022-06-12T16:40:08.077Z] > git remote --verbose [3ms]
[2022-06-12T16:40:08.095Z] > git config --get commit.template [3ms]
[2022-06-12T16:40:13.130Z] > git status -z -uall [23ms]
[2022-06-12T16:40:13.149Z] > git symbolic-ref --short HEAD [6ms]
[2022-06-12T16:40:13.158Z] > git for-each-ref --format=%(refname)%00%(upstream:short)%00%(objectname)%00%(upstream:track)%00%(upstream:remotename)%00%(upstream:remoteref) refs/heads/mysql_branch refs/remotes/mysql_branch [2ms]
[2022-06-12T16:40:13.171Z] > git for-each-ref --sort -committerdate --format %(refname) %(objectname) %(*objectname) [6ms]
[2022-06-12T16:40:13.174Z] > git remote --verbose [4ms]
[2022-06-12T16:40:13.187Z] > git config --get commit.template [2ms]
[2022-06-12T16:40:18.221Z] > git status -z -uall [21ms]
[2022-06-12T16:40:18.229Z] > git symbolic-ref --short HEAD [2ms]
[2022-06-12T16:40:18.238Z] > git for-each-ref --format=%(refname)%00%(upstream:short)%00%(objectname)%00%(upstream:track)%00%(upstream:remotename)%00%(upstream:remoteref) refs/heads/mysql_branch refs/remotes/mysql_branch [2ms]
[2022-06-12T16:40:18.251Z] > git for-each-ref --sort -committerdate --format %(refname) %(objectname) %(*objectname) [7ms]
[2022-06-12T16:40:18.252Z] > git remote --verbose [2ms]
[2022-06-12T16:40:18.267Z] > git config --get commit.template [4ms]
[2022-06-12T16:40:23.297Z] > git status -z -uall [18ms]
[2022-06-12T16:40:23.305Z] > git symbolic-ref --short HEAD [2ms]
[2022-06-12T16:40:23.313Z] > git for-each-ref --format=%(refname)%00%(upstream:short)%00%(objectname)%00%(upstream:track)%00%(upstream:remotename)%00%(upstream:remoteref) refs/heads/mysql_branch refs/remotes/mysql_branch [2ms]
[2022-06-12T16:40:23.325Z] > git for-each-ref --sort -committerdate --format %(refname) %(objectname) %(*objectname) [6ms]
[2022-06-12T16:40:23.326Z] > git remote --verbose [2ms]
[2022-06-12T16:40:23.341Z] > git config --get commit.template [4ms]
[2022-06-12T16:40:28.382Z] > git status -z -uall [28ms]
[2022-06-12T16:40:28.396Z] > git symbolic-ref --short HEAD [3ms]
[2022-06-12T16:40:28.404Z] > git for-each-ref --format=%(refname)%00%(upstream:short)%00%(objectname)%00%(upstream:track)%00%(upstream:remotename)%00%(upstream:remoteref) refs/heads/mysql_branch refs/remotes/mysql_branch [2ms]
[2022-06-12T16:40:28.418Z] > git for-each-ref --sort -committerdate --format %(refname) %(objectname) %(*objectname) [7ms]
[2022-06-12T16:40:28.419Z] > git remote --verbose [2ms]
[2022-06-12T16:40:28.437Z] > git config --get commit.template [3ms]
[2022-06-12T16:40:33.470Z] > git status -z -uall [18ms]
[2022-06-12T16:40:33.480Z] > git symbolic-ref --short HEAD [3ms]
[2022-06-12T16:40:33.490Z] > git for-each-ref --format=%(refname)%00%(upstream:short)%00%(objectname)%00%(upstream:track)%00%(upstream:remotename)%00%(upstream:remoteref) refs/heads/mysql_branch refs/remotes/mysql_branch [3ms]
[2022-06-12T16:40:33.503Z] > git for-each-ref --sort -committerdate --format %(refname) %(objectname) %(*objectname) [7ms]
[2022-06-12T16:40:33.503Z] > git remote --verbose [1ms]
[2022-06-12T16:40:33.520Z] > git config --get commit.template [6ms]
[2022-06-12T16:40:38.566Z] > git status -z -uall [23ms]
[2022-06-12T16:40:38.579Z] > git symbolic-ref --short HEAD [3ms]
[2022-06-12T16:40:38.589Z] > git for-each-ref --format=%(refname)%00%(upstream:short)%00%(objectname)%00%(upstream:track)%00%(upstream:remotename)%00%(upstream:remoteref) refs/heads/mysql_branch refs/remotes/mysql_branch [3ms]
[2022-06-12T16:40:38.612Z] > git for-each-ref --sort -committerdate --format %(refname) %(objectname) %(*objectname) [14ms]
[2022-06-12T16:40:38.612Z] > git remote --verbose [2ms]
[2022-06-12T16:40:38.640Z] > git config --get commit.template [5ms]
[2022-06-12T16:40:43.669Z] > git status -z -uall [10ms]
[2022-06-12T16:40:43.678Z] > git symbolic-ref --short HEAD [3ms]
[2022-06-12T16:40:43.686Z] > git for-each-ref --format=%(refname)%00%(upstream:short)%00%(objectname)%00%(upstream:track)%00%(upstream:remotename)%00%(upstream:remoteref) refs/heads/mysql_branch refs/remotes/mysql_branch [2ms]
[2022-06-12T16:40:43.699Z] > git for-each-ref --sort -committerdate --format %(refname) %(objectname) %(*objectname) [7ms]
[2022-06-12T16:40:43.700Z] > git remote --verbose [2ms]
[2022-06-12T16:40:43.722Z] > git config --get commit.template [9ms]
[2022-06-12T16:40:48.762Z] > git status -z -uall [25ms]
[2022-06-12T16:40:48.779Z] > git symbolic-ref --short HEAD [2ms]
[2022-06-12T16:40:48.788Z] > git for-each-ref --format=%(refname)%00%(upstream:short)%00%(objectname)%00%(upstream:track)%00%(upstream:remotename)%00%(upstream:remoteref) refs/heads/mysql_branch refs/remotes/mysql_branch [2ms]
[2022-06-12T16:40:48.809Z] > git for-each-ref --sort -committerdate --format %(refname) %(objectname) %(*objectname) [11ms]
[2022-06-12T16:40:48.812Z] > git remote --verbose [4ms]
[2022-06-12T16:40:48.827Z] > git config --get commit.template [3ms]
[2022-06-12T16:40:53.874Z] > git status -z -uall [23ms]
[2022-06-12T16:40:53.883Z] > git symbolic-ref --short HEAD [1ms]
[2022-06-12T16:40:53.895Z] > git for-each-ref --format=%(refname)%00%(upstream:short)%00%(objectname)%00%(upstream:track)%00%(upstream:remotename)%00%(upstream:remoteref) refs/heads/mysql_branch refs/remotes/mysql_branch [2ms]
[2022-06-12T16:40:53.908Z] > git for-each-ref --sort -committerdate --format %(refname) %(objectname) %(*objectname) [6ms]
[2022-06-12T16:40:53.910Z] > git remote --verbose [3ms]
[2022-06-12T16:40:53.931Z] > git config --get commit.template [6ms]
[2022-06-12T16:40:58.967Z] > git status -z -uall [17ms]
[2022-06-12T16:40:58.976Z] > git symbolic-ref --short HEAD [1ms]
[2022-06-12T16:40:58.986Z] > git for-each-ref --format=%(refname)%00%(upstream:short)%00%(objectname)%00%(upstream:track)%00%(upstream:remotename)%00%(upstream:remoteref) refs/heads/mysql_branch refs/remotes/mysql_branch [2ms]
[2022-06-12T16:40:59.005Z] > git for-each-ref --sort -committerdate --format %(refname) %(objectname) %(*objectname) [12ms]
[2022-06-12T16:40:59.007Z] > git remote --verbose [8ms]
[2022-06-12T16:40:59.021Z] > git config --get commit.template [2ms]
[2022-06-12T16:41:04.049Z] > git status -z -uall [19ms]
[2022-06-12T16:41:04.057Z] > git symbolic-ref --short HEAD [2ms]
[2022-06-12T16:41:04.065Z] > git for-each-ref --format=%(refname)%00%(upstream:short)%00%(objectname)%00%(upstream:track)%00%(upstream:remotename)%00%(upstream:remoteref) refs/heads/mysql_branch refs/remotes/mysql_branch [2ms]
[2022-06-12T16:41:04.078Z] > git for-each-ref --sort -committerdate --format %(refname) %(objectname) %(*objectname) [7ms]
[2022-06-12T16:41:04.078Z] > git remote --verbose [2ms]
[2022-06-12T16:41:04.105Z] > git config --get commit.template [13ms]
[2022-06-12T16:41:09.148Z] > git status -z -uall [23ms]
[2022-06-12T16:41:09.172Z] > git symbolic-ref --short HEAD [2ms]
[2022-06-12T16:41:09.180Z] > git for-each-ref --format=%(refname)%00%(upstream:short)%00%(objectname)%00%(upstream:track)%00%(upstream:remotename)%00%(upstream:remoteref) refs/heads/mysql_branch refs/remotes/mysql_branch [2ms]
[2022-06-12T16:41:09.203Z] > git for-each-ref --sort -committerdate --format %(refname) %(objectname) %(*objectname) [17ms]
[2022-06-12T16:41:09.212Z] > git remote --verbose [10ms]
[2022-06-12T16:41:09.228Z] > git config --get commit.template [6ms]
[2022-06-12T16:41:14.253Z] > git status -z -uall [14ms]
[2022-06-12T16:41:14.263Z] > git symbolic-ref --short HEAD [2ms]
[2022-06-12T16:41:14.271Z] > git for-each-ref --format=%(refname)%00%(upstream:short)%00%(objectname)%00%(upstream:track)%00%(upstream:remotename)%00%(upstream:remoteref) refs/heads/mysql_branch refs/remotes/mysql_branch [2ms]
[2022-06-12T16:41:14.286Z] > git for-each-ref --sort -committerdate --format %(refname) %(objectname) %(*objectname) [8ms]
[2022-06-12T16:41:14.287Z] > git remote --verbose [2ms]
[2022-06-12T16:41:14.305Z] > git config --get commit.template [3ms]
[2022-06-12T16:41:19.351Z] > git status -z -uall [23ms]
[2022-06-12T16:41:19.363Z] > git symbolic-ref --short HEAD [1ms]
[2022-06-12T16:41:19.372Z] > git for-each-ref --format=%(refname)%00%(upstream:short)%00%(objectname)%00%(upstream:track)%00%(upstream:remotename)%00%(upstream:remoteref) refs/heads/mysql_branch refs/remotes/mysql_branch [2ms]
[2022-06-12T16:41:19.385Z] > git for-each-ref --sort -committerdate --format %(refname) %(objectname) %(*objectname) [8ms]
[2022-06-12T16:41:19.386Z] > git remote --verbose [2ms]
[2022-06-12T16:41:19.405Z] > git config --get commit.template [2ms]
[2022-06-12T16:41:24.447Z] > git status -z -uall [26ms]
[2022-06-12T16:41:24.463Z] > git symbolic-ref --short HEAD [2ms]
[2022-06-12T16:41:24.472Z] > git for-each-ref --format=%(refname)%00%(upstream:short)%00%(objectname)%00%(upstream:track)%00%(upstream:remotename)%00%(upstream:remoteref) refs/heads/mysql_branch refs/remotes/mysql_branch [2ms]
[2022-06-12T16:41:24.488Z] > git for-each-ref --sort -committerdate --format %(refname) %(objectname) %(*objectname) [8ms]
[2022-06-12T16:41:24.488Z] > git remote --verbose [1ms]
[2022-06-12T16:41:24.507Z] > git config --get commit.template [3ms]
[2022-06-12T16:41:29.558Z] > git status -z -uall [23ms]
[2022-06-12T16:41:29.569Z] > git symbolic-ref --short HEAD [2ms]
[2022-06-12T16:41:29.579Z] > git for-each-ref --format=%(refname)%00%(upstream:short)%00%(objectname)%00%(upstream:track)%00%(upstream:remotename)%00%(upstream:remoteref) refs/heads/mysql_branch refs/remotes/mysql_branch [2ms]
[2022-06-12T16:41:29.592Z] > git for-each-ref --sort -committerdate --format %(refname) %(objectname) %(*objectname) [7ms]
[2022-06-12T16:41:29.594Z] > git remote --verbose [2ms]
[2022-06-12T16:41:29.610Z] > git config --get commit.template [2ms]
[2022-06-12T16:41:34.636Z] > git status -z -uall [12ms]
[2022-06-12T16:41:34.651Z] > git symbolic-ref --short HEAD [2ms]
[2022-06-12T16:41:34.664Z] > git for-each-ref --format=%(refname)%00%(upstream:short)%00%(objectname)%00%(upstream:track)%00%(upstream:remotename)%00%(upstream:remoteref) refs/heads/mysql_branch refs/remotes/mysql_branch [3ms]
[2022-06-12T16:41:34.689Z] > git for-each-ref --sort -committerdate --format %(refname) %(objectname) %(*objectname) [16ms]
[2022-06-12T16:41:34.694Z] > git remote --verbose [10ms]
[2022-06-12T16:41:34.720Z] > git config --get commit.template [4ms]
[2022-06-12T16:41:39.760Z] > git status -z -uall [26ms]
[2022-06-12T16:41:39.773Z] > git symbolic-ref --short HEAD [2ms]
[2022-06-12T16:41:39.782Z] > git for-each-ref --format=%(refname)%00%(upstream:short)%00%(objectname)%00%(upstream:track)%00%(upstream:remotename)%00%(upstream:remoteref) refs/heads/mysql_branch refs/remotes/mysql_branch [2ms]
[2022-06-12T16:41:39.799Z] > git for-each-ref --sort -committerdate --format %(refname) %(objectname) %(*objectname) [9ms]
[2022-06-12T16:41:39.799Z] > git remote --verbose [2ms]
[2022-06-12T16:41:39.818Z] > git config --get commit.template [3ms]
[2022-06-12T16:41:44.849Z] > git status -z -uall [16ms]
[2022-06-12T16:41:44.860Z] > git symbolic-ref --short HEAD [4ms]
[2022-06-12T16:41:44.869Z] > git for-each-ref --format=%(refname)%00%(upstream:short)%00%(objectname)%00%(upstream:track)%00%(upstream:remotename)%00%(upstream:remoteref) refs/heads/mysql_branch refs/remotes/mysql_branch [2ms]
[2022-06-12T16:41:44.897Z] > git for-each-ref --sort -committerdate --format %(refname) %(objectname) %(*objectname) [21ms]
[2022-06-12T16:41:44.897Z] > git remote --verbose [1ms]
[2022-06-12T16:41:44.913Z] > git config --get commit.template [2ms]
[2022-06-12T16:41:49.956Z] > git status -z -uall [29ms]
[2022-06-12T16:41:49.971Z] > git symbolic-ref --short HEAD [3ms]
[2022-06-12T16:41:49.994Z] > git for-each-ref --format=%(refname)%00%(upstream:short)%00%(objectname)%00%(upstream:track)%00%(upstream:remotename)%00%(upstream:remoteref) refs/heads/mysql_branch refs/remotes/mysql_branch [7ms]
[2022-06-12T16:41:50.016Z] > git for-each-ref --sort -committerdate --format %(refname) %(objectname) %(*objectname) [10ms]
[2022-06-12T16:41:50.017Z] > git remote --verbose [2ms]
[2022-06-12T16:41:50.040Z] > git config --get commit.template [7ms]
[2022-06-12T16:41:55.063Z] > git status -z -uall [14ms]
[2022-06-12T16:41:55.073Z] > git symbolic-ref --short HEAD [2ms]
[2022-06-12T16:41:55.083Z] > git for-each-ref --format=%(refname)%00%(upstream:short)%00%(objectname)%00%(upstream:track)%00%(upstream:remotename)%00%(upstream:remoteref) refs/heads/mysql_branch refs/remotes/mysql_branch [3ms]
[2022-06-12T16:41:55.100Z] > git for-each-ref --sort -committerdate --format %(refname) %(objectname) %(*objectname) [8ms]
[2022-06-12T16:41:55.101Z] > git remote --verbose [3ms]
[2022-06-12T16:41:55.115Z] > git config --get commit.template [3ms]
