[2022-06-12 18:28:43.091] [exthost] [info] Extension host with pid 7863 started
[2022-06-12 18:28:43.397] [exthost] [info] ExtensionService#_doActivateExtension vscode.microsoft-authentication, startup: false, activationEvent: 'onAuthenticationRequest:microsoft'
[2022-06-12 18:28:43.543] [exthost] [info] ExtensionService#_doActivateExtension vscode.debug-auto-launch, startup: true, activationEvent: '*'
[2022-06-12 18:28:43.552] [exthost] [info] ExtensionService#_doActivateExtension vscode.git-base, startup: true, activationEvent: '*', root cause: vscode.git
[2022-06-12 18:28:43.562] [exthost] [info] ExtensionService#_doActivateExtension vscode.ipynb, startup: true, activationEvent: '*'
[2022-06-12 18:28:43.711] [exthost] [info] ExtensionService#_doActivateExtension vscode.git, startup: true, activationEvent: '*'
[2022-06-12 18:28:43.866] [exthost] [info] ExtensionService#_doActivateExtension vscode.github, startup: true, activationEvent: '*'
[2022-06-12 18:28:44.079] [exthost] [info] Eager extensions activated
[2022-06-12 18:28:44.079] [exthost] [info] ExtensionService#_doActivateExtension vscode.github-authentication, startup: false, activationEvent: 'onAuthenticationRequest:github'
[2022-06-12 18:28:44.162] [exthost] [info] ExtensionService#_doActivateExtension vscode.emmet, startup: false, activationEvent: 'onStartupFinished'
[2022-06-12 18:28:44.189] [exthost] [info] ExtensionService#_doActivateExtension vscode.merge-conflict, startup: false, activationEvent: 'onStartupFinished'
[2022-06-12 18:28:59.450] [exthost] [info] Extension host terminating: received terminate message from renderer
[2022-06-12 18:28:59.459] [exthost] [info] Extension host with pid 7863 exiting with code 0
[2022-06-12 18:29:01.997] [exthost] [info] Extension host with pid 7936 started
[2022-06-12 18:29:01.997] [exthost] [info] Skipping acquiring lock for /home/virtuoso/Programming/UWT/DB/Language_Website/public/~./vscode-root/User/workspaceStorage/fa55084ec78497350487bf6930c26d8d.
[2022-06-12 18:29:02.112] [exthost] [info] ExtensionService#_doActivateExtension vscode.microsoft-authentication, startup: false, activationEvent: 'onAuthenticationRequest:microsoft'
[2022-06-12 18:29:02.151] [exthost] [info] ExtensionService#_doActivateExtension vscode.debug-auto-launch, startup: true, activationEvent: '*'
[2022-06-12 18:29:02.167] [exthost] [info] ExtensionService#_doActivateExtension vscode.git-base, startup: true, activationEvent: '*'
[2022-06-12 18:29:02.189] [exthost] [info] ExtensionService#_doActivateExtension vscode.ipynb, startup: true, activationEvent: '*'
[2022-06-12 18:29:02.195] [exthost] [info] ExtensionService#_doActivateExtension vscode.npm, startup: true, activationEvent: 'workspaceContains:package.json'
[2022-06-12 18:29:02.310] [exthost] [info] ExtensionService#_doActivateExtension vscode.github, startup: true, activationEvent: '*'
[2022-06-12 18:29:02.390] [exthost] [info] ExtensionService#_doActivateExtension vscode.github-authentication, startup: false, activationEvent: 'onAuthenticationRequest:github'
[2022-06-12 18:29:02.435] [exthost] [info] Eager extensions activated
[2022-06-12 18:29:02.443] [exthost] [info] ExtensionService#_doActivateExtension vscode.emmet, startup: false, activationEvent: 'onStartupFinished'
[2022-06-12 18:29:02.450] [exthost] [info] ExtensionService#_doActivateExtension vscode.merge-conflict, startup: false, activationEvent: 'onStartupFinished'
[2022-06-12 18:29:04.199] [exthost] [info] ExtensionService#_doActivateExtension vscode.git, startup: false, activationEvent: 'api', root cause: vscode.github
[2022-06-12 18:29:11.497] [exthost] [info] ExtensionService#_doActivateExtension vscode.configuration-editing, startup: false, activationEvent: 'onLanguage:json'
[2022-06-12 18:29:11.541] [exthost] [info] ExtensionService#_doActivateExtension vscode.extension-editing, startup: false, activationEvent: 'onLanguage:json'
[2022-06-12 18:29:11.598] [exthost] [info] ExtensionService#_doActivateExtension vscode.json-language-features, startup: false, activationEvent: 'onLanguage:json'
[2022-06-12 18:36:58.238] [exthost] [info] ExtensionService#_doActivateExtension vscode.typescript-language-features, startup: false, activationEvent: 'onLanguage:javascript'
[2022-06-12 18:36:58.436] [exthost] [info] ExtensionService#_doActivateExtension VisualStudioExptTeam.vscodeintellicode, startup: false, activationEvent: 'onLanguage:javascript'
[2022-06-12 18:41:56.204] [exthost] [info] Extension host terminating: received terminate message from renderer
[2022-06-12 18:41:56.314] [exthost] [info] Extension host with pid 7936 exiting with code 0
