[2022-06-11 21:16:28.979] [exthost] [info] Extension host with pid 4400 started
[2022-06-11 21:16:28.979] [exthost] [info] Skipping acquiring lock for /home/virtuoso/Programming/UWT/DB/Language_Website/public/~/.vscode-root/User/workspaceStorage/efc5dc257489ef448fcf5b241eb06e8c.
[2022-06-11 21:16:29.474] [exthost] [info] ExtensionService#_doActivateExtension vscode.microsoft-authentication, startup: false, activationEvent: 'onAuthenticationRequest:microsoft'
[2022-06-11 21:16:29.623] [exthost] [info] ExtensionService#_doActivateExtension vscode.debug-auto-launch, startup: true, activationEvent: '*'
[2022-06-11 21:16:29.638] [exthost] [info] ExtensionService#_doActivateExtension vscode.git-base, startup: true, activationEvent: '*', root cause: vscode.git
[2022-06-11 21:16:29.653] [exthost] [info] ExtensionService#_doActivateExtension vscode.ipynb, startup: true, activationEvent: '*'
[2022-06-11 21:16:29.963] [exthost] [info] ExtensionService#_doActivateExtension vscode.git, startup: true, activationEvent: '*'
[2022-06-11 21:16:30.063] [exthost] [info] ExtensionService#_doActivateExtension vscode.github, startup: true, activationEvent: '*'
[2022-06-11 21:16:30.656] [exthost] [info] Eager extensions activated
[2022-06-11 21:16:31.177] [exthost] [info] ExtensionService#_doActivateExtension vscode.emmet, startup: false, activationEvent: 'onStartupFinished'
[2022-06-11 21:16:31.264] [exthost] [info] ExtensionService#_doActivateExtension vscode.merge-conflict, startup: false, activationEvent: 'onStartupFinished'
[2022-06-11 21:16:32.192] [exthost] [info] ExtensionService#_doActivateExtension vscode.github-authentication, startup: false, activationEvent: 'onAuthenticationRequest:github'
[2022-06-11 21:16:50.464] [exthost] [info] Extension host terminating: received terminate message from renderer
[2022-06-11 21:16:50.489] [exthost] [info] Extension host with pid 4400 exiting with code 0
[2022-06-11 21:16:55.881] [exthost] [info] Extension host with pid 4484 started
[2022-06-11 21:16:55.884] [exthost] [info] Skipping acquiring lock for /home/virtuoso/Programming/UWT/DB/Language_Website/public/~/.vscode-root/User/workspaceStorage/fa55084ec78497350487bf6930c26d8d.
[2022-06-11 21:16:56.288] [exthost] [info] ExtensionService#_doActivateExtension vscode.microsoft-authentication, startup: false, activationEvent: 'onAuthenticationRequest:microsoft'
[2022-06-11 21:16:56.367] [exthost] [info] ExtensionService#_doActivateExtension vscode.debug-auto-launch, startup: true, activationEvent: '*'
[2022-06-11 21:16:56.381] [exthost] [info] ExtensionService#_doActivateExtension vscode.git-base, startup: true, activationEvent: '*', root cause: vscode.git
[2022-06-11 21:16:56.398] [exthost] [info] ExtensionService#_doActivateExtension vscode.ipynb, startup: true, activationEvent: '*'
[2022-06-11 21:16:56.416] [exthost] [info] ExtensionService#_doActivateExtension vscode.npm, startup: true, activationEvent: 'workspaceContains:package.json'
[2022-06-11 21:16:56.797] [exthost] [info] ExtensionService#_doActivateExtension vscode.git, startup: true, activationEvent: '*'
[2022-06-11 21:16:56.914] [exthost] [info] ExtensionService#_doActivateExtension vscode.github, startup: true, activationEvent: '*'
[2022-06-11 21:16:57.619] [exthost] [info] Eager extensions activated
[2022-06-11 21:16:57.710] [exthost] [info] ExtensionService#_doActivateExtension vscode.emmet, startup: false, activationEvent: 'onStartupFinished'
[2022-06-11 21:16:57.734] [exthost] [info] ExtensionService#_doActivateExtension vscode.merge-conflict, startup: false, activationEvent: 'onStartupFinished'
[2022-06-11 21:16:57.934] [exthost] [info] ExtensionService#_doActivateExtension vscode.github-authentication, startup: false, activationEvent: 'onAuthenticationRequest:github'
[2022-06-11 21:18:10.704] [exthost] [info] ExtensionService#_doActivateExtension vscode.typescript-language-features, startup: false, activationEvent: 'onLanguage:javascript'
[2022-06-11 21:18:11.069] [exthost] [info] ExtensionService#_doActivateExtension VisualStudioExptTeam.vscodeintellicode, startup: false, activationEvent: 'onLanguage:javascript'
[2022-06-11 21:33:14.959] [exthost] [info] ExtensionService#_doActivateExtension vscode.css-language-features, startup: false, activationEvent: 'onLanguage:css'
[2022-06-11 21:55:35.764] [exthost] [info] ExtensionService#_doActivateExtension vscode.configuration-editing, startup: false, activationEvent: 'onLanguage:json'
[2022-06-11 21:55:35.825] [exthost] [info] ExtensionService#_doActivateExtension vscode.extension-editing, startup: false, activationEvent: 'onLanguage:json'
[2022-06-11 21:55:36.007] [exthost] [info] ExtensionService#_doActivateExtension vscode.json-language-features, startup: false, activationEvent: 'onLanguage:json'
[2022-06-11 22:38:35.827] [exthost] [warning] [Decorations] CAPPING events from decorations provider vscode.git 252
[2022-06-11 22:38:40.996] [exthost] [warning] [Decorations] CAPPING events from decorations provider vscode.git 252
[2022-06-11 22:38:46.136] [exthost] [warning] [Decorations] CAPPING events from decorations provider vscode.git 252
[2022-06-11 22:38:51.248] [exthost] [warning] [Decorations] CAPPING events from decorations provider vscode.git 252
[2022-06-11 22:38:56.406] [exthost] [warning] [Decorations] CAPPING events from decorations provider vscode.git 252
[2022-06-11 22:39:01.531] [exthost] [warning] [Decorations] CAPPING events from decorations provider vscode.git 252
[2022-06-11 22:39:06.684] [exthost] [warning] [Decorations] CAPPING events from decorations provider vscode.git 252
[2022-06-11 22:39:11.785] [exthost] [warning] [Decorations] CAPPING events from decorations provider vscode.git 252
[2022-06-11 22:39:16.924] [exthost] [warning] [Decorations] CAPPING events from decorations provider vscode.git 252
[2022-06-11 22:39:22.026] [exthost] [warning] [Decorations] CAPPING events from decorations provider vscode.git 252
[2022-06-11 22:39:30.695] [exthost] [warning] [Decorations] CAPPING events from decorations provider vscode.git 252
[2022-06-11 22:39:35.864] [exthost] [warning] [Decorations] CAPPING events from decorations provider vscode.git 252
[2022-06-11 22:39:41.027] [exthost] [warning] [Decorations] CAPPING events from decorations provider vscode.git 252
[2022-06-11 22:39:46.196] [exthost] [warning] [Decorations] CAPPING events from decorations provider vscode.git 252
[2022-06-11 22:39:51.392] [exthost] [warning] [Decorations] CAPPING events from decorations provider vscode.git 252
[2022-06-11 22:39:56.601] [exthost] [warning] [Decorations] CAPPING events from decorations provider vscode.git 252
[2022-06-11 22:40:01.786] [exthost] [warning] [Decorations] CAPPING events from decorations provider vscode.git 252
[2022-06-11 22:40:07.008] [exthost] [warning] [Decorations] CAPPING events from decorations provider vscode.git 252
[2022-06-11 22:40:12.164] [exthost] [warning] [Decorations] CAPPING events from decorations provider vscode.git 252
[2022-06-11 22:40:17.325] [exthost] [warning] [Decorations] CAPPING events from decorations provider vscode.git 252
[2022-06-11 22:40:22.452] [exthost] [warning] [Decorations] CAPPING events from decorations provider vscode.git 252
[2022-06-11 22:40:27.611] [exthost] [warning] [Decorations] CAPPING events from decorations provider vscode.git 252
[2022-06-11 22:40:32.830] [exthost] [warning] [Decorations] CAPPING events from decorations provider vscode.git 252
[2022-06-11 22:40:56.297] [exthost] [warning] [Decorations] CAPPING events from decorations provider vscode.git 252
[2022-06-11 22:41:01.419] [exthost] [warning] [Decorations] CAPPING events from decorations provider vscode.git 252
[2022-06-11 22:41:06.711] [exthost] [warning] [Decorations] CAPPING events from decorations provider vscode.git 252
[2022-06-11 22:41:11.863] [exthost] [warning] [Decorations] CAPPING events from decorations provider vscode.git 252
[2022-06-11 22:41:17.029] [exthost] [warning] [Decorations] CAPPING events from decorations provider vscode.git 252
[2022-06-11 22:41:22.210] [exthost] [warning] [Decorations] CAPPING events from decorations provider vscode.git 252
[2022-06-11 22:41:27.391] [exthost] [warning] [Decorations] CAPPING events from decorations provider vscode.git 253
[2022-06-11 22:41:32.740] [exthost] [warning] [Decorations] CAPPING events from decorations provider vscode.git 253
[2022-06-11 22:41:37.910] [exthost] [warning] [Decorations] CAPPING events from decorations provider vscode.git 253
[2022-06-11 22:41:43.175] [exthost] [warning] [Decorations] CAPPING events from decorations provider vscode.git 253
[2022-06-11 22:41:48.370] [exthost] [warning] [Decorations] CAPPING events from decorations provider vscode.git 254
[2022-06-11 22:41:53.577] [exthost] [warning] [Decorations] CAPPING events from decorations provider vscode.git 254
[2022-06-11 22:41:58.677] [exthost] [warning] [Decorations] CAPPING events from decorations provider vscode.git 253
[2022-06-11 22:42:03.922] [exthost] [warning] [Decorations] CAPPING events from decorations provider vscode.git 253
[2022-06-11 22:42:09.299] [exthost] [info] Extension host terminating: received terminate message from renderer
[2022-06-11 22:42:09.566] [exthost] [info] Extension host with pid 4484 exiting with code 0
