[2022-06-11T19:15:15.537Z] Log level: Info
[2022-06-11T19:15:15.539Z] [info] Validating found git in: git
[2022-06-11T19:15:15.585Z] [info] Using git 2.36.1 from git
[2022-06-11T19:15:15.612Z] > git rev-parse --show-toplevel [7ms]
[2022-06-11T19:15:15.647Z] > git rev-parse --git-dir --git-common-dir [8ms]
[2022-06-11T19:15:15.662Z] [info] Open repository: /home/virtuoso/Programming/UWT/DB/Language_Website
[2022-06-11T19:15:15.705Z] > git status -z -uall [23ms]
[2022-06-11T19:15:15.720Z] > git symbolic-ref --short HEAD [2ms]
[2022-06-11T19:15:15.778Z] > git for-each-ref --format=%(refname)%00%(upstream:short)%00%(objectname)%00%(upstream:track)%00%(upstream:remotename)%00%(upstream:remoteref) refs/heads/mysql_branch refs/remotes/mysql_branch [21ms]
[2022-06-11T19:15:15.919Z] > git remote --verbose [33ms]
[2022-06-11T19:15:15.920Z] > git for-each-ref --sort -committerdate --format %(refname) %(objectname) %(*objectname) [81ms]
[2022-06-11T19:15:16.421Z] > git config --get commit.template [353ms]
[2022-06-11T19:15:16.458Z] > git check-ignore -v -z --stdin [24ms]
[2022-06-11T19:15:18.327Z] > git status -z -uall [9ms]
[2022-06-11T19:15:18.355Z] > git symbolic-ref --short HEAD [6ms]
[2022-06-11T19:15:18.386Z] > git for-each-ref --format=%(refname)%00%(upstream:short)%00%(objectname)%00%(upstream:track)%00%(upstream:remotename)%00%(upstream:remoteref) refs/heads/mysql_branch refs/remotes/mysql_branch [9ms]
[2022-06-11T19:15:18.440Z] > git for-each-ref --sort -committerdate --format %(refname) %(objectname) %(*objectname) [31ms]
[2022-06-11T19:15:18.446Z] > git remote --verbose [11ms]
[2022-06-11T19:15:18.504Z] > git config --get commit.template [16ms]
[2022-06-11T19:15:23.519Z] > git status -z -uall [5ms]
[2022-06-11T19:15:23.529Z] > git symbolic-ref --short HEAD [2ms]
[2022-06-11T19:15:23.544Z] > git for-each-ref --format=%(refname)%00%(upstream:short)%00%(objectname)%00%(upstream:track)%00%(upstream:remotename)%00%(upstream:remoteref) refs/heads/mysql_branch refs/remotes/mysql_branch [2ms]
[2022-06-11T19:15:23.581Z] > git remote --verbose [5ms]
[2022-06-11T19:15:23.587Z] > git for-each-ref --sort -committerdate --format %(refname) %(objectname) %(*objectname) [29ms]
[2022-06-11T19:15:23.625Z] > git config --get commit.template [6ms]
[2022-06-11T19:15:28.642Z] > git status -z -uall [7ms]
[2022-06-11T19:15:28.657Z] > git symbolic-ref --short HEAD [5ms]
[2022-06-11T19:15:28.670Z] > git for-each-ref --format=%(refname)%00%(upstream:short)%00%(objectname)%00%(upstream:track)%00%(upstream:remotename)%00%(upstream:remoteref) refs/heads/mysql_branch refs/remotes/mysql_branch [4ms]
[2022-06-11T19:15:28.712Z] > git for-each-ref --sort -committerdate --format %(refname) %(objectname) %(*objectname) [25ms]
[2022-06-11T19:15:28.715Z] > git remote --verbose [9ms]
[2022-06-11T19:15:28.770Z] > git config --get commit.template [29ms]
[2022-06-11T19:15:34.279Z] > git status -z -uall [16ms]
[2022-06-11T19:15:34.299Z] > git symbolic-ref --short HEAD [3ms]
[2022-06-11T19:15:34.357Z] > git for-each-ref --format=%(refname)%00%(upstream:short)%00%(objectname)%00%(upstream:track)%00%(upstream:remotename)%00%(upstream:remoteref) refs/heads/mysql_branch refs/remotes/mysql_branch [22ms]
[2022-06-11T19:15:34.408Z] > git for-each-ref --sort -committerdate --format %(refname) %(objectname) %(*objectname) [32ms]
[2022-06-11T19:15:34.414Z] > git remote --verbose [15ms]
[2022-06-11T19:15:34.461Z] > git config --get commit.template [4ms]
[2022-06-11T19:15:39.483Z] > git status -z -uall [7ms]
[2022-06-11T19:15:39.502Z] > git symbolic-ref --short HEAD [5ms]
[2022-06-11T19:15:39.535Z] > git for-each-ref --format=%(refname)%00%(upstream:short)%00%(objectname)%00%(upstream:track)%00%(upstream:remotename)%00%(upstream:remoteref) refs/heads/mysql_branch refs/remotes/mysql_branch [20ms]
[2022-06-11T19:15:39.575Z] > git for-each-ref --sort -committerdate --format %(refname) %(objectname) %(*objectname) [20ms]
[2022-06-11T19:15:39.580Z] > git remote --verbose [9ms]
[2022-06-11T19:15:39.660Z] > git config --get commit.template [28ms]
[2022-06-11T19:15:44.679Z] > git status -z -uall [5ms]
[2022-06-11T19:15:44.691Z] > git symbolic-ref --short HEAD [2ms]
[2022-06-11T19:15:44.708Z] > git for-each-ref --format=%(refname)%00%(upstream:short)%00%(objectname)%00%(upstream:track)%00%(upstream:remotename)%00%(upstream:remoteref) refs/heads/mysql_branch refs/remotes/mysql_branch [3ms]
[2022-06-11T19:15:44.750Z] > git for-each-ref --sort -committerdate --format %(refname) %(objectname) %(*objectname) [24ms]
[2022-06-11T19:15:44.757Z] > git remote --verbose [11ms]
[2022-06-11T19:15:44.847Z] > git config --get commit.template [33ms]
[2022-06-11T19:15:49.865Z] > git status -z -uall [5ms]
[2022-06-11T19:15:49.880Z] > git symbolic-ref --short HEAD [3ms]
[2022-06-11T19:15:49.901Z] > git for-each-ref --format=%(refname)%00%(upstream:short)%00%(objectname)%00%(upstream:track)%00%(upstream:remotename)%00%(upstream:remoteref) refs/heads/mysql_branch refs/remotes/mysql_branch [9ms]
[2022-06-11T19:15:49.938Z] > git remote --verbose [3ms]
[2022-06-11T19:15:49.939Z] > git for-each-ref --sort -committerdate --format %(refname) %(objectname) %(*objectname) [29ms]
[2022-06-11T19:15:50.030Z] > git config --get commit.template [49ms]
[2022-06-11T19:15:55.048Z] > git status -z -uall [5ms]
[2022-06-11T19:15:55.060Z] > git symbolic-ref --short HEAD [2ms]
[2022-06-11T19:15:55.077Z] > git for-each-ref --format=%(refname)%00%(upstream:short)%00%(objectname)%00%(upstream:track)%00%(upstream:remotename)%00%(upstream:remoteref) refs/heads/mysql_branch refs/remotes/mysql_branch [1ms]
[2022-06-11T19:15:55.115Z] > git for-each-ref --sort -committerdate --format %(refname) %(objectname) %(*objectname) [28ms]
[2022-06-11T19:15:55.116Z] > git remote --verbose [6ms]
[2022-06-11T19:15:55.162Z] > git config --get commit.template [13ms]
[2022-06-11T19:16:00.189Z] > git status -z -uall [6ms]
[2022-06-11T19:16:00.220Z] > git symbolic-ref --short HEAD [10ms]
[2022-06-11T19:16:00.240Z] > git for-each-ref --format=%(refname)%00%(upstream:short)%00%(objectname)%00%(upstream:track)%00%(upstream:remotename)%00%(upstream:remoteref) refs/heads/mysql_branch refs/remotes/mysql_branch [3ms]
[2022-06-11T19:16:00.284Z] > git for-each-ref --sort -committerdate --format %(refname) %(objectname) %(*objectname) [24ms]
[2022-06-11T19:16:00.288Z] > git remote --verbose [8ms]
[2022-06-11T19:16:00.323Z] > git config --get commit.template [13ms]
[2022-06-11T19:16:05.355Z] > git status -z -uall [12ms]
[2022-06-11T19:16:05.373Z] > git symbolic-ref --short HEAD [5ms]
[2022-06-11T19:16:05.387Z] > git for-each-ref --format=%(refname)%00%(upstream:short)%00%(objectname)%00%(upstream:track)%00%(upstream:remotename)%00%(upstream:remoteref) refs/heads/mysql_branch refs/remotes/mysql_branch [4ms]
[2022-06-11T19:16:05.416Z] > git for-each-ref --sort -committerdate --format %(refname) %(objectname) %(*objectname) [21ms]
[2022-06-11T19:16:05.422Z] > git remote --verbose [12ms]
[2022-06-11T19:16:05.482Z] > git config --get commit.template [12ms]
[2022-06-11T19:16:10.501Z] > git status -z -uall [7ms]
[2022-06-11T19:16:10.535Z] > git symbolic-ref --short HEAD [4ms]
[2022-06-11T19:16:10.564Z] > git for-each-ref --format=%(refname)%00%(upstream:short)%00%(objectname)%00%(upstream:track)%00%(upstream:remotename)%00%(upstream:remoteref) refs/heads/mysql_branch refs/remotes/mysql_branch [4ms]
[2022-06-11T19:16:10.620Z] > git for-each-ref --sort -committerdate --format %(refname) %(objectname) %(*objectname) [28ms]
[2022-06-11T19:16:10.621Z] > git remote --verbose [6ms]
[2022-06-11T19:16:10.676Z] > git config --get commit.template [14ms]
[2022-06-11T19:16:15.696Z] > git status -z -uall [7ms]
[2022-06-11T19:16:15.707Z] > git symbolic-ref --short HEAD [3ms]
[2022-06-11T19:16:15.723Z] > git for-each-ref --format=%(refname)%00%(upstream:short)%00%(objectname)%00%(upstream:track)%00%(upstream:remotename)%00%(upstream:remoteref) refs/heads/mysql_branch refs/remotes/mysql_branch [2ms]
[2022-06-11T19:16:15.744Z] > git for-each-ref --sort -committerdate --format %(refname) %(objectname) %(*objectname) [11ms]
[2022-06-11T19:16:15.747Z] > git remote --verbose [4ms]
[2022-06-11T19:16:15.783Z] > git config --get commit.template [3ms]
